55.0 APEX_CODE,FINEST;APEX_PROFILING,INFO;CALLOUT,INFO;DB,INFO;NBA,INFO;SYSTEM,DEBUG;VALIDATION,INFO;VISUALFORCE,FINER;WAVE,INFO;WORKFLOW,INFO
14:45:11.0 (151871)|USER_INFO|[EXTERNAL]|0054S000000JwFC|jason.juan@libertyfund.org.jason|(GMT-05:00) Eastern Standard Time (America/Indiana/Indianapolis)|GMT-05:00
14:45:11.0 (194314)|EXECUTION_STARTED
14:45:11.0 (201435)|CODE_UNIT_STARTED|[EXTERNAL]|TRIGGERS
14:45:11.0 (241722)|CODE_UNIT_STARTED|[EXTERNAL]|01q8A0000002VR8|ProgramTrigger on Program trigger event BeforeUpdate|__sfdc_trigger/ProgramTrigger
14:45:11.0 (304788)|HEAP_ALLOCATE|[EXTERNAL]|Bytes:8
14:45:11.0 (405600)|HEAP_ALLOCATE|[EXTERNAL]|Bytes:8
14:45:11.0 (878696)|HEAP_ALLOCATE|[79]|Bytes:3
14:45:11.0 (927491)|HEAP_ALLOCATE|[84]|Bytes:152
14:45:11.0 (946560)|HEAP_ALLOCATE|[399]|Bytes:408
14:45:11.0 (965212)|HEAP_ALLOCATE|[412]|Bytes:408
14:45:11.0 (980060)|HEAP_ALLOCATE|[520]|Bytes:48
14:45:11.0 (1009982)|HEAP_ALLOCATE|[139]|Bytes:6
14:45:11.0 (1037187)|HEAP_ALLOCATE|[EXTERNAL]|Bytes:12
14:45:11.0 (1047560)|VARIABLE_SCOPE_BEGIN|[1]|this|ProgramTrigger|true|false
14:45:11.0 (1137377)|VARIABLE_ASSIGNMENT|[1]|this|{}|0x4d0907ed
14:45:11.0 (1175204)|HEAP_ALLOCATE|[EXTERNAL]|Bytes:12
14:45:11.0 (1184244)|VARIABLE_SCOPE_BEGIN|[1]|this|ProgramTrigger|true|false
14:45:11.0 (1206409)|VARIABLE_ASSIGNMENT|[1]|this|{}|0x4d0907ed
14:45:11.0 (1219886)|STATEMENT_EXECUTE|[1]
14:45:11.0 (1234019)|STATEMENT_EXECUTE|[9]
14:45:11.0 (1240405)|HEAP_ALLOCATE|[9]|Bytes:10
14:45:11.0 (1302496)|HEAP_ALLOCATE|[52]|Bytes:5
14:45:11.0 (1333280)|HEAP_ALLOCATE|[58]|Bytes:5
14:45:11.0 (1345595)|HEAP_ALLOCATE|[66]|Bytes:7
14:45:11.0 (1399828)|VARIABLE_ASSIGNMENT|[9]|this.TRIGGEROBJECT|"Program__c"|0x4d0907ed
14:45:11.0 (1408514)|STATEMENT_EXECUTE|[10]
14:45:11.0 (5168984)|HEAP_ALLOCATE|[10]|Bytes:19
14:45:11.0 (5207410)|METHOD_ENTRY|[1]|01p8A00000H3HG0|TriggerHandler.TriggerHandler()
14:45:11.0 (5229805)|STATEMENT_EXECUTE|[1]
14:45:11.0 (5235965)|STATEMENT_EXECUTE|[1]
14:45:11.0 (5270197)|HEAP_ALLOCATE|[10]|Bytes:5
14:45:11.0 (5287417)|METHOD_EXIT|[1]|TriggerHandler
14:45:11.0 (5298583)|HEAP_ALLOCATE|[10]|Bytes:8
14:45:11.0 (5352498)|CONSTRUCTOR_ENTRY|[10]|01p8A00000H3HG0|<init>(String,Boolean)|TriggerHandler
14:45:11.0 (5392543)|VARIABLE_SCOPE_BEGIN|[4]|this|TriggerHandler|true|false
14:45:11.0 (5451886)|VARIABLE_ASSIGNMENT|[4]|this|{}|0x3852fd5f
14:45:11.0 (5461654)|VARIABLE_SCOPE_BEGIN|[4]|table|String|false|false
14:45:11.0 (5483558)|VARIABLE_ASSIGNMENT|[4]|table|"Program__c"
14:45:11.0 (5492576)|VARIABLE_SCOPE_BEGIN|[4]|hasDataContainer|Boolean|false|false
14:45:11.0 (5509178)|VARIABLE_ASSIGNMENT|[4]|hasDataContainer|true
14:45:11.0 (5524129)|HEAP_ALLOCATE|[5]|Bytes:5
14:45:11.0 (5529788)|STATEMENT_EXECUTE|[1]
14:45:11.0 (5535973)|HEAP_ALLOCATE|[5]|Bytes:5
14:45:11.0 (5540171)|STATEMENT_EXECUTE|[2]
14:45:11.0 (5548999)|HEAP_ALLOCATE|[5]|Bytes:6
14:45:11.0 (6994391)|STATEMENT_EXECUTE|[4]
14:45:11.0 (6999657)|STATEMENT_EXECUTE|[5]
14:45:11.0 (7599297)|VARIABLE_SCOPE_BEGIN|[5]|objectDataContainer|DataContainerInterface|true|false
14:45:11.0 (7634859)|VARIABLE_ASSIGNMENT|[5]|objectDataContainer|null|
14:45:11.0 (7645387)|STATEMENT_EXECUTE|[6]
14:45:11.0 (8236140)|HEAP_ALLOCATE|[6]|Bytes:4
14:45:11.0 (8375022)|HEAP_ALLOCATE|[EXTERNAL]|Bytes:4
14:45:11.0 (8404910)|VARIABLE_ASSIGNMENT|[6]|this.executeFunctionsList|[]|0x3852fd5f
14:45:11.0 (8414672)|STATEMENT_EXECUTE|[7]
14:45:11.0 (9415678)|HEAP_ALLOCATE|[7]|Bytes:1
14:45:11.0 (9441681)|METHOD_ENTRY|[1]|01p8A00000H3HG5|TriggerHandlerFunctionQuery.TriggerHandlerFunctionQuery()
14:45:11.0 (9451676)|STATEMENT_EXECUTE|[1]
14:45:11.0 (9457037)|STATEMENT_EXECUTE|[1]
14:45:11.0 (9475147)|HEAP_ALLOCATE|[7]|Bytes:5
14:45:11.0 (9488001)|METHOD_EXIT|[1]|TriggerHandlerFunctionQuery
14:45:11.0 (9510389)|METHOD_ENTRY|[7]|01p8A00000H3HG5|TriggerHandlerFunctionQuery.getTriggerHandlerFunctionsByObject(String)
14:45:11.0 (9540579)|VARIABLE_SCOPE_BEGIN|[2]|objectName|String|false|false
14:45:11.0 (9574102)|VARIABLE_ASSIGNMENT|[2]|objectName|"Program__c"
14:45:11.0 (9588790)|HEAP_ALLOCATE|[3]|Bytes:5
14:45:11.0 (9596719)|STATEMENT_EXECUTE|[2]
14:45:11.0 (9599683)|STATEMENT_EXECUTE|[3]
14:45:11.0 (9607039)|HEAP_ALLOCATE|[3]|Bytes:141
14:45:11.0 (9632561)|HEAP_ALLOCATE|[3]|Bytes:4
14:45:11.0 (9646415)|HEAP_ALLOCATE|[3]|Bytes:7
14:45:11.0 (10808437)|SOQL_EXECUTE_BEGIN|[3]|Aggregations:0|SELECT ApexClass__c FROM TriggerHandlerFunction__mdt WHERE (Table__c = :tmpVar1 AND Active__c = TRUE) ORDER BY RunSequence__c ASC NULLS FIRST
14:45:11.0 (15301920)|SOQL_EXECUTE_END|[3]|Rows:6
14:45:11.0 (15348288)|HEAP_ALLOCATE|[3]|Bytes:28
14:45:11.0 (15393622)|HEAP_ALLOCATE|[3]|Bytes:397
14:45:11.0 (15508727)|HEAP_ALLOCATE|[3]|Bytes:28
14:45:11.0 (15548452)|METHOD_EXIT|[7]|01p8A00000H3HG5|TriggerHandlerFunctionQuery.getTriggerHandlerFunctionsByObject(String)
14:45:11.0 (15565880)|VARIABLE_SCOPE_BEGIN|[7]|triggerHandlerFunctionList|List<TriggerHandlerFunction__mdt>|true|false
14:45:11.0 (15610242)|VARIABLE_ASSIGNMENT|[7]|triggerHandlerFunctionList|"List of size 6 too large to display"|0x7fbd0e16
14:45:11.0 (15626279)|STATEMENT_EXECUTE|[11]
14:45:11.0 (15631525)|STATEMENT_EXECUTE|[12]
14:45:11.0 (15639592)|HEAP_ALLOCATE|[12]|Bytes:3
14:45:11.0 (15741959)|HEAP_ALLOCATE|[12]|Bytes:7
14:45:11.0 (15758202)|HEAP_ALLOCATE|[12]|Bytes:13
14:45:11.0 (15769193)|HEAP_ALLOCATE|[12]|Bytes:20
14:45:11.0 (15833506)|HEAP_ALLOCATE|[12]|Bytes:30
14:45:11.0 (15852990)|SYSTEM_METHOD_ENTRY|[1]|Type.Type()
14:45:11.0 (15857817)|STATEMENT_EXECUTE|[1]
14:45:11.0 (15868592)|SYSTEM_METHOD_EXIT|[1]|Type
14:45:11.0 (15888467)|METHOD_ENTRY|[12]||System.Type.forName(String)
14:45:11.0 (16666233)|METHOD_EXIT|[12]||System.Type.forName(String)
14:45:11.0 (16689430)|METHOD_ENTRY|[13]||System.Type.newInstance()
14:45:11.0 (16808217)|METHOD_ENTRY|[1]|01p8A00000InZlX|ProgramDataContainer.ProgramDataContainer()
14:45:11.0 (16817962)|STATEMENT_EXECUTE|[1]
14:45:11.0 (16825785)|STATEMENT_EXECUTE|[1]
14:45:11.0 (16837244)|HEAP_ALLOCATE|[6]|Bytes:5
14:45:11.0 (16845405)|STATEMENT_EXECUTE|[6]
14:45:11.0 (16861514)|HEAP_ALLOCATE|[6]|Bytes:4
14:45:11.0 (16876913)|HEAP_ALLOCATE|[7]|Bytes:9
14:45:11.0 (16935655)|HEAP_ALLOCATE|[6]|Bytes:5
14:45:11.0 (16952129)|HEAP_ALLOCATE|[8]|Bytes:10
14:45:11.0 (16965211)|HEAP_ALLOCATE|[6]|Bytes:5
14:45:11.0 (16973956)|HEAP_ALLOCATE|[9]|Bytes:11
14:45:11.0 (16985422)|HEAP_ALLOCATE|[6]|Bytes:5
14:45:11.0 (16995916)|HEAP_ALLOCATE|[10]|Bytes:18
14:45:11.0 (17007085)|HEAP_ALLOCATE|[6]|Bytes:5
14:45:11.0 (17062804)|VARIABLE_ASSIGNMENT|[6]|ProgramDataContainer.hasLoadedMap|{"Checklist":false,"Narratives":false,"GroupMember":false,"DocumentGeneration":false}|0x6b1a16d7
14:45:11.0 (17080700)|METHOD_EXIT|[1]|ProgramDataContainer
14:45:11.0 (17090516)|HEAP_ALLOCATE|[42]|Bytes:20
14:45:11.0 (17099924)|VARIABLE_SCOPE_BEGIN|[1]|this|ProgramDataContainer|true|false
14:45:11.0 (17145327)|VARIABLE_ASSIGNMENT|[1]|this|{}|0x3cfbb405
14:45:11.0 (17158975)|HEAP_ALLOCATE|[42]|Bytes:5
14:45:11.0 (17180798)|STATEMENT_EXECUTE|[1]
14:45:11.0 (17186935)|HEAP_ALLOCATE|[42]|Bytes:5
14:45:11.0 (17191765)|STATEMENT_EXECUTE|[2]
14:45:11.0 (17194416)|STATEMENT_EXECUTE|[3]
14:45:11.0 (17197044)|STATEMENT_EXECUTE|[4]
14:45:11.0 (17201379)|STATEMENT_EXECUTE|[5]
14:45:11.0 (17219997)|METHOD_EXIT|[13]||System.Type.newInstance()
14:45:11.0 (17249714)|VARIABLE_ASSIGNMENT|[12]|objectDataContainer|{}|0x3cfbb405
14:45:11.0 (17260676)|STATEMENT_EXECUTE|[14]
14:45:11.0 (17274615)|METHOD_ENTRY|[14]|01p8A00000InZlX|ProgramDataContainer.intialize()
14:45:11.0 (17291361)|VARIABLE_SCOPE_BEGIN|[13]|this|ProgramDataContainer|true|false
14:45:11.0 (17312861)|VARIABLE_ASSIGNMENT|[13]|this|{}|0x3cfbb405
14:45:11.0 (17326752)|HEAP_ALLOCATE|[14]|Bytes:5
14:45:11.0 (17331886)|STATEMENT_EXECUTE|[13]
14:45:11.0 (17343230)|METHOD_ENTRY|[14]|01p8A00000InZlX|ProgramDataContainer.hasLoaded(String)
14:45:11.0 (17358890)|VARIABLE_SCOPE_BEGIN|[31]|objectName|String|false|false
14:45:11.0 (17375556)|VARIABLE_ASSIGNMENT|[31]|objectName|"Checklist"
14:45:11.0 (17386596)|HEAP_ALLOCATE|[32]|Bytes:5
14:45:11.0 (17391331)|STATEMENT_EXECUTE|[31]
14:45:11.0 (17425705)|STATEMENT_EXECUTE|[32]
14:45:11.0 (17428465)|STATEMENT_EXECUTE|[33]
14:45:11.0 (17449412)|VARIABLE_SCOPE_BEGIN|[33]|loaded|Boolean|false|false
14:45:11.0 (17469224)|VARIABLE_ASSIGNMENT|[33]|loaded|false
14:45:11.0 (17479503)|STATEMENT_EXECUTE|[34]
14:45:11.0 (17482209)|STATEMENT_EXECUTE|[35]
14:45:11.0 (17501009)|HEAP_ALLOCATE|[35]|Bytes:5
14:45:11.0 (17516606)|STATEMENT_EXECUTE|[37]
14:45:11.0 (17523246)|METHOD_EXIT|[14]|01p8A00000InZlX|ProgramDataContainer.hasLoaded(String)
14:45:11.0 (17533839)|STATEMENT_EXECUTE|[14]
14:45:11.0 (17536491)|STATEMENT_EXECUTE|[15]
14:45:11.0 (18005527)|HEAP_ALLOCATE|[15]|Bytes:2
14:45:11.0 (18021877)|HEAP_ALLOCATE|[15]|Bytes:4
14:45:11.0 (18039818)|CONSTRUCTOR_ENTRY|[15]|01p8A00000H3Kbh|<init>()|QueriesbyObject.QueriesChecklist
14:45:11.0 (18065224)|VARIABLE_SCOPE_BEGIN|[57]|this|QueriesbyObject.QueriesChecklist|true|false
14:45:11.0 (18102684)|VARIABLE_ASSIGNMENT|[57]|this|{}|0x416e544e
14:45:11.0 (18129116)|STATEMENT_EXECUTE|[57]
14:45:11.0 (18134331)|CONSTRUCTOR_EXIT|[15]|01p8A00000H3Kbh|<init>()|QueriesbyObject.QueriesChecklist
14:45:11.0 (18152839)|METHOD_ENTRY|[15]|01p8A00000H3Kbh|QueriesbyObject.QueriesChecklist.getActiveChecklist()
14:45:11.0 (18166838)|VARIABLE_SCOPE_BEGIN|[58]|this|QueriesbyObject.QueriesChecklist|true|false
14:45:11.0 (18185260)|VARIABLE_ASSIGNMENT|[58]|this|{}|0x416e544e
14:45:11.0 (18197671)|STATEMENT_EXECUTE|[58]
14:45:11.0 (18200351)|STATEMENT_EXECUTE|[59]
14:45:11.0 (18360628)|HEAP_ALLOCATE|[59]|Bytes:4
14:45:11.0 (18405362)|VARIABLE_SCOPE_BEGIN|[59]|checklistMap|Map<Id,List<Checklist__c>>|true|false
14:45:11.0 (18432269)|VARIABLE_ASSIGNMENT|[59]|checklistMap|{}|0x33c4e69a
14:45:11.0 (18443891)|STATEMENT_EXECUTE|[60]
14:45:11.0 (18448904)|HEAP_ALLOCATE|[60]|Bytes:125
14:45:11.0 (18463114)|HEAP_ALLOCATE|[60]|Bytes:4
14:45:11.0 (19568095)|SOQL_EXECUTE_BEGIN|[60]|Aggregations:0|SELECT Id, Body__c, DaysTaskDue__c, EmailReminderDays__c, Name, SubStage__c, Type__c FROM Checklist__c WHERE Active__c = TRUE
14:45:11.0 (25397277)|SOQL_EXECUTE_END|[60]|Rows:2
14:45:11.0 (25443939)|HEAP_ALLOCATE|[60]|Bytes:12
14:45:11.0 (25490788)|HEAP_ALLOCATE|[60]|Bytes:465
14:45:11.0 (25560807)|HEAP_ALLOCATE|[60]|Bytes:12
14:45:11.0 (25622322)|VARIABLE_SCOPE_BEGIN|[60]|checklistList|List<Checklist__c>|true|false
14:45:11.0 (25714891)|VARIABLE_ASSIGNMENT|[60]|checklistList|[{"Id":"a008A0000051d1sQAA","Body__c":"12454","DaysTaskDue__c":1,"EmailReminderDays__c":12,"Name":"News Email","SubStage__c":"Transfer","Type__c":"Co-Sponsor"},{"Id":"a008A0000051d1nQAA","Body__c":"This is a testings","DaysTaskDue__c":10,"EmailReminderDays__c":1,"Name":"Email","SubStage__c":"Exploratory - Initia (3 more) ...","Type__c":"Co-Sponsor"}]|0x3946c30c
14:45:11.0 (25733156)|STATEMENT_EXECUTE|[65]
14:45:11.0 (25819950)|HEAP_ALLOCATE|[65]|Bytes:2
14:45:11.0 (25837025)|HEAP_ALLOCATE|[65]|Bytes:4
14:45:11.0 (25861790)|CONSTRUCTOR_ENTRY|[65]|01p8A00000H3Kbh|<init>()|QueriesbyObject.QueriesRecordType
14:45:11.0 (25900858)|VARIABLE_SCOPE_BEGIN|[33]|this|QueriesbyObject.QueriesRecordType|true|false
14:45:11.0 (25960345)|VARIABLE_ASSIGNMENT|[33]|this|{}|0x2adf9b70
14:45:11.0 (26002662)|STATEMENT_EXECUTE|[33]
14:45:11.0 (26011223)|CONSTRUCTOR_EXIT|[65]|01p8A00000H3Kbh|<init>()|QueriesbyObject.QueriesRecordType
14:45:11.0 (26053188)|VARIABLE_SCOPE_BEGIN|[2]|QueriesbyObject.PROGRAMOBJECT|String|false|true
14:45:11.0 (26066067)|HEAP_ALLOCATE|[66]|Bytes:181
14:45:11.0 (26072379)|HEAP_ALLOCATE|[66]|Bytes:10
14:45:11.0 (26087607)|VARIABLE_ASSIGNMENT|[66]|QueriesbyObject.PROGRAMOBJECT|"Program__c"
14:45:11.0 (26109289)|METHOD_ENTRY|[1]|01p8A00000H3Kbh|QueriesbyObject.QueriesbyObject()
14:45:11.0 (26118022)|STATEMENT_EXECUTE|[1]
14:45:11.0 (26124106)|STATEMENT_EXECUTE|[1]
14:45:11.0 (26140981)|HEAP_ALLOCATE|[66]|Bytes:5
14:45:11.0 (26146353)|STATEMENT_EXECUTE|[4]
14:45:11.0 (26149096)|STATEMENT_EXECUTE|[33]
14:45:11.0 (26152587)|STATEMENT_EXECUTE|[39]
14:45:11.0 (26156358)|STATEMENT_EXECUTE|[45]
14:45:11.0 (26160649)|STATEMENT_EXECUTE|[57]
14:45:11.0 (26165048)|STATEMENT_EXECUTE|[84]
14:45:11.0 (26174429)|STATEMENT_EXECUTE|[99]
14:45:11.0 (26177495)|STATEMENT_EXECUTE|[110]
14:45:11.0 (26188757)|METHOD_EXIT|[1]|QueriesbyObject
14:45:11.0 (26210331)|METHOD_ENTRY|[66]|01p8A00000H3Kbh|QueriesbyObject.QueriesRecordType.getRecordTypeByObject(String)
14:45:11.0 (26239240)|VARIABLE_SCOPE_BEGIN|[34]|this|QueriesbyObject.QueriesRecordType|true|false
14:45:11.0 (26263188)|VARIABLE_ASSIGNMENT|[34]|this|{}|0x2adf9b70
14:45:11.0 (26269565)|VARIABLE_SCOPE_BEGIN|[34]|sObjectType|String|false|false
14:45:11.0 (26280828)|VARIABLE_ASSIGNMENT|[34]|sObjectType|"Program__c"
14:45:11.0 (26290520)|STATEMENT_EXECUTE|[34]
14:45:11.0 (26293347)|STATEMENT_EXECUTE|[35]
14:45:11.0 (26301095)|HEAP_ALLOCATE|[35]|Bytes:60
14:45:11.0 (26330207)|HEAP_ALLOCATE|[35]|Bytes:4
14:45:11.0 (26742599)|SOQL_EXECUTE_BEGIN|[35]|Aggregations:0|SELECT Id, Name FROM RecordType WHERE SobjectType = :tmpVar1
14:45:11.0 (60884927)|SOQL_EXECUTE_END|[35]|Rows:3
14:45:11.0 (60929990)|HEAP_ALLOCATE|[35]|Bytes:16
14:45:11.0 (60974074)|HEAP_ALLOCATE|[35]|Bytes:130
14:45:11.0 (61085500)|HEAP_ALLOCATE|[35]|Bytes:16
14:45:11.0 (61119188)|METHOD_EXIT|[66]|01p8A00000H3Kbh|QueriesbyObject.QueriesRecordType.getRecordTypeByObject(String)
14:45:11.0 (61138124)|VARIABLE_SCOPE_BEGIN|[65]|recordTypeList|List<RecordType>|true|false
14:45:11.0 (61199031)|VARIABLE_ASSIGNMENT|[65]|recordTypeList|[{"Id":"0128A000002DIGJQA4","Name":"Co-Sponsor"},{"Id":"0128A000002DIGKQA4","Name":"Core"},{"Id":"0128A000002DIGLQA4","Name":"Other"}]|0x1a0f76e1
14:45:11.0 (61490921)|HEAP_ALLOCATE|[68]|Bytes:5
14:45:11.0 (61532173)|HEAP_ALLOCATE|[68]|Bytes:32
14:45:11.0 (61547496)|VARIABLE_SCOPE_BEGIN|[68]|checklist|Checklist__c|true|false
14:45:11.0 (61588100)|VARIABLE_ASSIGNMENT|[68]|checklist|{"Id":"a008A0000051d1sQAA","Body__c":"12454","DaysTaskDue__c":1,"EmailReminderDays__c":12,"Name":"News Email","SubStage__c":"Transfer","Type__c":"Co-Sponsor"}|0x221a2dfe
14:45:11.0 (61602131)|STATEMENT_EXECUTE|[68]
14:45:11.0 (61691947)|HEAP_ALLOCATE|[69]|Bytes:5
14:45:11.0 (61728859)|HEAP_ALLOCATE|[69]|Bytes:12
14:45:11.0 (61738458)|VARIABLE_SCOPE_BEGIN|[69]|recordType|RecordType|true|false
14:45:11.0 (61763974)|VARIABLE_ASSIGNMENT|[69]|recordType|{"Id":"0128A000002DIGJQA4","Name":"Co-Sponsor"}|0x478c245e
14:45:11.0 (61775099)|STATEMENT_EXECUTE|[69]
14:45:11.0 (61869492)|STATEMENT_EXECUTE|[70]
14:45:11.0 (61936336)|STATEMENT_EXECUTE|[71]
14:45:11.0 (61939662)|STATEMENT_EXECUTE|[72]
14:45:11.0 (61958535)|HEAP_ALLOCATE|[72]|Bytes:4
14:45:11.0 (62012154)|HEAP_ALLOCATE|[EXTERNAL]|Bytes:8
14:45:11.0 (62020397)|HEAP_ALLOCATE|[EXTERNAL]|Bytes:-4
14:45:11.0 (62042730)|HEAP_ALLOCATE|[69]|Bytes:5
14:45:11.0 (62058185)|HEAP_ALLOCATE|[69]|Bytes:12
14:45:11.0 (62067785)|VARIABLE_SCOPE_BEGIN|[69]|recordType|RecordType|true|false
14:45:11.0 (62093233)|VARIABLE_ASSIGNMENT|[69]|recordType|{"Id":"0128A000002DIGKQA4","Name":"Core"}|0x35d0f293
14:45:11.0 (62103819)|STATEMENT_EXECUTE|[69]
14:45:11.0 (62118285)|STATEMENT_EXECUTE|[70]
14:45:11.0 (62127065)|HEAP_ALLOCATE|[69]|Bytes:5
14:45:11.0 (62139415)|HEAP_ALLOCATE|[69]|Bytes:12
14:45:11.0 (62147713)|VARIABLE_SCOPE_BEGIN|[69]|recordType|RecordType|true|false
14:45:11.0 (62167513)|VARIABLE_ASSIGNMENT|[69]|recordType|{"Id":"0128A000002DIGLQA4","Name":"Other"}|0x70a27c1b
14:45:11.0 (62177443)|STATEMENT_EXECUTE|[69]
14:45:11.0 (62185703)|STATEMENT_EXECUTE|[70]
14:45:11.0 (62193790)|HEAP_ALLOCATE|[69]|Bytes:5
14:45:11.0 (62209342)|VARIABLE_ASSIGNMENT|[69]|recordType|null|
14:45:11.0 (62235942)|HEAP_ALLOCATE|[68]|Bytes:5
14:45:11.0 (62247944)|HEAP_ALLOCATE|[68]|Bytes:32
14:45:11.0 (62256641)|VARIABLE_SCOPE_BEGIN|[68]|checklist|Checklist__c|true|false
14:45:11.0 (62289766)|VARIABLE_ASSIGNMENT|[68]|checklist|{"Id":"a008A0000051d1nQAA","Body__c":"This is a testings","DaysTaskDue__c":10,"EmailReminderDays__c":1,"Name":"Email","SubStage__c":"Exploratory - Initia (3 more) ...","Type__c":"Co-Sponsor"}|0x562a0885
14:45:11.0 (62302447)|STATEMENT_EXECUTE|[68]
14:45:11.0 (62320479)|HEAP_ALLOCATE|[69]|Bytes:5
14:45:11.0 (62332257)|HEAP_ALLOCATE|[69]|Bytes:12
14:45:11.0 (62340484)|VARIABLE_SCOPE_BEGIN|[69]|recordType|RecordType|true|false
14:45:11.0 (62360174)|VARIABLE_ASSIGNMENT|[69]|recordType|{"Id":"0128A000002DIGJQA4","Name":"Co-Sponsor"}|0x478c245e
14:45:11.0 (62368172)|STATEMENT_EXECUTE|[69]
14:45:11.0 (62383761)|STATEMENT_EXECUTE|[70]
14:45:11.0 (62418862)|STATEMENT_EXECUTE|[73]
14:45:11.0 (62423579)|STATEMENT_EXECUTE|[74]
14:45:11.0 (62497669)|HEAP_ALLOCATE|[EXTERNAL]|Bytes:4
14:45:11.0 (62516401)|HEAP_ALLOCATE|[69]|Bytes:5
14:45:11.0 (62527751)|HEAP_ALLOCATE|[69]|Bytes:12
14:45:11.0 (62536464)|VARIABLE_SCOPE_BEGIN|[69]|recordType|RecordType|true|false
14:45:11.0 (62559016)|VARIABLE_ASSIGNMENT|[69]|recordType|{"Id":"0128A000002DIGKQA4","Name":"Core"}|0x35d0f293
14:45:11.0 (62573916)|STATEMENT_EXECUTE|[69]
14:45:11.0 (62588676)|STATEMENT_EXECUTE|[70]
14:45:11.0 (62596842)|HEAP_ALLOCATE|[69]|Bytes:5
14:45:11.0 (62608384)|HEAP_ALLOCATE|[69]|Bytes:12
14:45:11.0 (62614068)|VARIABLE_SCOPE_BEGIN|[69]|recordType|RecordType|true|false
14:45:11.0 (62633929)|VARIABLE_ASSIGNMENT|[69]|recordType|{"Id":"0128A000002DIGLQA4","Name":"Other"}|0x70a27c1b
14:45:11.0 (62643944)|STATEMENT_EXECUTE|[69]
14:45:11.0 (62651807)|STATEMENT_EXECUTE|[70]
14:45:11.0 (62661438)|HEAP_ALLOCATE|[69]|Bytes:5
14:45:11.0 (62675232)|VARIABLE_ASSIGNMENT|[69]|recordType|null|
14:45:11.0 (62687780)|HEAP_ALLOCATE|[68]|Bytes:5
14:45:11.0 (62700992)|VARIABLE_ASSIGNMENT|[68]|checklist|null|
14:45:11.0 (62708801)|STATEMENT_EXECUTE|[80]
14:45:11.0 (62717548)|METHOD_EXIT|[15]|01p8A00000H3Kbh|QueriesbyObject.QueriesChecklist.getActiveChecklist()
14:45:11.0 (62776764)|VARIABLE_ASSIGNMENT|[EXTERNAL]|this|{}|0x3cfbb405
14:45:11.0 (62825874)|VARIABLE_ASSIGNMENT|[EXTERNAL]|value|{"0128A000002DIGJQA4":[{"Id":"a008A0000051d1sQAA","Body__c":"12454","DaysTaskDue__c":1,"EmailReminderDays__c":12,"Name":"News Email","SubStage__c":"Transfer","Type__c":"Co-Sponsor"},{"Id":"a008A0000051d1nQAA","Body__c":"This is a testings","DaysTaskDue__c":10,"EmailReminderDays__c":1,"Name":"Email","SubStage__c":"Exploratory - Initia (3 more) ...","Type__c":"Co-Sponsor"}]}|0x33c4e69a
14:45:11.0 (62874623)|VARIABLE_ASSIGNMENT|[4]|this.checklistMap|{"0128A000002DIGJQA4":[{"Id":"a008A0000051d1sQAA","Body__c":"12454","DaysTaskDue__c":1,"EmailReminderDays__c":12,"Name":"News Email","SubStage__c":"Transfer","Type__c":"Co-Sponsor"},{"Id":"a008A0000051d1nQAA","Body__c":"This is a testings","DaysTaskDue__c":10,"EmailReminderDays__c":1,"Name":"Email","SubStage__c":"Exploratory - Initia (3 more) ...","Type__c":"Co-Sponsor"}]}|0x3cfbb405
14:45:11.0 (62897590)|HEAP_ALLOCATE|[17]|Bytes:9
14:45:11.0 (62915624)|METHOD_ENTRY|[17]|01p8A00000InZlX|ProgramDataContainer.hasLoaded(String)
14:45:11.0 (62936005)|VARIABLE_SCOPE_BEGIN|[31]|objectName|String|false|false
14:45:11.0 (62952044)|VARIABLE_ASSIGNMENT|[31]|objectName|"Narrative"
14:45:11.0 (62971105)|HEAP_ALLOCATE|[32]|Bytes:5
14:45:11.0 (62976863)|STATEMENT_EXECUTE|[31]
14:45:11.0 (62995755)|STATEMENT_EXECUTE|[32]
14:45:11.0 (62998434)|STATEMENT_EXECUTE|[40]
14:45:11.0 (63002610)|HEAP_ALLOCATE|[40]|Bytes:5
14:45:11.0 (63016100)|METHOD_EXIT|[17]|01p8A00000InZlX|ProgramDataContainer.hasLoaded(String)
14:45:11.0 (63025504)|STATEMENT_EXECUTE|[17]
14:45:11.0 (63028189)|STATEMENT_EXECUTE|[18]
14:45:11.0 (63100915)|HEAP_ALLOCATE|[18]|Bytes:1
14:45:11.0 (63115008)|HEAP_ALLOCATE|[18]|Bytes:4
14:45:11.0 (63132909)|CONSTRUCTOR_ENTRY|[18]|01p8A00000H3Kbh|<init>()|QueriesbyObject.QueriesNarrativeType
14:45:11.0 (63152698)|VARIABLE_SCOPE_BEGIN|[4]|this|QueriesbyObject.QueriesNarrativeType|true|false
14:45:11.0 (63189007)|VARIABLE_ASSIGNMENT|[4]|this|{}|0x36e44828
14:45:11.0 (63220007)|STATEMENT_EXECUTE|[4]
14:45:11.0 (63235776)|CONSTRUCTOR_EXIT|[18]|01p8A00000H3Kbh|<init>()|QueriesbyObject.QueriesNarrativeType
14:45:11.0 (63262706)|METHOD_ENTRY|[18]|01p8A00000H3Kbh|QueriesbyObject.QueriesNarrativeType.getActiveNarrative()
14:45:11.0 (63272593)|VARIABLE_SCOPE_BEGIN|[5]|this|QueriesbyObject.QueriesNarrativeType|true|false
14:45:11.0 (63294430)|VARIABLE_ASSIGNMENT|[5]|this|{}|0x36e44828
14:45:11.0 (63306630)|STATEMENT_EXECUTE|[5]
14:45:11.0 (63309407)|STATEMENT_EXECUTE|[6]
14:45:11.0 (63331669)|HEAP_ALLOCATE|[6]|Bytes:4
14:45:11.0 (63346395)|VARIABLE_SCOPE_BEGIN|[6]|narrativeTypeMap|Map<Id,List<Id>>|true|false
14:45:11.0 (63371102)|VARIABLE_ASSIGNMENT|[6]|narrativeTypeMap|{}|0x412600d
14:45:11.0 (63380450)|STATEMENT_EXECUTE|[7]
14:45:11.0 (63384716)|HEAP_ALLOCATE|[7]|Bytes:101
14:45:11.0 (63399903)|HEAP_ALLOCATE|[7]|Bytes:4
14:45:11.0 (64728752)|SOQL_EXECUTE_BEGIN|[7]|Aggregations:0|SELECT Id, Type__c FROM NarrativeType__c WHERE Active__c = TRUE ORDER BY SortOrder__c ASC NULLS FIRST
14:45:11.0 (70088405)|SOQL_EXECUTE_END|[7]|Rows:7
14:45:11.0 (70136647)|HEAP_ALLOCATE|[7]|Bytes:32
14:45:11.0 (70188655)|HEAP_ALLOCATE|[7]|Bytes:350
14:45:11.0 (70309968)|HEAP_ALLOCATE|[7]|Bytes:32
14:45:11.0 (70338839)|VARIABLE_SCOPE_BEGIN|[7]|narrativeTypeList|List<NarrativeType__c>|true|false
14:45:11.0 (70384699)|VARIABLE_ASSIGNMENT|[7]|narrativeTypeList|"List of size 7 too large to display"|0x2ae2d2cc
14:45:11.0 (70396517)|STATEMENT_EXECUTE|[14]
14:45:11.0 (70410318)|HEAP_ALLOCATE|[14]|Bytes:4
14:45:11.0 (70429060)|CONSTRUCTOR_ENTRY|[14]|01p8A00000H3Kbh|<init>()|QueriesbyObject.QueriesRecordType
14:45:11.0 (70467595)|VARIABLE_SCOPE_BEGIN|[33]|this|QueriesbyObject.QueriesRecordType|true|false
14:45:11.0 (70514962)|VARIABLE_ASSIGNMENT|[33]|this|{}|0x1979c951
14:45:11.0 (70550474)|STATEMENT_EXECUTE|[33]
14:45:11.0 (70556449)|CONSTRUCTOR_EXIT|[14]|01p8A00000H3Kbh|<init>()|QueriesbyObject.QueriesRecordType
14:45:11.0 (70587636)|METHOD_ENTRY|[15]|01p8A00000H3Kbh|QueriesbyObject.QueriesRecordType.getRecordTypeByObject(String)
14:45:11.0 (70608261)|VARIABLE_SCOPE_BEGIN|[34]|this|QueriesbyObject.QueriesRecordType|true|false
14:45:11.0 (70630689)|VARIABLE_ASSIGNMENT|[34]|this|{}|0x1979c951
14:45:11.0 (70642653)|VARIABLE_SCOPE_BEGIN|[34]|sObjectType|String|false|false
14:45:11.0 (70661164)|VARIABLE_ASSIGNMENT|[34]|sObjectType|"Program__c"
14:45:11.0 (70673395)|STATEMENT_EXECUTE|[34]
14:45:11.0 (70678082)|STATEMENT_EXECUTE|[35]
14:45:11.0 (70696692)|HEAP_ALLOCATE|[35]|Bytes:4
14:45:11.0 (71021518)|SOQL_EXECUTE_BEGIN|[35]|Aggregations:0|SELECT Id, Name FROM RecordType WHERE SobjectType = :tmpVar1
14:45:11.0 (74920071)|SOQL_EXECUTE_END|[35]|Rows:3
14:45:11.0 (74956864)|HEAP_ALLOCATE|[35]|Bytes:16
14:45:11.0 (74999630)|HEAP_ALLOCATE|[35]|Bytes:130
14:45:11.0 (75056654)|HEAP_ALLOCATE|[35]|Bytes:16
14:45:11.0 (75089576)|METHOD_EXIT|[15]|01p8A00000H3Kbh|QueriesbyObject.QueriesRecordType.getRecordTypeByObject(String)
14:45:11.0 (75104847)|VARIABLE_SCOPE_BEGIN|[14]|recordTypeList|List<RecordType>|true|false
14:45:11.0 (75171315)|VARIABLE_ASSIGNMENT|[14]|recordTypeList|[{"Id":"0128A000002DIGJQA4","Name":"Co-Sponsor"},{"Id":"0128A000002DIGKQA4","Name":"Core"},{"Id":"0128A000002DIGLQA4","Name":"Other"}]|0x8b9f1e3
14:45:11.0 (75424287)|HEAP_ALLOCATE|[17]|Bytes:5
14:45:11.0 (75458513)|HEAP_ALLOCATE|[17]|Bytes:12
14:45:11.0 (75473412)|VARIABLE_SCOPE_BEGIN|[17]|narrativeType|NarrativeType__c|true|false
14:45:11.0 (75503964)|VARIABLE_ASSIGNMENT|[17]|narrativeType|{"Id":"a038A000006V6C2QAK","Type__c":"Co-Sponsor"}|0x45ac49ba
14:45:11.0 (75517572)|STATEMENT_EXECUTE|[17]
14:45:11.0 (75555812)|HEAP_ALLOCATE|[18]|Bytes:5
14:45:11.0 (75570501)|HEAP_ALLOCATE|[18]|Bytes:12
14:45:11.0 (75577189)|VARIABLE_SCOPE_BEGIN|[18]|recordType|RecordType|true|false
14:45:11.0 (75599373)|VARIABLE_ASSIGNMENT|[18]|recordType|{"Id":"0128A000002DIGJQA4","Name":"Co-Sponsor"}|0x2ab77658
14:45:11.0 (75610663)|STATEMENT_EXECUTE|[18]
14:45:11.0 (75689663)|STATEMENT_EXECUTE|[19]
14:45:11.0 (75748240)|STATEMENT_EXECUTE|[20]
14:45:11.0 (75751030)|STATEMENT_EXECUTE|[21]
14:45:11.0 (75770489)|HEAP_ALLOCATE|[21]|Bytes:4
14:45:11.0 (75862672)|HEAP_ALLOCATE|[EXTERNAL]|Bytes:8
14:45:11.0 (75873223)|HEAP_ALLOCATE|[EXTERNAL]|Bytes:-4
14:45:11.0 (75895671)|HEAP_ALLOCATE|[18]|Bytes:5
14:45:11.0 (75916759)|HEAP_ALLOCATE|[18]|Bytes:12
14:45:11.0 (75928047)|VARIABLE_SCOPE_BEGIN|[18]|recordType|RecordType|true|false
14:45:11.0 (75964810)|VARIABLE_ASSIGNMENT|[18]|recordType|{"Id":"0128A000002DIGKQA4","Name":"Core"}|0x10982183
14:45:11.0 (75977327)|STATEMENT_EXECUTE|[18]
14:45:11.0 (75998803)|STATEMENT_EXECUTE|[19]
14:45:11.0 (76009971)|HEAP_ALLOCATE|[18]|Bytes:5
14:45:11.0 (76025097)|HEAP_ALLOCATE|[18]|Bytes:12
14:45:11.0 (76033175)|VARIABLE_SCOPE_BEGIN|[18]|recordType|RecordType|true|false
14:45:11.0 (76054571)|VARIABLE_ASSIGNMENT|[18]|recordType|{"Id":"0128A000002DIGLQA4","Name":"Other"}|0x47cd82a2
14:45:11.0 (76063216)|STATEMENT_EXECUTE|[18]
14:45:11.0 (76074000)|STATEMENT_EXECUTE|[19]
14:45:11.0 (76082484)|HEAP_ALLOCATE|[18]|Bytes:5
14:45:11.0 (76104218)|VARIABLE_ASSIGNMENT|[18]|recordType|null|
14:45:11.0 (76127828)|HEAP_ALLOCATE|[17]|Bytes:5
14:45:11.0 (76150654)|HEAP_ALLOCATE|[17]|Bytes:12
14:45:11.0 (76159977)|VARIABLE_SCOPE_BEGIN|[17]|narrativeType|NarrativeType__c|true|false
14:45:11.0 (76182800)|VARIABLE_ASSIGNMENT|[17]|narrativeType|{"Id":"a038A000006V6GYQA0","Type__c":"Co-Sponsor"}|0x74d42e0a
14:45:11.0 (76194046)|STATEMENT_EXECUTE|[17]
14:45:11.0 (76213318)|HEAP_ALLOCATE|[18]|Bytes:5
14:45:11.0 (76236421)|HEAP_ALLOCATE|[18]|Bytes:12
14:45:11.0 (76244893)|VARIABLE_SCOPE_BEGIN|[18]|recordType|RecordType|true|false
14:45:11.0 (76265250)|VARIABLE_ASSIGNMENT|[18]|recordType|{"Id":"0128A000002DIGJQA4","Name":"Co-Sponsor"}|0x2ab77658
14:45:11.0 (76274322)|STATEMENT_EXECUTE|[18]
14:45:11.0 (76291636)|STATEMENT_EXECUTE|[19]
14:45:11.0 (76324379)|STATEMENT_EXECUTE|[22]
14:45:11.0 (76327266)|STATEMENT_EXECUTE|[23]
14:45:11.0 (76383271)|HEAP_ALLOCATE|[EXTERNAL]|Bytes:4
14:45:11.0 (76401439)|HEAP_ALLOCATE|[18]|Bytes:5
14:45:11.0 (76414192)|HEAP_ALLOCATE|[18]|Bytes:12
14:45:11.0 (76420250)|VARIABLE_SCOPE_BEGIN|[18]|recordType|RecordType|true|false
14:45:11.0 (76441409)|VARIABLE_ASSIGNMENT|[18]|recordType|{"Id":"0128A000002DIGKQA4","Name":"Core"}|0x10982183
14:45:11.0 (76452653)|STATEMENT_EXECUTE|[18]
14:45:11.0 (76463154)|STATEMENT_EXECUTE|[19]
14:45:11.0 (76473080)|HEAP_ALLOCATE|[18]|Bytes:5
14:45:11.0 (76484901)|HEAP_ALLOCATE|[18]|Bytes:12
14:45:11.0 (76490683)|VARIABLE_SCOPE_BEGIN|[18]|recordType|RecordType|true|false
14:45:11.0 (76510073)|VARIABLE_ASSIGNMENT|[18]|recordType|{"Id":"0128A000002DIGLQA4","Name":"Other"}|0x47cd82a2
14:45:11.0 (76520417)|STATEMENT_EXECUTE|[18]
14:45:11.0 (76530277)|STATEMENT_EXECUTE|[19]
14:45:11.0 (76538219)|HEAP_ALLOCATE|[18]|Bytes:5
14:45:11.0 (76552266)|VARIABLE_ASSIGNMENT|[18]|recordType|null|
14:45:11.0 (76565636)|HEAP_ALLOCATE|[17]|Bytes:5
14:45:11.0 (76578259)|HEAP_ALLOCATE|[17]|Bytes:12
14:45:11.0 (76585918)|VARIABLE_SCOPE_BEGIN|[17]|narrativeType|NarrativeType__c|true|false
14:45:11.0 (76604357)|VARIABLE_ASSIGNMENT|[17]|narrativeType|{"Id":"a038A000006V6GiQAK","Type__c":"Co-Sponsor"}|0xcbf76a2
14:45:11.0 (76614746)|STATEMENT_EXECUTE|[17]
14:45:11.0 (76633009)|HEAP_ALLOCATE|[18]|Bytes:5
14:45:11.0 (76642508)|HEAP_ALLOCATE|[18]|Bytes:12
14:45:11.0 (76649959)|VARIABLE_SCOPE_BEGIN|[18]|recordType|RecordType|true|false
14:45:11.0 (76669003)|VARIABLE_ASSIGNMENT|[18]|recordType|{"Id":"0128A000002DIGJQA4","Name":"Co-Sponsor"}|0x2ab77658
14:45:11.0 (76679200)|STATEMENT_EXECUTE|[18]
14:45:11.0 (76693489)|STATEMENT_EXECUTE|[19]
14:45:11.0 (76710827)|STATEMENT_EXECUTE|[22]
14:45:11.0 (76713625)|STATEMENT_EXECUTE|[23]
14:45:11.0 (76732224)|HEAP_ALLOCATE|[EXTERNAL]|Bytes:4
14:45:11.0 (76747056)|HEAP_ALLOCATE|[18]|Bytes:5
14:45:11.0 (76758897)|HEAP_ALLOCATE|[18]|Bytes:12
14:45:11.0 (76766269)|VARIABLE_SCOPE_BEGIN|[18]|recordType|RecordType|true|false
14:45:11.0 (76785007)|VARIABLE_ASSIGNMENT|[18]|recordType|{"Id":"0128A000002DIGKQA4","Name":"Core"}|0x10982183
14:45:11.0 (76793011)|STATEMENT_EXECUTE|[18]
14:45:11.0 (76803697)|STATEMENT_EXECUTE|[19]
14:45:11.0 (76811382)|HEAP_ALLOCATE|[18]|Bytes:5
14:45:11.0 (76822424)|HEAP_ALLOCATE|[18]|Bytes:12
14:45:11.0 (76829788)|VARIABLE_SCOPE_BEGIN|[18]|recordType|RecordType|true|false
14:45:11.0 (76846201)|VARIABLE_ASSIGNMENT|[18]|recordType|{"Id":"0128A000002DIGLQA4","Name":"Other"}|0x47cd82a2
14:45:11.0 (76855960)|STATEMENT_EXECUTE|[18]
14:45:11.0 (76865688)|STATEMENT_EXECUTE|[19]
14:45:11.0 (76873367)|HEAP_ALLOCATE|[18]|Bytes:5
14:45:11.0 (76886684)|VARIABLE_ASSIGNMENT|[18]|recordType|null|
14:45:11.0 (76898893)|HEAP_ALLOCATE|[17]|Bytes:5
14:45:11.0 (76910573)|HEAP_ALLOCATE|[17]|Bytes:12
14:45:11.0 (76917775)|VARIABLE_SCOPE_BEGIN|[17]|narrativeType|NarrativeType__c|true|false
14:45:11.0 (76936709)|VARIABLE_ASSIGNMENT|[17]|narrativeType|{"Id":"a038A000006V6GdQAK","Type__c":"Co-Sponsor"}|0x44e0045c
14:45:11.0 (76946730)|STATEMENT_EXECUTE|[17]
14:45:11.0 (76962055)|HEAP_ALLOCATE|[18]|Bytes:5
14:45:11.0 (76973250)|HEAP_ALLOCATE|[18]|Bytes:12
14:45:11.0 (76978618)|VARIABLE_SCOPE_BEGIN|[18]|recordType|RecordType|true|false
14:45:11.0 (76996319)|VARIABLE_ASSIGNMENT|[18]|recordType|{"Id":"0128A000002DIGJQA4","Name":"Co-Sponsor"}|0x2ab77658
14:45:11.0 (77006219)|STATEMENT_EXECUTE|[18]
14:45:11.0 (77021073)|STATEMENT_EXECUTE|[19]
14:45:11.0 (77037348)|STATEMENT_EXECUTE|[22]
14:45:11.0 (77040077)|STATEMENT_EXECUTE|[23]
14:45:11.0 (77057913)|HEAP_ALLOCATE|[EXTERNAL]|Bytes:4
14:45:11.0 (77072824)|HEAP_ALLOCATE|[18]|Bytes:5
14:45:11.0 (77084653)|HEAP_ALLOCATE|[18]|Bytes:12
14:45:11.0 (77092601)|VARIABLE_SCOPE_BEGIN|[18]|recordType|RecordType|true|false
14:45:11.0 (77110938)|VARIABLE_ASSIGNMENT|[18]|recordType|{"Id":"0128A000002DIGKQA4","Name":"Core"}|0x10982183
14:45:11.0 (77121012)|STATEMENT_EXECUTE|[18]
14:45:11.0 (77129866)|STATEMENT_EXECUTE|[19]
14:45:11.0 (77137513)|HEAP_ALLOCATE|[18]|Bytes:5
14:45:11.0 (77149742)|HEAP_ALLOCATE|[18]|Bytes:12
14:45:11.0 (77157397)|VARIABLE_SCOPE_BEGIN|[18]|recordType|RecordType|true|false
14:45:11.0 (77176192)|VARIABLE_ASSIGNMENT|[18]|recordType|{"Id":"0128A000002DIGLQA4","Name":"Other"}|0x47cd82a2
14:45:11.0 (77185732)|STATEMENT_EXECUTE|[18]
14:45:11.0 (77193168)|STATEMENT_EXECUTE|[19]
14:45:11.0 (77201113)|HEAP_ALLOCATE|[18]|Bytes:5
14:45:11.0 (77214916)|VARIABLE_ASSIGNMENT|[18]|recordType|null|
14:45:11.0 (77237296)|HEAP_ALLOCATE|[17]|Bytes:5
14:45:11.0 (77250006)|HEAP_ALLOCATE|[17]|Bytes:12
14:45:11.0 (77258369)|VARIABLE_SCOPE_BEGIN|[17]|narrativeType|NarrativeType__c|true|false
14:45:11.0 (77279990)|VARIABLE_ASSIGNMENT|[17]|narrativeType|{"Id":"a038A000006Uy6XQAS","Type__c":"Co-Sponsor"}|0x63a674e3
14:45:11.0 (77290907)|STATEMENT_EXECUTE|[17]
14:45:11.0 (77306760)|HEAP_ALLOCATE|[18]|Bytes:5
14:45:11.0 (77318254)|HEAP_ALLOCATE|[18]|Bytes:12
14:45:11.0 (77325572)|VARIABLE_SCOPE_BEGIN|[18]|recordType|RecordType|true|false
14:45:11.0 (77344377)|VARIABLE_ASSIGNMENT|[18]|recordType|{"Id":"0128A000002DIGJQA4","Name":"Co-Sponsor"}|0x2ab77658
14:45:11.0 (77351898)|STATEMENT_EXECUTE|[18]
14:45:11.0 (77367040)|STATEMENT_EXECUTE|[19]
14:45:11.0 (77383868)|STATEMENT_EXECUTE|[22]
14:45:11.0 (77386638)|STATEMENT_EXECUTE|[23]
14:45:11.0 (77406821)|HEAP_ALLOCATE|[EXTERNAL]|Bytes:4
14:45:11.0 (77422025)|HEAP_ALLOCATE|[18]|Bytes:5
14:45:11.0 (77431728)|HEAP_ALLOCATE|[18]|Bytes:12
14:45:11.0 (77439554)|VARIABLE_SCOPE_BEGIN|[18]|recordType|RecordType|true|false
14:45:11.0 (77458179)|VARIABLE_ASSIGNMENT|[18]|recordType|{"Id":"0128A000002DIGKQA4","Name":"Core"}|0x10982183
14:45:11.0 (77467847)|STATEMENT_EXECUTE|[18]
14:45:11.0 (77476297)|STATEMENT_EXECUTE|[19]
14:45:11.0 (77486265)|HEAP_ALLOCATE|[18]|Bytes:5
14:45:11.0 (77498281)|HEAP_ALLOCATE|[18]|Bytes:12
14:45:11.0 (77503697)|VARIABLE_SCOPE_BEGIN|[18]|recordType|RecordType|true|false
14:45:11.0 (77522860)|VARIABLE_ASSIGNMENT|[18]|recordType|{"Id":"0128A000002DIGLQA4","Name":"Other"}|0x47cd82a2
14:45:11.0 (77532788)|STATEMENT_EXECUTE|[18]
14:45:11.0 (77540103)|STATEMENT_EXECUTE|[19]
14:45:11.0 (77549610)|HEAP_ALLOCATE|[18]|Bytes:5
14:45:11.0 (77603452)|VARIABLE_ASSIGNMENT|[18]|recordType|null|
14:45:11.0 (77624899)|HEAP_ALLOCATE|[17]|Bytes:5
14:45:11.0 (77638060)|HEAP_ALLOCATE|[17]|Bytes:12
14:45:11.0 (77644297)|VARIABLE_SCOPE_BEGIN|[17]|narrativeType|NarrativeType__c|true|false
14:45:11.0 (77664361)|VARIABLE_ASSIGNMENT|[17]|narrativeType|{"Id":"a038A000006V5snQAC","Type__c":"Co-Sponsor"}|0x36d7b2e3
14:45:11.0 (77675190)|STATEMENT_EXECUTE|[17]
14:45:11.0 (77690967)|HEAP_ALLOCATE|[18]|Bytes:5
14:45:11.0 (77702817)|HEAP_ALLOCATE|[18]|Bytes:12
14:45:11.0 (77710070)|VARIABLE_SCOPE_BEGIN|[18]|recordType|RecordType|true|false
14:45:11.0 (77728916)|VARIABLE_ASSIGNMENT|[18]|recordType|{"Id":"0128A000002DIGJQA4","Name":"Co-Sponsor"}|0x2ab77658
14:45:11.0 (77738664)|STATEMENT_EXECUTE|[18]
14:45:11.0 (77755113)|STATEMENT_EXECUTE|[19]
14:45:11.0 (77771484)|STATEMENT_EXECUTE|[22]
14:45:11.0 (77774278)|STATEMENT_EXECUTE|[23]
14:45:11.0 (77794325)|HEAP_ALLOCATE|[EXTERNAL]|Bytes:4
14:45:11.0 (77809534)|HEAP_ALLOCATE|[18]|Bytes:5
14:45:11.0 (77833389)|HEAP_ALLOCATE|[18]|Bytes:12
14:45:11.0 (77839245)|VARIABLE_SCOPE_BEGIN|[18]|recordType|RecordType|true|false
14:45:11.0 (77858806)|VARIABLE_ASSIGNMENT|[18]|recordType|{"Id":"0128A000002DIGKQA4","Name":"Core"}|0x10982183
14:45:11.0 (77869237)|STATEMENT_EXECUTE|[18]
14:45:11.0 (77880518)|STATEMENT_EXECUTE|[19]
14:45:11.0 (77888805)|HEAP_ALLOCATE|[18]|Bytes:5
14:45:11.0 (77900240)|HEAP_ALLOCATE|[18]|Bytes:12
14:45:11.0 (77905546)|VARIABLE_SCOPE_BEGIN|[18]|recordType|RecordType|true|false
14:45:11.0 (77924445)|VARIABLE_ASSIGNMENT|[18]|recordType|{"Id":"0128A000002DIGLQA4","Name":"Other"}|0x47cd82a2
14:45:11.0 (77935344)|STATEMENT_EXECUTE|[18]
14:45:11.0 (77945262)|STATEMENT_EXECUTE|[19]
14:45:11.0 (77953221)|HEAP_ALLOCATE|[18]|Bytes:5
14:45:11.0 (77967002)|VARIABLE_ASSIGNMENT|[18]|recordType|null|
14:45:11.0 (77978882)|HEAP_ALLOCATE|[17]|Bytes:5
14:45:11.0 (77990801)|HEAP_ALLOCATE|[17]|Bytes:12
14:45:11.0 (77998108)|VARIABLE_SCOPE_BEGIN|[17]|narrativeType|NarrativeType__c|true|false
14:45:11.0 (78017114)|VARIABLE_ASSIGNMENT|[17]|narrativeType|{"Id":"a038A000006Uy6cQAC","Type__c":"Co-Sponsor"}|0x412ad8fd
14:45:11.0 (78025727)|STATEMENT_EXECUTE|[17]
14:45:11.0 (78042973)|HEAP_ALLOCATE|[18]|Bytes:5
14:45:11.0 (78054044)|HEAP_ALLOCATE|[18]|Bytes:12
14:45:11.0 (78059521)|VARIABLE_SCOPE_BEGIN|[18]|recordType|RecordType|true|false
14:45:11.0 (78082070)|VARIABLE_ASSIGNMENT|[18]|recordType|{"Id":"0128A000002DIGJQA4","Name":"Co-Sponsor"}|0x2ab77658
14:45:11.0 (78092101)|STATEMENT_EXECUTE|[18]
14:45:11.0 (78106334)|STATEMENT_EXECUTE|[19]
14:45:11.0 (78121490)|STATEMENT_EXECUTE|[22]
14:45:11.0 (78124338)|STATEMENT_EXECUTE|[23]
14:45:11.0 (78144362)|HEAP_ALLOCATE|[EXTERNAL]|Bytes:4
14:45:11.0 (78159362)|HEAP_ALLOCATE|[18]|Bytes:5
14:45:11.0 (78171241)|HEAP_ALLOCATE|[18]|Bytes:12
14:45:11.0 (78178454)|VARIABLE_SCOPE_BEGIN|[18]|recordType|RecordType|true|false
14:45:11.0 (78197207)|VARIABLE_ASSIGNMENT|[18]|recordType|{"Id":"0128A000002DIGKQA4","Name":"Core"}|0x10982183
14:45:11.0 (78205279)|STATEMENT_EXECUTE|[18]
14:45:11.0 (78215901)|STATEMENT_EXECUTE|[19]
14:45:11.0 (78232672)|HEAP_ALLOCATE|[18]|Bytes:5
14:45:11.0 (78245107)|HEAP_ALLOCATE|[18]|Bytes:12
14:45:11.0 (78252805)|VARIABLE_SCOPE_BEGIN|[18]|recordType|RecordType|true|false
14:45:11.0 (78272228)|VARIABLE_ASSIGNMENT|[18]|recordType|{"Id":"0128A000002DIGLQA4","Name":"Other"}|0x47cd82a2
14:45:11.0 (78280069)|STATEMENT_EXECUTE|[18]
14:45:11.0 (78290160)|STATEMENT_EXECUTE|[19]
14:45:11.0 (78297989)|HEAP_ALLOCATE|[18]|Bytes:5
14:45:11.0 (78311416)|VARIABLE_ASSIGNMENT|[18]|recordType|null|
14:45:11.0 (78323354)|HEAP_ALLOCATE|[17]|Bytes:5
14:45:11.0 (78336953)|VARIABLE_ASSIGNMENT|[17]|narrativeType|null|
14:45:11.0 (78346387)|STATEMENT_EXECUTE|[29]
14:45:11.0 (78358433)|METHOD_EXIT|[18]|01p8A00000H3Kbh|QueriesbyObject.QueriesNarrativeType.getActiveNarrative()
14:45:11.0 (78430840)|VARIABLE_ASSIGNMENT|[EXTERNAL]|this|{"checklistMap":"0x33c4e69a"}|0x3cfbb405
14:45:11.0 (78467385)|VARIABLE_ASSIGNMENT|[EXTERNAL]|value|{"0128A000002DIGJQA4":"List of size 7 too large to display"}|0x412600d
14:45:11.0 (78498800)|VARIABLE_ASSIGNMENT|[2]|this.narrativeListMap|{"0128A000002DIGJQA4":"List of size 7 too large to display"}|0x3cfbb405
14:45:11.0 (78523585)|METHOD_ENTRY|[20]|01p8A00000InZlX|ProgramDataContainer.hasLoaded(String)
14:45:11.0 (78546711)|VARIABLE_SCOPE_BEGIN|[31]|objectName|String|false|false
14:45:11.0 (78562993)|VARIABLE_ASSIGNMENT|[31]|objectName|"GroupMember"
14:45:11.0 (78582204)|HEAP_ALLOCATE|[32]|Bytes:5
14:45:11.0 (78588049)|STATEMENT_EXECUTE|[31]
14:45:11.0 (78605726)|STATEMENT_EXECUTE|[32]
14:45:11.0 (78610195)|STATEMENT_EXECUTE|[33]
14:45:11.0 (78622614)|VARIABLE_SCOPE_BEGIN|[33]|loaded|Boolean|false|false
14:45:11.0 (78639972)|VARIABLE_ASSIGNMENT|[33]|loaded|false
14:45:11.0 (78649502)|STATEMENT_EXECUTE|[34]
14:45:11.0 (78654008)|STATEMENT_EXECUTE|[35]
14:45:11.0 (78663176)|HEAP_ALLOCATE|[35]|Bytes:5
14:45:11.0 (78676874)|STATEMENT_EXECUTE|[37]
14:45:11.0 (78685490)|METHOD_EXIT|[20]|01p8A00000InZlX|ProgramDataContainer.hasLoaded(String)
14:45:11.0 (78695206)|STATEMENT_EXECUTE|[20]
14:45:11.0 (78697855)|STATEMENT_EXECUTE|[21]
14:45:11.0 (78760125)|HEAP_ALLOCATE|[21]|Bytes:2
14:45:11.0 (78774024)|HEAP_ALLOCATE|[21]|Bytes:4
14:45:11.0 (78789661)|CONSTRUCTOR_ENTRY|[21]|01p8A00000H3Kbh|<init>()|QueriesbyObject.QueriesGroupMember
14:45:11.0 (78812095)|VARIABLE_SCOPE_BEGIN|[39]|this|QueriesbyObject.QueriesGroupMember|true|false
14:45:11.0 (78846827)|VARIABLE_ASSIGNMENT|[39]|this|{}|0x1ff40fc5
14:45:11.0 (78876297)|STATEMENT_EXECUTE|[39]
14:45:11.0 (78881737)|CONSTRUCTOR_EXIT|[21]|01p8A00000H3Kbh|<init>()|QueriesbyObject.QueriesGroupMember
14:45:11.0 (78901206)|METHOD_ENTRY|[21]|01p8A00000H3Kbh|QueriesbyObject.QueriesGroupMember.getGroupMember()
14:45:11.0 (78909923)|VARIABLE_SCOPE_BEGIN|[40]|this|QueriesbyObject.QueriesGroupMember|true|false
14:45:11.0 (78931848)|VARIABLE_ASSIGNMENT|[40]|this|{}|0x1ff40fc5
14:45:11.0 (78946373)|STATEMENT_EXECUTE|[40]
14:45:11.0 (78949069)|STATEMENT_EXECUTE|[41]
14:45:11.0 (78953285)|HEAP_ALLOCATE|[41]|Bytes:58
14:45:11.0 (78972032)|HEAP_ALLOCATE|[41]|Bytes:4
14:45:11.0 (79529713)|SOQL_EXECUTE_BEGIN|[41]|Aggregations:0|SELECT UserOrGroupId, Group.DeveloperName FROM GroupMember
14:45:11.0 (84235119)|SOQL_EXECUTE_END|[41]|Rows:12
14:45:11.0 (84278648)|HEAP_ALLOCATE|[41]|Bytes:52
14:45:11.0 (84365568)|HEAP_ALLOCATE|[41]|Bytes:1674
14:45:11.0 (84461883)|HEAP_ALLOCATE|[41]|Bytes:52
14:45:11.0 (84489760)|METHOD_EXIT|[21]|01p8A00000H3Kbh|QueriesbyObject.QueriesGroupMember.getGroupMember()
14:45:11.0 (84585026)|VARIABLE_ASSIGNMENT|[EXTERNAL]|this|{"checklistMap":"0x33c4e69a","narrativeListMap":"0x412600d"}|0x3cfbb405
14:45:11.0 (84613093)|VARIABLE_ASSIGNMENT|[EXTERNAL]|value|"List of size 12 too large to display"|0x6c16e71c
14:45:11.0 (84644267)|VARIABLE_ASSIGNMENT|[3]|this.groupMemberList|"List of size 12 too large to display"|0x3cfbb405
14:45:11.0 (84672565)|METHOD_ENTRY|[23]|01p8A00000InZlX|ProgramDataContainer.hasLoaded(String)
14:45:11.0 (84701223)|VARIABLE_SCOPE_BEGIN|[31]|objectName|String|false|false
14:45:11.0 (84728866)|VARIABLE_ASSIGNMENT|[31]|objectName|"DocumentGeneration"
14:45:11.0 (84760383)|HEAP_ALLOCATE|[32]|Bytes:5
14:45:11.0 (84777443)|STATEMENT_EXECUTE|[31]
14:45:11.0 (84821848)|STATEMENT_EXECUTE|[32]
14:45:11.0 (84826368)|STATEMENT_EXECUTE|[33]
14:45:11.0 (84848216)|VARIABLE_SCOPE_BEGIN|[33]|loaded|Boolean|false|false
14:45:11.0 (84871979)|VARIABLE_ASSIGNMENT|[33]|loaded|false
14:45:11.0 (84886763)|STATEMENT_EXECUTE|[34]
14:45:11.0 (84890526)|STATEMENT_EXECUTE|[35]
14:45:11.0 (84905444)|HEAP_ALLOCATE|[35]|Bytes:5
14:45:11.0 (84925659)|STATEMENT_EXECUTE|[37]
14:45:11.0 (84939560)|METHOD_EXIT|[23]|01p8A00000InZlX|ProgramDataContainer.hasLoaded(String)
14:45:11.0 (84955685)|STATEMENT_EXECUTE|[23]
14:45:11.0 (84960856)|STATEMENT_EXECUTE|[24]
14:45:11.0 (85059319)|HEAP_ALLOCATE|[24]|Bytes:2
14:45:11.0 (85074998)|HEAP_ALLOCATE|[24]|Bytes:4
14:45:11.0 (85095887)|CONSTRUCTOR_ENTRY|[24]|01p8A00000H3Kbh|<init>()|QueriesbyObject.QueriesProgramDocumentGeneration
14:45:11.0 (85129288)|VARIABLE_SCOPE_BEGIN|[84]|this|QueriesbyObject.QueriesProgramDocumentGeneration|true|false
14:45:11.0 (85175485)|VARIABLE_ASSIGNMENT|[84]|this|{}|0x2a4b1615
14:45:11.0 (85207363)|STATEMENT_EXECUTE|[84]
14:45:11.0 (85214610)|CONSTRUCTOR_EXIT|[24]|01p8A00000H3Kbh|<init>()|QueriesbyObject.QueriesProgramDocumentGeneration
14:45:11.0 (85244355)|METHOD_ENTRY|[25]|01p8A00000H3Kbh|QueriesbyObject.QueriesProgramDocumentGeneration.getActiveProgramDocumentGeneration()
14:45:11.0 (85260659)|VARIABLE_SCOPE_BEGIN|[85]|this|QueriesbyObject.QueriesProgramDocumentGeneration|true|false
14:45:11.0 (85282728)|VARIABLE_ASSIGNMENT|[85]|this|{}|0x2a4b1615
14:45:11.0 (85300288)|STATEMENT_EXECUTE|[85]
14:45:11.0 (85306503)|STATEMENT_EXECUTE|[86]
14:45:11.0 (85310730)|HEAP_ALLOCATE|[86]|Bytes:187
14:45:11.0 (85332377)|HEAP_ALLOCATE|[86]|Bytes:4
14:45:11.0 (88280216)|SOQL_EXECUTE_BEGIN|[86]|Aggregations:1|SELECT DocGenPackageId__c, (SELECT PreviousSubStage__c, CurrentSubStage__c, Version__c FROM ProgramDocumentGenerationSubStages__r) FROM ProgramDocumentGeneration__c WHERE Active__c = TRUE
14:45:11.0 (98051606)|SOQL_EXECUTE_END|[86]|Rows:2
14:45:11.0 (98106581)|HEAP_ALLOCATE|[86]|Bytes:12
14:45:11.0 (98164867)|HEAP_ALLOCATE|[86]|Bytes:590
14:45:11.0 (98278860)|HEAP_ALLOCATE|[86]|Bytes:12
14:45:11.0 (98307942)|METHOD_EXIT|[25]|01p8A00000H3Kbh|QueriesbyObject.QueriesProgramDocumentGeneration.getActiveProgramDocumentGeneration()
14:45:11.0 (98412893)|VARIABLE_ASSIGNMENT|[EXTERNAL]|this|{"checklistMap":"0x33c4e69a","groupMemberList":"0x6c16e71c","narrativeListMap":"0x412600d"}|0x3cfbb405
14:45:11.0 (98490797)|VARIABLE_ASSIGNMENT|[EXTERNAL]|value|[{"DocGenPackageId__c":"a0F8A000003n804UAA","Id":"a0Y8A000008SUM1UAO","ProgramDocumentGenerationSubStages__r":[{"ProgramDocumentGenerationId__c":"a0Y8A000008SUM1UAO","Id":"a0Z8A00000AqiXFUAZ","PreviousSubStage__c":"Exploratory - Rep","CurrentSubStage__c":"Exploratory - Commit (3 more) ...","Version__c":"Draft"}]},{"DocGenPackageId__c":"a0F8A000003n8j9UAA","Id":"a0Y8A000008SUMBUA4","ProgramDocumentGenerationSubStages__r":[{"ProgramDocumentGenerationId__c":"a0Y8A000008SUMBUA4","Id":"a0Z8A00000AqiY3UAJ","PreviousSubStage__c":"Exploratory - Rep","CurrentSubStage__c":"Exploratory - Commit (3 more) ...","Version__c":"Draft"}]}]|0x46d281b1
14:45:11.0 (98553579)|VARIABLE_ASSIGNMENT|[5]|this.programDocumentGeneration|[{"DocGenPackageId__c":"a0F8A000003n804UAA","Id":"a0Y8A000008SUM1UAO","ProgramDocumentGenerationSubStages__r":[{"ProgramDocumentGenerationId__c":"a0Y8A000008SUM1UAO","Id":"a0Z8A00000AqiXFUAZ","PreviousSubStage__c":"Exploratory - Rep","CurrentSubStage__c":"Exploratory - Commit (3 more) ...","Version__c":"Draft"}]},{"DocGenPackageId__c":"a0F8A000003n8j9UAA","Id":"a0Y8A000008SUMBUA4","ProgramDocumentGenerationSubStages__r":[{"ProgramDocumentGenerationId__c":"a0Y8A000008SUMBUA4","Id":"a0Z8A00000AqiY3UAJ","PreviousSubStage__c":"Exploratory - Rep","CurrentSubStage__c":"Exploratory - Commit (3 more) ...","Version__c":"Draft"}]}]|0x3cfbb405
14:45:11.0 (98587168)|METHOD_EXIT|[14]|01p8A00000InZlX|ProgramDataContainer.intialize()
14:45:11.0 (98791826)|HEAP_ALLOCATE|[17]|Bytes:5
14:45:11.0 (98853299)|HEAP_ALLOCATE|[17]|Bytes:12
14:45:11.0 (98869438)|VARIABLE_SCOPE_BEGIN|[17]|triggerHandlerFunction|TriggerHandlerFunction__mdt|true|false
14:45:11.0 (98901777)|VARIABLE_ASSIGNMENT|[17]|triggerHandlerFunction|{"ApexClass__c":"ProgramDocumentGener (3 more) ...","Id":"m008A000000DnRhQAK"}|0x3031aae9
14:45:11.0 (98914351)|STATEMENT_EXECUTE|[17]
14:45:11.0 (98917494)|STATEMENT_EXECUTE|[18]
14:45:11.0 (98965282)|METHOD_ENTRY|[18]||System.Type.forName(String)
14:45:11.0 (99768354)|METHOD_EXIT|[18]||System.Type.forName(String)
14:45:11.0 (99790192)|METHOD_ENTRY|[21]||System.Type.newInstance()
14:45:11.0 (99892804)|METHOD_ENTRY|[1]|01p8A00000Iwrml|ProgramDocumentGenerate.ProgramDocumentGenerate()
14:45:11.0 (99901840)|STATEMENT_EXECUTE|[1]
14:45:11.0 (99907422)|STATEMENT_EXECUTE|[1]
14:45:11.0 (99918403)|HEAP_ALLOCATE|[42]|Bytes:5
14:45:11.0 (99931104)|METHOD_EXIT|[1]|ProgramDocumentGenerate
14:45:11.0 (99939947)|HEAP_ALLOCATE|[42]|Bytes:8
14:45:11.0 (99948797)|VARIABLE_SCOPE_BEGIN|[1]|this|ProgramDocumentGenerate|true|false
14:45:11.0 (99981816)|VARIABLE_ASSIGNMENT|[1]|this|{}|0xb707e7e
14:45:11.0 (99993782)|HEAP_ALLOCATE|[42]|Bytes:5
14:45:11.0 (100015369)|STATEMENT_EXECUTE|[1]
14:45:11.0 (100020572)|HEAP_ALLOCATE|[42]|Bytes:5
14:45:11.0 (100027049)|STATEMENT_EXECUTE|[2]
14:45:11.0 (100042161)|METHOD_EXIT|[21]||System.Type.newInstance()
14:45:11.0 (100054613)|VARIABLE_SCOPE_BEGIN|[18]|triggerHandler|TriggerHandlerInterface|true|false
14:45:11.0 (100076271)|VARIABLE_ASSIGNMENT|[18]|triggerHandler|{}|0xb707e7e
14:45:11.0 (100086071)|STATEMENT_EXECUTE|[23]
14:45:11.0 (100100431)|METHOD_ENTRY|[23]|01p8A00000Iwrml|ProgramDocumentGenerate.initialize(DataContainerInterface)
14:45:11.0 (100117207)|VARIABLE_SCOPE_BEGIN|[4]|this|ProgramDocumentGenerate|true|false
14:45:11.0 (100133807)|VARIABLE_ASSIGNMENT|[4]|this|{}|0xb707e7e
14:45:11.0 (100144295)|VARIABLE_SCOPE_BEGIN|[4]|objectDataContainer|DataContainerInterface|true|false
14:45:11.0 (100176382)|VARIABLE_ASSIGNMENT|[4]|objectDataContainer|{"checklistMap":"0x33c4e69a","groupMemberList":"0x6c16e71c","narrativeListMap":"0x412600d","programDocumentGeneration":"0x46d281b1"}|0x3cfbb405
14:45:11.0 (100187232)|HEAP_ALLOCATE|[5]|Bytes:5
14:45:11.0 (100192530)|STATEMENT_EXECUTE|[4]
14:45:11.0 (100195274)|STATEMENT_EXECUTE|[5]
14:45:11.0 (100220692)|VARIABLE_ASSIGNMENT|[EXTERNAL]|this|{}|0xb707e7e
14:45:11.0 (100255944)|VARIABLE_ASSIGNMENT|[EXTERNAL]|value|{"checklistMap":"0x33c4e69a","groupMemberList":"0x6c16e71c","narrativeListMap":"0x412600d","programDocumentGeneration":"0x46d281b1"}|0x3cfbb405
14:45:11.0 (100271583)|VARIABLE_ASSIGNMENT|[2]|this.programDataContainer|0x3cfbb405|0xb707e7e
14:45:11.0 (100290143)|METHOD_EXIT|[23]|01p8A00000Iwrml|ProgramDocumentGenerate.initialize(DataContainerInterface)
14:45:11.0 (100299151)|STATEMENT_EXECUTE|[24]
14:45:11.0 (100356916)|HEAP_ALLOCATE|[EXTERNAL]|Bytes:4
14:45:11.0 (100383083)|HEAP_ALLOCATE|[17]|Bytes:5
14:45:11.0 (100402634)|HEAP_ALLOCATE|[17]|Bytes:12
14:45:11.0 (100411560)|VARIABLE_SCOPE_BEGIN|[17]|triggerHandlerFunction|TriggerHandlerFunction__mdt|true|false
14:45:11.0 (100432232)|VARIABLE_ASSIGNMENT|[17]|triggerHandlerFunction|{"ApexClass__c":"ProgramNarrativeInse (2 more) ...","Id":"m008A000000DnOiQAK"}|0x4dd81b6a
14:45:11.0 (100439677)|STATEMENT_EXECUTE|[17]
14:45:11.0 (100442447)|STATEMENT_EXECUTE|[18]
14:45:11.0 (100456661)|METHOD_ENTRY|[18]||System.Type.forName(String)
14:45:11.0 (101087034)|METHOD_EXIT|[18]||System.Type.forName(String)
14:45:11.0 (101101655)|METHOD_ENTRY|[21]||System.Type.newInstance()
14:45:11.0 (101166208)|METHOD_ENTRY|[1]|01p8A00000H3Kc6|ProgramNarrativeInsert.ProgramNarrativeInsert()
14:45:11.0 (101172771)|STATEMENT_EXECUTE|[1]
14:45:11.0 (101177601)|STATEMENT_EXECUTE|[1]
14:45:11.0 (101185816)|HEAP_ALLOCATE|[42]|Bytes:5
14:45:11.0 (101195185)|METHOD_EXIT|[1]|ProgramNarrativeInsert
14:45:11.0 (101201571)|HEAP_ALLOCATE|[42]|Bytes:16
14:45:11.0 (101207734)|VARIABLE_SCOPE_BEGIN|[1]|this|ProgramNarrativeInsert|true|false
14:45:11.0 (101243689)|VARIABLE_ASSIGNMENT|[1]|this|{}|0x83e0387
14:45:11.0 (101253467)|HEAP_ALLOCATE|[4]|Bytes:5
14:45:11.0 (101271608)|STATEMENT_EXECUTE|[1]
14:45:11.0 (101275921)|HEAP_ALLOCATE|[4]|Bytes:5
14:45:11.0 (101280323)|STATEMENT_EXECUTE|[2]
14:45:11.0 (101283111)|STATEMENT_EXECUTE|[3]
14:45:11.0 (101285651)|STATEMENT_EXECUTE|[4]
14:45:11.0 (101399900)|HEAP_ALLOCATE|[4]|Bytes:4
14:45:11.0 (101476699)|HEAP_ALLOCATE|[EXTERNAL]|Bytes:4
14:45:11.0 (101492832)|VARIABLE_ASSIGNMENT|[4]|this.programNarrativeList|[]|0x83e0387
14:45:11.0 (101518324)|METHOD_EXIT|[21]||System.Type.newInstance()
14:45:11.0 (101528046)|VARIABLE_SCOPE_BEGIN|[18]|triggerHandler|TriggerHandlerInterface|true|false
14:45:11.0 (101555948)|VARIABLE_ASSIGNMENT|[18]|triggerHandler|{"programNarrativeList":"0x62a809df"}|0x83e0387
14:45:11.0 (101562513)|STATEMENT_EXECUTE|[23]
14:45:11.0 (101577359)|METHOD_ENTRY|[23]|01p8A00000H3Kc6|ProgramNarrativeInsert.initialize(DataContainerInterface)
14:45:11.0 (101585123)|VARIABLE_SCOPE_BEGIN|[6]|this|ProgramNarrativeInsert|true|false
14:45:11.0 (101601400)|VARIABLE_ASSIGNMENT|[6]|this|{"programNarrativeList":"0x62a809df"}|0x83e0387
14:45:11.0 (101607544)|VARIABLE_SCOPE_BEGIN|[6]|objectDataContainer|DataContainerInterface|true|false
14:45:11.0 (101631811)|VARIABLE_ASSIGNMENT|[6]|objectDataContainer|{"checklistMap":"0x33c4e69a","groupMemberList":"0x6c16e71c","narrativeListMap":"0x412600d","programDocumentGeneration":"0x46d281b1"}|0x3cfbb405
14:45:11.0 (101644471)|HEAP_ALLOCATE|[7]|Bytes:5
14:45:11.0 (101649616)|STATEMENT_EXECUTE|[6]
14:45:11.0 (101652657)|STATEMENT_EXECUTE|[7]
14:45:11.0 (101688754)|VARIABLE_ASSIGNMENT|[EXTERNAL]|this|{"programNarrativeList":"0x62a809df"}|0x83e0387
14:45:11.0 (101710159)|VARIABLE_ASSIGNMENT|[EXTERNAL]|value|{"checklistMap":"0x33c4e69a","groupMemberList":"0x6c16e71c","narrativeListMap":"0x412600d","programDocumentGeneration":"0x46d281b1"}|0x3cfbb405
14:45:11.0 (101720467)|VARIABLE_ASSIGNMENT|[2]|this.programDataContainer|0x3cfbb405|0x83e0387
14:45:11.0 (101734182)|METHOD_EXIT|[23]|01p8A00000H3Kc6|ProgramNarrativeInsert.initialize(DataContainerInterface)
14:45:11.0 (101739816)|STATEMENT_EXECUTE|[24]
14:45:11.0 (101753070)|HEAP_ALLOCATE|[EXTERNAL]|Bytes:4
14:45:11.0 (101771261)|HEAP_ALLOCATE|[17]|Bytes:5
14:45:11.0 (101790030)|HEAP_ALLOCATE|[17]|Bytes:12
14:45:11.0 (101798029)|VARIABLE_SCOPE_BEGIN|[17]|triggerHandlerFunction|TriggerHandlerFunction__mdt|true|false
14:45:11.0 (101822217)|VARIABLE_ASSIGNMENT|[17]|triggerHandlerFunction|{"ApexClass__c":"ProgramChecklistInse (2 more) ...","Id":"m008A000000DnQ5QAK"}|0x37bffc1e
14:45:11.0 (101832764)|STATEMENT_EXECUTE|[17]
14:45:11.0 (101835508)|STATEMENT_EXECUTE|[18]
14:45:11.0 (101849782)|METHOD_ENTRY|[18]||System.Type.forName(String)
14:45:11.0 (102525660)|METHOD_EXIT|[18]||System.Type.forName(String)
14:45:11.0 (102541101)|METHOD_ENTRY|[21]||System.Type.newInstance()
14:45:11.0 (102604150)|METHOD_ENTRY|[1]|01p8A00000H3MgO|ProgramChecklistInsert.ProgramChecklistInsert()
14:45:11.0 (102610404)|STATEMENT_EXECUTE|[1]
14:45:11.0 (102614841)|STATEMENT_EXECUTE|[1]
14:45:11.0 (102622898)|HEAP_ALLOCATE|[42]|Bytes:5
14:45:11.0 (102631835)|METHOD_EXIT|[1]|ProgramChecklistInsert
14:45:11.0 (102638169)|HEAP_ALLOCATE|[42]|Bytes:16
14:45:11.0 (102644760)|VARIABLE_SCOPE_BEGIN|[1]|this|ProgramChecklistInsert|true|false
14:45:11.0 (102670083)|VARIABLE_ASSIGNMENT|[1]|this|{}|0x78bb7262
14:45:11.0 (102679798)|HEAP_ALLOCATE|[4]|Bytes:5
14:45:11.0 (102697244)|STATEMENT_EXECUTE|[1]
14:45:11.0 (102701662)|HEAP_ALLOCATE|[4]|Bytes:5
14:45:11.0 (102705904)|STATEMENT_EXECUTE|[2]
14:45:11.0 (102708503)|STATEMENT_EXECUTE|[3]
14:45:11.0 (102711076)|STATEMENT_EXECUTE|[4]
14:45:11.0 (102778794)|HEAP_ALLOCATE|[4]|Bytes:4
14:45:11.0 (102836637)|HEAP_ALLOCATE|[EXTERNAL]|Bytes:4
14:45:11.0 (102887585)|VARIABLE_ASSIGNMENT|[4]|this.programChecklistList|[]|0x78bb7262
14:45:11.0 (102914423)|METHOD_EXIT|[21]||System.Type.newInstance()
14:45:11.0 (102924566)|VARIABLE_SCOPE_BEGIN|[18]|triggerHandler|TriggerHandlerInterface|true|false
14:45:11.0 (102953072)|VARIABLE_ASSIGNMENT|[18]|triggerHandler|{"programChecklistList":"0x53ce765f"}|0x78bb7262
14:45:11.0 (102959671)|STATEMENT_EXECUTE|[23]
14:45:11.0 (102974378)|METHOD_ENTRY|[23]|01p8A00000H3MgO|ProgramChecklistInsert.initialize(DataContainerInterface)
14:45:11.0 (102982136)|VARIABLE_SCOPE_BEGIN|[6]|this|ProgramChecklistInsert|true|false
14:45:11.0 (102998815)|VARIABLE_ASSIGNMENT|[6]|this|{"programChecklistList":"0x53ce765f"}|0x78bb7262
14:45:11.0 (103005185)|VARIABLE_SCOPE_BEGIN|[6]|objectDataContainer|DataContainerInterface|true|false
14:45:11.0 (103030506)|VARIABLE_ASSIGNMENT|[6]|objectDataContainer|{"checklistMap":"0x33c4e69a","groupMemberList":"0x6c16e71c","narrativeListMap":"0x412600d","programDocumentGeneration":"0x46d281b1"}|0x3cfbb405
14:45:11.0 (103043838)|HEAP_ALLOCATE|[7]|Bytes:5
14:45:11.0 (103048782)|STATEMENT_EXECUTE|[6]
14:45:11.0 (103051563)|STATEMENT_EXECUTE|[7]
14:45:11.0 (103082537)|VARIABLE_ASSIGNMENT|[EXTERNAL]|this|{"programChecklistList":"0x53ce765f"}|0x78bb7262
14:45:11.0 (103103868)|VARIABLE_ASSIGNMENT|[EXTERNAL]|value|{"checklistMap":"0x33c4e69a","groupMemberList":"0x6c16e71c","narrativeListMap":"0x412600d","programDocumentGeneration":"0x46d281b1"}|0x3cfbb405
14:45:11.0 (103114674)|VARIABLE_ASSIGNMENT|[2]|this.programDataContainer|0x3cfbb405|0x78bb7262
14:45:11.0 (103128299)|METHOD_EXIT|[23]|01p8A00000H3MgO|ProgramChecklistInsert.initialize(DataContainerInterface)
14:45:11.0 (103133970)|STATEMENT_EXECUTE|[24]
14:45:11.0 (103146766)|HEAP_ALLOCATE|[EXTERNAL]|Bytes:4
14:45:11.0 (103165753)|HEAP_ALLOCATE|[17]|Bytes:5
14:45:11.0 (103182112)|HEAP_ALLOCATE|[17]|Bytes:12
14:45:11.0 (103190329)|VARIABLE_SCOPE_BEGIN|[17]|triggerHandlerFunction|TriggerHandlerFunction__mdt|true|false
14:45:11.0 (103213075)|VARIABLE_ASSIGNMENT|[17]|triggerHandlerFunction|{"ApexClass__c":"ProgramTeamInsert","Id":"m008A000000DnOnQAK"}|0x45f11e53
14:45:11.0 (103221154)|STATEMENT_EXECUTE|[17]
14:45:11.0 (103230643)|STATEMENT_EXECUTE|[18]
14:45:11.0 (103245010)|METHOD_ENTRY|[18]||System.Type.forName(String)
14:45:11.0 (103871412)|METHOD_EXIT|[18]||System.Type.forName(String)
14:45:11.0 (103884443)|METHOD_ENTRY|[21]||System.Type.newInstance()
14:45:11.0 (103945628)|METHOD_ENTRY|[1]|01p8A00000H3Klx|ProgramTeamInsert.ProgramTeamInsert()
14:45:11.0 (103953037)|STATEMENT_EXECUTE|[1]
14:45:11.0 (103957943)|STATEMENT_EXECUTE|[1]
14:45:11.0 (103965748)|HEAP_ALLOCATE|[42]|Bytes:5
14:45:11.0 (103974823)|METHOD_EXIT|[1]|ProgramTeamInsert
14:45:11.0 (103981101)|HEAP_ALLOCATE|[42]|Bytes:16
14:45:11.0 (103987498)|VARIABLE_SCOPE_BEGIN|[1]|this|ProgramTeamInsert|true|false
14:45:11.0 (104012759)|VARIABLE_ASSIGNMENT|[1]|this|{}|0x4400fa6c
14:45:11.0 (104022855)|HEAP_ALLOCATE|[4]|Bytes:5
14:45:11.0 (104040724)|STATEMENT_EXECUTE|[1]
14:45:11.0 (104045021)|HEAP_ALLOCATE|[4]|Bytes:5
14:45:11.0 (104049278)|STATEMENT_EXECUTE|[2]
14:45:11.0 (104051923)|STATEMENT_EXECUTE|[3]
14:45:11.0 (104054544)|STATEMENT_EXECUTE|[4]
14:45:11.0 (104124707)|HEAP_ALLOCATE|[4]|Bytes:4
14:45:11.0 (104197259)|HEAP_ALLOCATE|[EXTERNAL]|Bytes:4
14:45:11.0 (104247380)|VARIABLE_ASSIGNMENT|[4]|this.programTeamList|[]|0x4400fa6c
14:45:11.0 (104315276)|METHOD_EXIT|[21]||System.Type.newInstance()
14:45:11.0 (104330168)|VARIABLE_SCOPE_BEGIN|[18]|triggerHandler|TriggerHandlerInterface|true|false
14:45:11.0 (104369138)|VARIABLE_ASSIGNMENT|[18]|triggerHandler|{"programTeamList":"0x58f1dce1"}|0x4400fa6c
14:45:11.0 (104378504)|STATEMENT_EXECUTE|[23]
14:45:11.0 (104396611)|METHOD_ENTRY|[23]|01p8A00000H3Klx|ProgramTeamInsert.initialize(DataContainerInterface)
14:45:11.0 (104407800)|VARIABLE_SCOPE_BEGIN|[6]|this|ProgramTeamInsert|true|false
14:45:11.0 (104431132)|VARIABLE_ASSIGNMENT|[6]|this|{"programTeamList":"0x58f1dce1"}|0x4400fa6c
14:45:11.0 (104440612)|VARIABLE_SCOPE_BEGIN|[6]|objectDataContainer|DataContainerInterface|true|false
14:45:11.0 (104481026)|VARIABLE_ASSIGNMENT|[6]|objectDataContainer|{"checklistMap":"0x33c4e69a","groupMemberList":"0x6c16e71c","narrativeListMap":"0x412600d","programDocumentGeneration":"0x46d281b1"}|0x3cfbb405
14:45:11.0 (104505201)|HEAP_ALLOCATE|[7]|Bytes:5
14:45:11.0 (104513146)|STATEMENT_EXECUTE|[6]
14:45:11.0 (104517098)|STATEMENT_EXECUTE|[7]
14:45:11.0 (104563488)|VARIABLE_ASSIGNMENT|[EXTERNAL]|this|{"programTeamList":"0x58f1dce1"}|0x4400fa6c
14:45:11.0 (104602385)|VARIABLE_ASSIGNMENT|[EXTERNAL]|value|{"checklistMap":"0x33c4e69a","groupMemberList":"0x6c16e71c","narrativeListMap":"0x412600d","programDocumentGeneration":"0x46d281b1"}|0x3cfbb405
14:45:11.0 (104614335)|VARIABLE_ASSIGNMENT|[2]|this.programDataContainer|0x3cfbb405|0x4400fa6c
14:45:11.0 (104634122)|METHOD_EXIT|[23]|01p8A00000H3Klx|ProgramTeamInsert.initialize(DataContainerInterface)
14:45:11.0 (104642941)|STATEMENT_EXECUTE|[24]
14:45:11.0 (104661878)|HEAP_ALLOCATE|[EXTERNAL]|Bytes:4
14:45:11.0 (104682016)|HEAP_ALLOCATE|[17]|Bytes:5
14:45:11.0 (104698679)|HEAP_ALLOCATE|[17]|Bytes:12
14:45:11.0 (104707151)|VARIABLE_SCOPE_BEGIN|[17]|triggerHandlerFunction|TriggerHandlerFunction__mdt|true|false
14:45:11.0 (104727449)|VARIABLE_ASSIGNMENT|[17]|triggerHandlerFunction|{"ApexClass__c":"ProgramPartnerTeamIn (4 more) ...","Id":"m008A000000DnSBQA0"}|0x78aa92e6
14:45:11.0 (104734063)|STATEMENT_EXECUTE|[17]
14:45:11.0 (104736761)|STATEMENT_EXECUTE|[18]
14:45:11.0 (104749489)|METHOD_ENTRY|[18]||System.Type.forName(String)
14:45:11.0 (105348870)|METHOD_EXIT|[18]||System.Type.forName(String)
14:45:11.0 (105362262)|METHOD_ENTRY|[21]||System.Type.newInstance()
14:45:11.0 (105427449)|METHOD_ENTRY|[1]|01p8A00000Iwur8|ProgramPartnerTeamInsert.ProgramPartnerTeamInsert()
14:45:11.0 (105433817)|STATEMENT_EXECUTE|[1]
14:45:11.0 (105438384)|STATEMENT_EXECUTE|[1]
14:45:11.0 (106142543)|SYSTEM_MODE_ENTER|false
14:45:11.0 (106157696)|HEAP_ALLOCATE|[42]|Bytes:5
14:45:11.0 (106168093)|SYSTEM_MODE_EXIT|false
14:45:11.0 (106181901)|METHOD_EXIT|[1]|ProgramPartnerTeamInsert
14:45:11.0 (106190833)|HEAP_ALLOCATE|[42]|Bytes:16
14:45:11.0 (106197885)|VARIABLE_SCOPE_BEGIN|[1]|this|ProgramPartnerTeamInsert|true|false
14:45:11.0 (106235274)|VARIABLE_ASSIGNMENT|[1]|this|{}|0x4d8bdaf4
14:45:11.0 (106249752)|SYSTEM_MODE_ENTER|false
14:45:11.0 (106255399)|HEAP_ALLOCATE|[4]|Bytes:5
14:45:11.0 (106277715)|SYSTEM_MODE_EXIT|false
14:45:11.0 (106282914)|STATEMENT_EXECUTE|[1]
14:45:11.0 (106287114)|SYSTEM_MODE_ENTER|false
14:45:11.0 (106292016)|HEAP_ALLOCATE|[4]|Bytes:5
14:45:11.0 (106296101)|STATEMENT_EXECUTE|[2]
14:45:11.0 (106298735)|STATEMENT_EXECUTE|[3]
14:45:11.0 (106301301)|STATEMENT_EXECUTE|[4]
14:45:11.0 (106380624)|HEAP_ALLOCATE|[4]|Bytes:4
14:45:11.0 (106442699)|HEAP_ALLOCATE|[EXTERNAL]|Bytes:4
14:45:11.0 (106457568)|VARIABLE_ASSIGNMENT|[4]|this.programPartnerTeamList|[]|0x4d8bdaf4
14:45:11.0 (106465747)|SYSTEM_MODE_EXIT|false
14:45:11.0 (106487539)|METHOD_EXIT|[21]||System.Type.newInstance()
14:45:11.0 (106658665)|HEAP_ALLOCATE|[18]|Bytes:92
14:45:11.0 (106686429)|CONSTRUCTOR_EXIT|[10]|01p8A00000H3HG0|<init>(String,Boolean)|TriggerHandler
14:45:11.0 (106910032)|FATAL_ERROR|System.TypeException: Invalid conversion from runtime type ProgramPartnerTeamInsert to TriggerHandlerInterface

Class.TriggerHandler.<init>: line 18, column 1
Trigger.ProgramTrigger: line 10, column 1
14:45:11.0 (106939015)|FATAL_ERROR|System.TypeException: Invalid conversion from runtime type ProgramPartnerTeamInsert to TriggerHandlerInterface

Class.TriggerHandler.<init>: line 18, column 1
Trigger.ProgramTrigger: line 10, column 1
14:45:11.106 (106992603)|CUMULATIVE_LIMIT_USAGE
14:45:11.106 (106992603)|LIMIT_USAGE_FOR_NS|(default)|
  Number of SOQL queries: 6 out of 100
  Number of query rows: 37 out of 50000
  Number of SOSL queries: 0 out of 20
  Number of DML statements: 0 out of 150
  Number of Publish Immediate DML: 0 out of 150
  Number of DML rows: 0 out of 10000
  Maximum CPU time: 0 out of 10000
  Maximum heap size: 0 out of 6000000
  Number of callouts: 0 out of 100
  Number of Email Invocations: 0 out of 10
  Number of future calls: 0 out of 50
  Number of queueable jobs added to the queue: 0 out of 50
  Number of Mobile Apex push calls: 0 out of 10

14:45:11.106 (106992603)|CUMULATIVE_LIMIT_USAGE_END

14:45:11.0 (107151764)|CODE_UNIT_FINISHED|ProgramTrigger on Program trigger event BeforeUpdate|__sfdc_trigger/ProgramTrigger
14:45:11.0 (139704699)|CODE_UNIT_FINISHED|TRIGGERS
14:45:11.0 (139725916)|EXECUTION_FINISHED
