55.0 APEX_CODE,FINEST;APEX_PROFILING,INFO;CALLOUT,INFO;DB,INFO;NBA,INFO;SYSTEM,DEBUG;VALIDATION,INFO;VISUALFORCE,FINER;WAVE,INFO;WORKFLOW,INFO
16:20:20.0 (168055)|USER_INFO|[EXTERNAL]|0054S000000JwFC|jason.juan@libertyfund.org.jason|(GMT-05:00) Eastern Standard Time (America/Indiana/Indianapolis)|GMT-05:00
16:20:20.0 (249443)|EXECUTION_STARTED
16:20:20.0 (256314)|CODE_UNIT_STARTED|[EXTERNAL]|TRIGGERS
16:20:20.0 (294261)|CODE_UNIT_STARTED|[EXTERNAL]|01q8A0000002VR8|ProgramTrigger on Program trigger event BeforeUpdate|__sfdc_trigger/ProgramTrigger
16:20:20.0 (356722)|HEAP_ALLOCATE|[EXTERNAL]|Bytes:8
16:20:20.0 (455136)|HEAP_ALLOCATE|[EXTERNAL]|Bytes:8
16:20:20.0 (988515)|HEAP_ALLOCATE|[79]|Bytes:3
16:20:20.0 (1040235)|HEAP_ALLOCATE|[84]|Bytes:152
16:20:20.0 (1066291)|HEAP_ALLOCATE|[399]|Bytes:408
16:20:20.0 (1118414)|HEAP_ALLOCATE|[412]|Bytes:408
16:20:20.0 (1141747)|HEAP_ALLOCATE|[520]|Bytes:48
16:20:20.0 (1177974)|HEAP_ALLOCATE|[139]|Bytes:6
16:20:20.0 (1215067)|HEAP_ALLOCATE|[EXTERNAL]|Bytes:12
16:20:20.0 (1229159)|VARIABLE_SCOPE_BEGIN|[1]|this|ProgramTrigger|true|false
16:20:20.0 (1348622)|VARIABLE_ASSIGNMENT|[1]|this|{}|0x3fc61409
16:20:20.0 (1399434)|HEAP_ALLOCATE|[EXTERNAL]|Bytes:12
16:20:20.0 (1409341)|VARIABLE_SCOPE_BEGIN|[1]|this|ProgramTrigger|true|false
16:20:20.0 (1432039)|VARIABLE_ASSIGNMENT|[1]|this|{}|0x3fc61409
16:20:20.0 (1444994)|STATEMENT_EXECUTE|[1]
16:20:20.0 (1448680)|STATEMENT_EXECUTE|[9]
16:20:20.0 (1456576)|HEAP_ALLOCATE|[9]|Bytes:10
16:20:20.0 (1499558)|HEAP_ALLOCATE|[52]|Bytes:5
16:20:20.0 (1536499)|HEAP_ALLOCATE|[58]|Bytes:5
16:20:20.0 (1551185)|HEAP_ALLOCATE|[66]|Bytes:7
16:20:20.0 (1610375)|VARIABLE_ASSIGNMENT|[9]|this.TRIGGEROBJECT|"Program__c"|0x3fc61409
16:20:20.0 (1620424)|STATEMENT_EXECUTE|[10]
16:20:20.0 (2986617)|HEAP_ALLOCATE|[10]|Bytes:19
16:20:20.0 (3020440)|METHOD_ENTRY|[1]|01p8A00000H3HG0|TriggerHandler.TriggerHandler()
16:20:20.0 (3029576)|STATEMENT_EXECUTE|[1]
16:20:20.0 (3035576)|STATEMENT_EXECUTE|[1]
16:20:20.0 (3056156)|HEAP_ALLOCATE|[10]|Bytes:5
16:20:20.0 (3069515)|METHOD_EXIT|[1]|TriggerHandler
16:20:20.0 (3079673)|HEAP_ALLOCATE|[10]|Bytes:8
16:20:20.0 (3127175)|CONSTRUCTOR_ENTRY|[10]|01p8A00000H3HG0|<init>(String,Boolean)|TriggerHandler
16:20:20.0 (3160802)|VARIABLE_SCOPE_BEGIN|[4]|this|TriggerHandler|true|false
16:20:20.0 (3206434)|VARIABLE_ASSIGNMENT|[4]|this|{}|0x2091bfa5
16:20:20.0 (3213298)|VARIABLE_SCOPE_BEGIN|[4]|table|String|false|false
16:20:20.0 (3230821)|VARIABLE_ASSIGNMENT|[4]|table|"Program__c"
16:20:20.0 (3237373)|VARIABLE_SCOPE_BEGIN|[4]|hasDataContainer|Boolean|false|false
16:20:20.0 (3275487)|VARIABLE_ASSIGNMENT|[4]|hasDataContainer|true
16:20:20.0 (3286593)|HEAP_ALLOCATE|[5]|Bytes:5
16:20:20.0 (3292338)|STATEMENT_EXECUTE|[1]
16:20:20.0 (3296255)|HEAP_ALLOCATE|[5]|Bytes:5
16:20:20.0 (3300292)|STATEMENT_EXECUTE|[2]
16:20:20.0 (3310419)|HEAP_ALLOCATE|[5]|Bytes:6
16:20:20.0 (5301193)|STATEMENT_EXECUTE|[4]
16:20:20.0 (5308863)|STATEMENT_EXECUTE|[5]
16:20:20.0 (6058454)|VARIABLE_SCOPE_BEGIN|[5]|objectDataContainer|DataContainerInterface|true|false
16:20:20.0 (6105184)|VARIABLE_ASSIGNMENT|[5]|objectDataContainer|null|
16:20:20.0 (6114774)|STATEMENT_EXECUTE|[6]
16:20:20.0 (6768999)|HEAP_ALLOCATE|[6]|Bytes:4
16:20:20.0 (6970958)|HEAP_ALLOCATE|[EXTERNAL]|Bytes:4
16:20:20.0 (7012918)|VARIABLE_ASSIGNMENT|[6]|this.executeFunctionsList|[]|0x2091bfa5
16:20:20.0 (7025097)|STATEMENT_EXECUTE|[7]
16:20:20.0 (7579232)|HEAP_ALLOCATE|[7]|Bytes:1
16:20:20.0 (7609966)|METHOD_ENTRY|[1]|01p8A00000H3HG5|TriggerHandlerFunctionQuery.TriggerHandlerFunctionQuery()
16:20:20.0 (7621475)|STATEMENT_EXECUTE|[1]
16:20:20.0 (7627955)|STATEMENT_EXECUTE|[1]
16:20:20.0 (7648203)|HEAP_ALLOCATE|[7]|Bytes:5
16:20:20.0 (7666505)|METHOD_EXIT|[1]|TriggerHandlerFunctionQuery
16:20:20.0 (7690706)|METHOD_ENTRY|[7]|01p8A00000H3HG5|TriggerHandlerFunctionQuery.getTriggerHandlerFunctionsByObject(String)
16:20:20.0 (7724096)|VARIABLE_SCOPE_BEGIN|[2]|objectName|String|false|false
16:20:20.0 (7752284)|VARIABLE_ASSIGNMENT|[2]|objectName|"Program__c"
16:20:20.0 (7769740)|HEAP_ALLOCATE|[3]|Bytes:5
16:20:20.0 (7778795)|STATEMENT_EXECUTE|[2]
16:20:20.0 (7782182)|STATEMENT_EXECUTE|[3]
16:20:20.0 (7787690)|HEAP_ALLOCATE|[3]|Bytes:141
16:20:20.0 (7819501)|HEAP_ALLOCATE|[3]|Bytes:4
16:20:20.0 (7838358)|HEAP_ALLOCATE|[3]|Bytes:7
16:20:20.0 (9279763)|SOQL_EXECUTE_BEGIN|[3]|Aggregations:0|SELECT ApexClass__c FROM TriggerHandlerFunction__mdt WHERE (Table__c = :tmpVar1 AND Active__c = TRUE) ORDER BY RunSequence__c ASC NULLS FIRST
16:20:20.0 (13992254)|SOQL_EXECUTE_END|[3]|Rows:3
16:20:20.0 (14049007)|HEAP_ALLOCATE|[3]|Bytes:16
16:20:20.0 (14089912)|HEAP_ALLOCATE|[3]|Bytes:193
16:20:20.0 (14237552)|HEAP_ALLOCATE|[3]|Bytes:16
16:20:20.0 (14286643)|METHOD_EXIT|[7]|01p8A00000H3HG5|TriggerHandlerFunctionQuery.getTriggerHandlerFunctionsByObject(String)
16:20:20.0 (14311933)|VARIABLE_SCOPE_BEGIN|[7]|triggerHandlerFunctionList|List<TriggerHandlerFunction__mdt>|true|false
16:20:20.0 (14396972)|VARIABLE_ASSIGNMENT|[7]|triggerHandlerFunctionList|[{"ApexClass__c":"ProgramNarrativeInse (2 more) ...","Id":"m008A000000DnOiQAK"},{"ApexClass__c":"ProgramTeamInsert","Id":"m008A000000DnOnQAK"},{"ApexClass__c":"ProgramRepeatProgam","Id":"m008A000000DnOsQAK"}]|0x74f05fd
16:20:20.0 (14417603)|STATEMENT_EXECUTE|[11]
16:20:20.0 (14420736)|STATEMENT_EXECUTE|[12]
16:20:20.0 (14428228)|HEAP_ALLOCATE|[12]|Bytes:3
16:20:20.0 (14527786)|HEAP_ALLOCATE|[12]|Bytes:7
16:20:20.0 (14543078)|HEAP_ALLOCATE|[12]|Bytes:13
16:20:20.0 (14561532)|HEAP_ALLOCATE|[12]|Bytes:20
16:20:20.0 (14652398)|HEAP_ALLOCATE|[12]|Bytes:30
16:20:20.0 (14679365)|SYSTEM_METHOD_ENTRY|[1]|Type.Type()
16:20:20.0 (14687563)|STATEMENT_EXECUTE|[1]
16:20:20.0 (14702789)|SYSTEM_METHOD_EXIT|[1]|Type
16:20:20.0 (14724202)|METHOD_ENTRY|[12]||System.Type.forName(String)
16:20:20.0 (15789213)|METHOD_EXIT|[12]||System.Type.forName(String)
16:20:20.0 (15820535)|METHOD_ENTRY|[12]||System.Type.newInstance()
16:20:20.0 (15968630)|METHOD_ENTRY|[1]|01p8A00000InZlX|ProgramDataContainer.ProgramDataContainer()
16:20:20.0 (15980995)|STATEMENT_EXECUTE|[1]
16:20:20.0 (15988353)|STATEMENT_EXECUTE|[1]
16:20:20.0 (16003605)|HEAP_ALLOCATE|[42]|Bytes:5
16:20:20.0 (16022444)|METHOD_EXIT|[1]|ProgramDataContainer
16:20:20.0 (16059179)|HEAP_ALLOCATE|[42]|Bytes:12
16:20:20.0 (16069897)|VARIABLE_SCOPE_BEGIN|[1]|this|ProgramDataContainer|true|false
16:20:20.0 (16118397)|VARIABLE_ASSIGNMENT|[1]|this|{}|0x69b8bb5
16:20:20.0 (16132521)|HEAP_ALLOCATE|[42]|Bytes:5
16:20:20.0 (16156243)|STATEMENT_EXECUTE|[1]
16:20:20.0 (16160750)|HEAP_ALLOCATE|[42]|Bytes:5
16:20:20.0 (16164924)|STATEMENT_EXECUTE|[2]
16:20:20.0 (16167618)|STATEMENT_EXECUTE|[3]
16:20:20.0 (16190991)|METHOD_EXIT|[12]||System.Type.newInstance()
16:20:20.0 (16221125)|VARIABLE_ASSIGNMENT|[12]|objectDataContainer|{}|0x69b8bb5
16:20:20.0 (16229294)|STATEMENT_EXECUTE|[13]
16:20:20.0 (16250630)|METHOD_ENTRY|[13]|01p8A00000InZlX|ProgramDataContainer.intialize()
16:20:20.0 (16277404)|VARIABLE_SCOPE_BEGIN|[5]|this|ProgramDataContainer|true|false
16:20:20.0 (16300322)|VARIABLE_ASSIGNMENT|[5]|this|{}|0x69b8bb5
16:20:20.0 (16316863)|HEAP_ALLOCATE|[6]|Bytes:5
16:20:20.0 (16323907)|STATEMENT_EXECUTE|[5]
16:20:20.0 (16327244)|STATEMENT_EXECUTE|[6]
16:20:20.0 (17031701)|HEAP_ALLOCATE|[6]|Bytes:1
16:20:20.0 (17057696)|HEAP_ALLOCATE|[6]|Bytes:4
16:20:20.0 (17078001)|CONSTRUCTOR_ENTRY|[6]|01p8A00000H3Kbh|<init>()|QueriesbyObject.QueriesNarrativeType
16:20:20.0 (17110933)|VARIABLE_SCOPE_BEGIN|[4]|this|QueriesbyObject.QueriesNarrativeType|true|false
16:20:20.0 (17153711)|VARIABLE_ASSIGNMENT|[4]|this|{}|0x773c6e62
16:20:20.0 (17185890)|STATEMENT_EXECUTE|[4]
16:20:20.0 (17194445)|CONSTRUCTOR_EXIT|[6]|01p8A00000H3Kbh|<init>()|QueriesbyObject.QueriesNarrativeType
16:20:20.0 (17224702)|METHOD_ENTRY|[6]|01p8A00000H3Kbh|QueriesbyObject.QueriesNarrativeType.getActiveNarrative()
16:20:20.0 (17232113)|VARIABLE_SCOPE_BEGIN|[5]|this|QueriesbyObject.QueriesNarrativeType|true|false
16:20:20.0 (17249384)|VARIABLE_ASSIGNMENT|[5]|this|{}|0x773c6e62
16:20:20.0 (17258255)|STATEMENT_EXECUTE|[5]
16:20:20.0 (17260820)|STATEMENT_EXECUTE|[6]
16:20:20.0 (17291743)|HEAP_ALLOCATE|[6]|Bytes:4
16:20:20.0 (17314066)|VARIABLE_SCOPE_BEGIN|[6]|narrativeTypeMap|Map<Id,List<Id>>|true|false
16:20:20.0 (17334435)|VARIABLE_ASSIGNMENT|[6]|narrativeTypeMap|{}|0x3a24884e
16:20:20.0 (17341157)|STATEMENT_EXECUTE|[7]
16:20:20.0 (17346863)|HEAP_ALLOCATE|[7]|Bytes:63
16:20:20.0 (17360058)|HEAP_ALLOCATE|[7]|Bytes:4
16:20:20.0 (18306401)|SOQL_EXECUTE_BEGIN|[7]|Aggregations:0|SELECT Id, Type__c FROM NarrativeType__c WHERE Active__c = TRUE
16:20:20.0 (22976206)|SOQL_EXECUTE_END|[7]|Rows:2
16:20:20.0 (23041193)|HEAP_ALLOCATE|[7]|Bytes:12
16:20:20.0 (23093781)|HEAP_ALLOCATE|[7]|Bytes:100
16:20:20.0 (23229078)|HEAP_ALLOCATE|[7]|Bytes:12
16:20:20.0 (23264609)|VARIABLE_SCOPE_BEGIN|[7]|narrativeTypeList|List<NarrativeType__c>|true|false
16:20:20.0 (23332392)|VARIABLE_ASSIGNMENT|[7]|narrativeTypeList|[{"Id":"a038A000006Uy6XQAS","Type__c":"Co-Sponsor"},{"Id":"a038A000006Uy6cQAC","Type__c":"Co-Sponsor"}]|0x56003e7d
16:20:20.0 (23345754)|STATEMENT_EXECUTE|[13]
16:20:20.0 (23455448)|HEAP_ALLOCATE|[13]|Bytes:2
16:20:20.0 (23481176)|HEAP_ALLOCATE|[13]|Bytes:4
16:20:20.0 (23513380)|CONSTRUCTOR_ENTRY|[13]|01p8A00000H3Kbh|<init>()|QueriesbyObject.QueriesRecordType
16:20:20.0 (23562692)|VARIABLE_SCOPE_BEGIN|[32]|this|QueriesbyObject.QueriesRecordType|true|false
16:20:20.0 (23612215)|VARIABLE_ASSIGNMENT|[32]|this|{}|0x297848a2
16:20:20.0 (23664856)|STATEMENT_EXECUTE|[32]
16:20:20.0 (23674422)|CONSTRUCTOR_EXIT|[13]|01p8A00000H3Kbh|<init>()|QueriesbyObject.QueriesRecordType
16:20:20.0 (23744418)|VARIABLE_SCOPE_BEGIN|[2]|QueriesbyObject.PROGRAMOBJECT|String|false|true
16:20:20.0 (23761549)|HEAP_ALLOCATE|[14]|Bytes:57
16:20:20.0 (23771961)|HEAP_ALLOCATE|[14]|Bytes:10
16:20:20.0 (23792304)|VARIABLE_ASSIGNMENT|[14]|QueriesbyObject.PROGRAMOBJECT|"Program__c"
16:20:20.0 (23812117)|METHOD_ENTRY|[1]|01p8A00000H3Kbh|QueriesbyObject.QueriesbyObject()
16:20:20.0 (23821335)|STATEMENT_EXECUTE|[1]
16:20:20.0 (23827700)|STATEMENT_EXECUTE|[1]
16:20:20.0 (23848341)|HEAP_ALLOCATE|[14]|Bytes:5
16:20:20.0 (23854851)|STATEMENT_EXECUTE|[4]
16:20:20.0 (23857819)|STATEMENT_EXECUTE|[32]
16:20:20.0 (23861012)|STATEMENT_EXECUTE|[38]
16:20:20.0 (23874782)|METHOD_EXIT|[1]|QueriesbyObject
16:20:20.0 (23918487)|METHOD_ENTRY|[14]|01p8A00000H3Kbh|QueriesbyObject.QueriesRecordType.getRecordTypeByObject(String)
16:20:20.0 (23948980)|VARIABLE_SCOPE_BEGIN|[33]|this|QueriesbyObject.QueriesRecordType|true|false
16:20:20.0 (23983446)|VARIABLE_ASSIGNMENT|[33]|this|{}|0x297848a2
16:20:20.0 (23992573)|VARIABLE_SCOPE_BEGIN|[33]|sObjectType|String|false|false
16:20:20.0 (24013302)|VARIABLE_ASSIGNMENT|[33]|sObjectType|"Program__c"
16:20:20.0 (24028249)|STATEMENT_EXECUTE|[33]
16:20:20.0 (24032386)|STATEMENT_EXECUTE|[34]
16:20:20.0 (24041408)|HEAP_ALLOCATE|[34]|Bytes:60
16:20:20.0 (24068339)|HEAP_ALLOCATE|[34]|Bytes:4
16:20:20.0 (24564209)|SOQL_EXECUTE_BEGIN|[34]|Aggregations:0|SELECT Id, Name FROM RecordType WHERE SobjectType = :tmpVar1
16:20:20.0 (58679746)|SOQL_EXECUTE_END|[34]|Rows:3
16:20:20.0 (58725830)|HEAP_ALLOCATE|[34]|Bytes:16
16:20:20.0 (58764228)|HEAP_ALLOCATE|[34]|Bytes:130
16:20:20.0 (58890456)|HEAP_ALLOCATE|[34]|Bytes:16
16:20:20.0 (58931980)|METHOD_EXIT|[14]|01p8A00000H3Kbh|QueriesbyObject.QueriesRecordType.getRecordTypeByObject(String)
16:20:20.0 (58951341)|VARIABLE_SCOPE_BEGIN|[13]|recordTypeList|List<RecordType>|true|false
16:20:20.0 (59013125)|VARIABLE_ASSIGNMENT|[13]|recordTypeList|[{"Id":"0128A000002DIGJQA4","Name":"Co-Sponsor"},{"Id":"0128A000002DIGKQA4","Name":"Core"},{"Id":"0128A000002DIGLQA4","Name":"Other"}]|0x15690bd7
16:20:20.0 (59262905)|HEAP_ALLOCATE|[16]|Bytes:5
16:20:20.0 (59293896)|HEAP_ALLOCATE|[16]|Bytes:12
16:20:20.0 (59306741)|VARIABLE_SCOPE_BEGIN|[16]|narrativeType|NarrativeType__c|true|false
16:20:20.0 (59331039)|VARIABLE_ASSIGNMENT|[16]|narrativeType|{"Id":"a038A000006Uy6XQAS","Type__c":"Co-Sponsor"}|0x22b9abf4
16:20:20.0 (59339427)|STATEMENT_EXECUTE|[16]
16:20:20.0 (59425387)|HEAP_ALLOCATE|[17]|Bytes:5
16:20:20.0 (59460780)|HEAP_ALLOCATE|[17]|Bytes:12
16:20:20.0 (59468423)|VARIABLE_SCOPE_BEGIN|[17]|recordType|RecordType|true|false
16:20:20.0 (59485892)|VARIABLE_ASSIGNMENT|[17]|recordType|{"Id":"0128A000002DIGJQA4","Name":"Co-Sponsor"}|0x5f12884f
16:20:20.0 (59493002)|STATEMENT_EXECUTE|[17]
16:20:20.0 (59593931)|STATEMENT_EXECUTE|[18]
16:20:20.0 (59660328)|STATEMENT_EXECUTE|[19]
16:20:20.0 (59663691)|STATEMENT_EXECUTE|[20]
16:20:20.0 (59682863)|HEAP_ALLOCATE|[20]|Bytes:4
16:20:20.0 (59776652)|HEAP_ALLOCATE|[EXTERNAL]|Bytes:8
16:20:20.0 (59784841)|HEAP_ALLOCATE|[EXTERNAL]|Bytes:-4
16:20:20.0 (59804968)|HEAP_ALLOCATE|[17]|Bytes:5
16:20:20.0 (59819017)|HEAP_ALLOCATE|[17]|Bytes:12
16:20:20.0 (59826435)|VARIABLE_SCOPE_BEGIN|[17]|recordType|RecordType|true|false
16:20:20.0 (59845558)|VARIABLE_ASSIGNMENT|[17]|recordType|{"Id":"0128A000002DIGKQA4","Name":"Core"}|0x301b7e52
16:20:20.0 (59852020)|STATEMENT_EXECUTE|[17]
16:20:20.0 (59867781)|STATEMENT_EXECUTE|[18]
16:20:20.0 (59876054)|HEAP_ALLOCATE|[17]|Bytes:5
16:20:20.0 (59886256)|HEAP_ALLOCATE|[17]|Bytes:12
16:20:20.0 (59892576)|VARIABLE_SCOPE_BEGIN|[17]|recordType|RecordType|true|false
16:20:20.0 (59921182)|VARIABLE_ASSIGNMENT|[17]|recordType|{"Id":"0128A000002DIGLQA4","Name":"Other"}|0x30039911
16:20:20.0 (59927110)|STATEMENT_EXECUTE|[17]
16:20:20.0 (59936534)|STATEMENT_EXECUTE|[18]
16:20:20.0 (59944756)|HEAP_ALLOCATE|[17]|Bytes:5
16:20:20.0 (59964492)|VARIABLE_ASSIGNMENT|[17]|recordType|null|
16:20:20.0 (59982854)|HEAP_ALLOCATE|[16]|Bytes:5
16:20:20.0 (60000000)|HEAP_ALLOCATE|[16]|Bytes:12
16:20:20.0 (60007420)|VARIABLE_SCOPE_BEGIN|[16]|narrativeType|NarrativeType__c|true|false
16:20:20.0 (60022101)|VARIABLE_ASSIGNMENT|[16]|narrativeType|{"Id":"a038A000006Uy6cQAC","Type__c":"Co-Sponsor"}|0x2c44f357
16:20:20.0 (60027979)|STATEMENT_EXECUTE|[16]
16:20:20.0 (60045882)|HEAP_ALLOCATE|[17]|Bytes:5
16:20:20.0 (60055118)|HEAP_ALLOCATE|[17]|Bytes:12
16:20:20.0 (60060451)|VARIABLE_SCOPE_BEGIN|[17]|recordType|RecordType|true|false
16:20:20.0 (60072662)|VARIABLE_ASSIGNMENT|[17]|recordType|{"Id":"0128A000002DIGJQA4","Name":"Co-Sponsor"}|0x5f12884f
16:20:20.0 (60078796)|STATEMENT_EXECUTE|[17]
16:20:20.0 (60092150)|STATEMENT_EXECUTE|[18]
16:20:20.0 (60119431)|STATEMENT_EXECUTE|[21]
16:20:20.0 (60122084)|STATEMENT_EXECUTE|[22]
16:20:20.0 (60168050)|HEAP_ALLOCATE|[EXTERNAL]|Bytes:4
16:20:20.0 (60183587)|HEAP_ALLOCATE|[17]|Bytes:5
16:20:20.0 (60193652)|HEAP_ALLOCATE|[17]|Bytes:12
16:20:20.0 (60199520)|VARIABLE_SCOPE_BEGIN|[17]|recordType|RecordType|true|false
16:20:20.0 (60212892)|VARIABLE_ASSIGNMENT|[17]|recordType|{"Id":"0128A000002DIGKQA4","Name":"Core"}|0x301b7e52
16:20:20.0 (60219223)|STATEMENT_EXECUTE|[17]
16:20:20.0 (60229554)|STATEMENT_EXECUTE|[18]
16:20:20.0 (60237162)|HEAP_ALLOCATE|[17]|Bytes:5
16:20:20.0 (60246137)|HEAP_ALLOCATE|[17]|Bytes:12
16:20:20.0 (60251332)|VARIABLE_SCOPE_BEGIN|[17]|recordType|RecordType|true|false
16:20:20.0 (60263423)|VARIABLE_ASSIGNMENT|[17]|recordType|{"Id":"0128A000002DIGLQA4","Name":"Other"}|0x30039911
16:20:20.0 (60269337)|STATEMENT_EXECUTE|[17]
16:20:20.0 (60276696)|STATEMENT_EXECUTE|[18]
16:20:20.0 (60284059)|HEAP_ALLOCATE|[17]|Bytes:5
16:20:20.0 (60295333)|VARIABLE_ASSIGNMENT|[17]|recordType|null|
16:20:20.0 (60305236)|HEAP_ALLOCATE|[16]|Bytes:5
16:20:20.0 (60316062)|VARIABLE_ASSIGNMENT|[16]|narrativeType|null|
16:20:20.0 (60321220)|STATEMENT_EXECUTE|[28]
16:20:20.0 (60330105)|METHOD_EXIT|[6]|01p8A00000H3Kbh|QueriesbyObject.QueriesNarrativeType.getActiveNarrative()
16:20:20.0 (60378824)|VARIABLE_ASSIGNMENT|[EXTERNAL]|this|{}|0x69b8bb5
16:20:20.0 (60405903)|VARIABLE_ASSIGNMENT|[EXTERNAL]|value|{"0128A000002DIGJQA4":["a038A000006Uy6XQAS","a038A000006Uy6cQAC"]}|0x3a24884e
16:20:20.0 (60427198)|VARIABLE_ASSIGNMENT|[2]|this.narrativeListMap|{"0128A000002DIGJQA4":["a038A000006Uy6XQAS","a038A000006Uy6cQAC"]}|0x69b8bb5
16:20:20.0 (60438844)|STATEMENT_EXECUTE|[7]
16:20:20.0 (60519706)|HEAP_ALLOCATE|[7]|Bytes:2
16:20:20.0 (60532836)|HEAP_ALLOCATE|[7]|Bytes:4
16:20:20.0 (60545437)|CONSTRUCTOR_ENTRY|[7]|01p8A00000H3Kbh|<init>()|QueriesbyObject.QueriesGroupMember
16:20:20.0 (60565799)|VARIABLE_SCOPE_BEGIN|[38]|this|QueriesbyObject.QueriesGroupMember|true|false
16:20:20.0 (60596186)|VARIABLE_ASSIGNMENT|[38]|this|{}|0x675f5660
16:20:20.0 (60622364)|STATEMENT_EXECUTE|[38]
16:20:20.0 (60628032)|CONSTRUCTOR_EXIT|[7]|01p8A00000H3Kbh|<init>()|QueriesbyObject.QueriesGroupMember
16:20:20.0 (60646112)|METHOD_ENTRY|[7]|01p8A00000H3Kbh|QueriesbyObject.QueriesGroupMember.getGroupMember()
16:20:20.0 (60652757)|VARIABLE_SCOPE_BEGIN|[39]|this|QueriesbyObject.QueriesGroupMember|true|false
16:20:20.0 (60666035)|VARIABLE_ASSIGNMENT|[39]|this|{}|0x675f5660
16:20:20.0 (60674343)|STATEMENT_EXECUTE|[39]
16:20:20.0 (60676971)|STATEMENT_EXECUTE|[40]
16:20:20.0 (60681160)|HEAP_ALLOCATE|[40]|Bytes:58
16:20:20.0 (60697125)|HEAP_ALLOCATE|[40]|Bytes:4
16:20:20.0 (61185849)|SOQL_EXECUTE_BEGIN|[40]|Aggregations:0|SELECT UserOrGroupId, Group.DeveloperName FROM GroupMember
16:20:20.0 (66368063)|SOQL_EXECUTE_END|[40]|Rows:8
16:20:20.0 (66408637)|HEAP_ALLOCATE|[40]|Bytes:36
16:20:20.0 (66508559)|HEAP_ALLOCATE|[40]|Bytes:934
16:20:20.0 (66649516)|HEAP_ALLOCATE|[40]|Bytes:36
16:20:20.0 (66681365)|METHOD_EXIT|[7]|01p8A00000H3Kbh|QueriesbyObject.QueriesGroupMember.getGroupMember()
16:20:20.0 (66779994)|VARIABLE_ASSIGNMENT|[EXTERNAL]|this|{"narrativeListMap":"0x3a24884e"}|0x69b8bb5
16:20:20.0 (66827891)|VARIABLE_ASSIGNMENT|[EXTERNAL]|value|"List of size 8 too large to display"|0x6016f221
16:20:20.0 (66857438)|VARIABLE_ASSIGNMENT|[3]|this.groupMemberList|"List of size 8 too large to display"|0x69b8bb5
16:20:20.0 (66882927)|METHOD_EXIT|[13]|01p8A00000InZlX|ProgramDataContainer.intialize()
16:20:20.0 (67084440)|HEAP_ALLOCATE|[16]|Bytes:5
16:20:20.0 (67147724)|HEAP_ALLOCATE|[16]|Bytes:12
16:20:20.0 (67166616)|VARIABLE_SCOPE_BEGIN|[16]|triggerHandlerFunction|TriggerHandlerFunction__mdt|true|false
16:20:20.0 (67207732)|VARIABLE_ASSIGNMENT|[16]|triggerHandlerFunction|{"ApexClass__c":"ProgramNarrativeInse (2 more) ...","Id":"m008A000000DnOiQAK"}|0x14c2caa0
16:20:20.0 (67217932)|STATEMENT_EXECUTE|[16]
16:20:20.0 (67220795)|STATEMENT_EXECUTE|[17]
16:20:20.0 (67289082)|METHOD_ENTRY|[17]||System.Type.forName(String)
16:20:20.0 (68086061)|METHOD_EXIT|[17]||System.Type.forName(String)
16:20:20.0 (68109413)|METHOD_ENTRY|[20]||System.Type.newInstance()
16:20:20.0 (68300253)|METHOD_ENTRY|[1]|01p8A00000H3Kc6|ProgramNarrativeInsert.ProgramNarrativeInsert()
16:20:20.0 (68309844)|STATEMENT_EXECUTE|[1]
16:20:20.0 (68316076)|STATEMENT_EXECUTE|[1]
16:20:20.0 (68326911)|HEAP_ALLOCATE|[42]|Bytes:5
16:20:20.0 (68340239)|METHOD_EXIT|[1]|ProgramNarrativeInsert
16:20:20.0 (68349102)|HEAP_ALLOCATE|[42]|Bytes:16
16:20:20.0 (68358207)|VARIABLE_SCOPE_BEGIN|[1]|this|ProgramNarrativeInsert|true|false
16:20:20.0 (68478306)|VARIABLE_ASSIGNMENT|[1]|this|{}|0x18fee0b5
16:20:20.0 (68493447)|HEAP_ALLOCATE|[4]|Bytes:5
16:20:20.0 (68518217)|STATEMENT_EXECUTE|[1]
16:20:20.0 (68523321)|HEAP_ALLOCATE|[4]|Bytes:5
16:20:20.0 (68527425)|STATEMENT_EXECUTE|[2]
16:20:20.0 (68530271)|STATEMENT_EXECUTE|[3]
16:20:20.0 (68532641)|STATEMENT_EXECUTE|[4]
16:20:20.0 (68549533)|HEAP_ALLOCATE|[4]|Bytes:4
16:20:20.0 (68684812)|HEAP_ALLOCATE|[EXTERNAL]|Bytes:4
16:20:20.0 (68709807)|VARIABLE_ASSIGNMENT|[4]|this.programNarrativeList|[]|0x18fee0b5
16:20:20.0 (68745142)|METHOD_EXIT|[20]||System.Type.newInstance()
16:20:20.0 (68759242)|VARIABLE_SCOPE_BEGIN|[17]|triggerHandler|TriggerHandlerInterface|true|false
16:20:20.0 (68790345)|VARIABLE_ASSIGNMENT|[17]|triggerHandler|{"programNarrativeList":"0x32528973"}|0x18fee0b5
16:20:20.0 (68797089)|STATEMENT_EXECUTE|[22]
16:20:20.0 (68815322)|METHOD_ENTRY|[22]|01p8A00000H3Kc6|ProgramNarrativeInsert.initialize(DataContainerInterface)
16:20:20.0 (68841489)|VARIABLE_SCOPE_BEGIN|[6]|this|ProgramNarrativeInsert|true|false
16:20:20.0 (68859604)|VARIABLE_ASSIGNMENT|[6]|this|{"programNarrativeList":"0x32528973"}|0x18fee0b5
16:20:20.0 (68865523)|VARIABLE_SCOPE_BEGIN|[6]|objectDataContainer|DataContainerInterface|true|false
16:20:20.0 (68887545)|VARIABLE_ASSIGNMENT|[6]|objectDataContainer|{"groupMemberList":"0x6016f221","narrativeListMap":"0x3a24884e"}|0x69b8bb5
16:20:20.0 (68900849)|HEAP_ALLOCATE|[7]|Bytes:5
16:20:20.0 (68915419)|STATEMENT_EXECUTE|[6]
16:20:20.0 (68919181)|STATEMENT_EXECUTE|[7]
16:20:20.0 (68980256)|VARIABLE_ASSIGNMENT|[EXTERNAL]|this|{"programNarrativeList":"0x32528973"}|0x18fee0b5
16:20:20.0 (69006468)|VARIABLE_ASSIGNMENT|[EXTERNAL]|value|{"groupMemberList":"0x6016f221","narrativeListMap":"0x3a24884e"}|0x69b8bb5
16:20:20.0 (69021771)|VARIABLE_ASSIGNMENT|[2]|this.programDataContainer|0x69b8bb5|0x18fee0b5
16:20:20.0 (69043749)|METHOD_EXIT|[22]|01p8A00000H3Kc6|ProgramNarrativeInsert.initialize(DataContainerInterface)
16:20:20.0 (69052505)|STATEMENT_EXECUTE|[23]
16:20:20.0 (69098871)|HEAP_ALLOCATE|[EXTERNAL]|Bytes:4
16:20:20.0 (69124905)|HEAP_ALLOCATE|[16]|Bytes:5
16:20:20.0 (69144240)|HEAP_ALLOCATE|[16]|Bytes:12
16:20:20.0 (69154029)|VARIABLE_SCOPE_BEGIN|[16]|triggerHandlerFunction|TriggerHandlerFunction__mdt|true|false
16:20:20.0 (69176132)|VARIABLE_ASSIGNMENT|[16]|triggerHandlerFunction|{"ApexClass__c":"ProgramTeamInsert","Id":"m008A000000DnOnQAK"}|0x402d4c5c
16:20:20.0 (69183189)|STATEMENT_EXECUTE|[16]
16:20:20.0 (69185825)|STATEMENT_EXECUTE|[17]
16:20:20.0 (69203625)|METHOD_ENTRY|[17]||System.Type.forName(String)
16:20:20.0 (69926153)|METHOD_EXIT|[17]||System.Type.forName(String)
16:20:20.0 (69938866)|METHOD_ENTRY|[20]||System.Type.newInstance()
16:20:20.0 (70056954)|METHOD_ENTRY|[1]|01p8A00000H3Klx|ProgramTeamInsert.ProgramTeamInsert()
16:20:20.0 (70064765)|STATEMENT_EXECUTE|[1]
16:20:20.0 (70069752)|STATEMENT_EXECUTE|[1]
16:20:20.0 (70076882)|HEAP_ALLOCATE|[42]|Bytes:5
16:20:20.0 (70087575)|METHOD_EXIT|[1]|ProgramTeamInsert
16:20:20.0 (70094952)|HEAP_ALLOCATE|[42]|Bytes:16
16:20:20.0 (70103132)|VARIABLE_SCOPE_BEGIN|[1]|this|ProgramTeamInsert|true|false
16:20:20.0 (70206726)|VARIABLE_ASSIGNMENT|[1]|this|{}|0xd3bcda1
16:20:20.0 (70219431)|HEAP_ALLOCATE|[4]|Bytes:5
16:20:20.0 (70242877)|STATEMENT_EXECUTE|[1]
16:20:20.0 (70247038)|HEAP_ALLOCATE|[4]|Bytes:5
16:20:20.0 (70251473)|STATEMENT_EXECUTE|[2]
16:20:20.0 (70254166)|STATEMENT_EXECUTE|[3]
16:20:20.0 (70256556)|STATEMENT_EXECUTE|[4]
16:20:20.0 (70269160)|HEAP_ALLOCATE|[4]|Bytes:4
16:20:20.0 (70370887)|HEAP_ALLOCATE|[EXTERNAL]|Bytes:4
16:20:20.0 (70409309)|VARIABLE_ASSIGNMENT|[4]|this.programTeamList|[]|0xd3bcda1
16:20:20.0 (70433913)|METHOD_EXIT|[20]||System.Type.newInstance()
16:20:20.0 (70445399)|VARIABLE_SCOPE_BEGIN|[17]|triggerHandler|TriggerHandlerInterface|true|false
16:20:20.0 (70472858)|VARIABLE_ASSIGNMENT|[17]|triggerHandler|{"programTeamList":"0x32b052c8"}|0xd3bcda1
16:20:20.0 (70479963)|STATEMENT_EXECUTE|[22]
16:20:20.0 (70496812)|METHOD_ENTRY|[22]|01p8A00000H3Klx|ProgramTeamInsert.initialize(DataContainerInterface)
16:20:20.0 (70504717)|VARIABLE_SCOPE_BEGIN|[6]|this|ProgramTeamInsert|true|false
16:20:20.0 (70519998)|VARIABLE_ASSIGNMENT|[6]|this|{"programTeamList":"0x32b052c8"}|0xd3bcda1
16:20:20.0 (70526129)|VARIABLE_SCOPE_BEGIN|[6]|objectDataContainer|DataContainerInterface|true|false
16:20:20.0 (70548020)|VARIABLE_ASSIGNMENT|[6]|objectDataContainer|{"groupMemberList":"0x6016f221","narrativeListMap":"0x3a24884e"}|0x69b8bb5
16:20:20.0 (70558944)|HEAP_ALLOCATE|[7]|Bytes:5
16:20:20.0 (70563364)|STATEMENT_EXECUTE|[6]
16:20:20.0 (70565869)|STATEMENT_EXECUTE|[7]
16:20:20.0 (70612526)|VARIABLE_ASSIGNMENT|[EXTERNAL]|this|{"programTeamList":"0x32b052c8"}|0xd3bcda1
16:20:20.0 (70629323)|VARIABLE_ASSIGNMENT|[EXTERNAL]|value|{"groupMemberList":"0x6016f221","narrativeListMap":"0x3a24884e"}|0x69b8bb5
16:20:20.0 (70639984)|VARIABLE_ASSIGNMENT|[2]|this.programDataContainer|0x69b8bb5|0xd3bcda1
16:20:20.0 (70653371)|METHOD_EXIT|[22]|01p8A00000H3Klx|ProgramTeamInsert.initialize(DataContainerInterface)
16:20:20.0 (70658785)|STATEMENT_EXECUTE|[23]
16:20:20.0 (70675115)|HEAP_ALLOCATE|[EXTERNAL]|Bytes:4
16:20:20.0 (70699257)|HEAP_ALLOCATE|[16]|Bytes:5
16:20:20.0 (70724774)|HEAP_ALLOCATE|[16]|Bytes:12
16:20:20.0 (70737123)|VARIABLE_SCOPE_BEGIN|[16]|triggerHandlerFunction|TriggerHandlerFunction__mdt|true|false
16:20:20.0 (70766692)|VARIABLE_ASSIGNMENT|[16]|triggerHandlerFunction|{"ApexClass__c":"ProgramRepeatProgam","Id":"m008A000000DnOsQAK"}|0x376a94bb
16:20:20.0 (70774772)|STATEMENT_EXECUTE|[16]
16:20:20.0 (70777461)|STATEMENT_EXECUTE|[17]
16:20:20.0 (70794384)|METHOD_ENTRY|[17]||System.Type.forName(String)
16:20:20.0 (71447979)|METHOD_EXIT|[17]||System.Type.forName(String)
16:20:20.0 (71462791)|METHOD_ENTRY|[20]||System.Type.newInstance()
16:20:20.0 (71570922)|METHOD_ENTRY|[1]|01p8A00000H3LjP|ProgramRepeatProgam.ProgramRepeatProgam()
16:20:20.0 (71577717)|STATEMENT_EXECUTE|[1]
16:20:20.0 (71582978)|STATEMENT_EXECUTE|[1]
16:20:20.0 (72362129)|SYSTEM_MODE_ENTER|false
16:20:20.0 (72379549)|HEAP_ALLOCATE|[42]|Bytes:5
16:20:20.0 (72390760)|SYSTEM_MODE_EXIT|false
16:20:20.0 (72404634)|METHOD_EXIT|[1]|ProgramRepeatProgam
16:20:20.0 (72414891)|HEAP_ALLOCATE|[42]|Bytes:16
16:20:20.0 (72425306)|VARIABLE_SCOPE_BEGIN|[1]|this|ProgramRepeatProgam|true|false
16:20:20.0 (72658951)|VARIABLE_ASSIGNMENT|[1]|this|{}|0x503d79c2
16:20:20.0 (72678721)|SYSTEM_MODE_ENTER|false
16:20:20.0 (72687961)|HEAP_ALLOCATE|[3]|Bytes:5
16:20:20.0 (72716458)|SYSTEM_MODE_EXIT|false
16:20:20.0 (72722668)|STATEMENT_EXECUTE|[1]
16:20:20.0 (72726872)|SYSTEM_MODE_ENTER|false
16:20:20.0 (72731963)|HEAP_ALLOCATE|[3]|Bytes:5
16:20:20.0 (72736547)|STATEMENT_EXECUTE|[2]
16:20:20.0 (72739255)|STATEMENT_EXECUTE|[3]
16:20:20.0 (72755455)|HEAP_ALLOCATE|[3]|Bytes:4
16:20:20.0 (72822410)|VARIABLE_ASSIGNMENT|[3]|this.newProgramSessionMap|{}|0x503d79c2
16:20:20.0 (72831991)|STATEMENT_EXECUTE|[4]
16:20:20.0 (72852816)|HEAP_ALLOCATE|[4]|Bytes:4
16:20:20.0 (72881044)|VARIABLE_ASSIGNMENT|[4]|this.newProgramSessionReadingMap|{}|0x503d79c2
16:20:20.0 (72891959)|SYSTEM_MODE_EXIT|false
16:20:20.0 (72927709)|METHOD_EXIT|[20]||System.Type.newInstance()
16:20:20.0 (72940707)|VARIABLE_SCOPE_BEGIN|[17]|triggerHandler|TriggerHandlerInterface|true|false
16:20:20.0 (72973425)|VARIABLE_ASSIGNMENT|[17]|triggerHandler|{"newProgramSessionMap":"0x17afffd5","newProgramSessionReadingMap":"0x38c8bc44"}|0x503d79c2
16:20:20.0 (72980207)|STATEMENT_EXECUTE|[22]
16:20:20.0 (73001581)|METHOD_ENTRY|[22]|01p8A00000H3LjP|ProgramRepeatProgam.initialize(DataContainerInterface)
16:20:20.0 (73010712)|VARIABLE_SCOPE_BEGIN|[6]|this|ProgramRepeatProgam|true|false
16:20:20.0 (73028225)|VARIABLE_ASSIGNMENT|[6]|this|{"newProgramSessionMap":"0x17afffd5","newProgramSessionReadingMap":"0x38c8bc44"}|0x503d79c2
16:20:20.0 (73034838)|VARIABLE_SCOPE_BEGIN|[6]|objectDataContainer|DataContainerInterface|true|false
16:20:20.0 (73057190)|VARIABLE_ASSIGNMENT|[6]|objectDataContainer|{"groupMemberList":"0x6016f221","narrativeListMap":"0x3a24884e"}|0x69b8bb5
16:20:20.0 (73069212)|SYSTEM_MODE_ENTER|false
16:20:20.0 (73075203)|HEAP_ALLOCATE|[7]|Bytes:5
16:20:20.0 (73080060)|STATEMENT_EXECUTE|[6]
16:20:20.0 (73082553)|STATEMENT_EXECUTE|[7]
16:20:20.0 (73139007)|VARIABLE_ASSIGNMENT|[EXTERNAL]|this|{"newProgramSessionMap":"0x17afffd5","newProgramSessionReadingMap":"0x38c8bc44"}|0x503d79c2
16:20:20.0 (73187126)|VARIABLE_ASSIGNMENT|[EXTERNAL]|value|{"groupMemberList":"0x6016f221","narrativeListMap":"0x3a24884e"}|0x69b8bb5
16:20:20.0 (73203554)|VARIABLE_ASSIGNMENT|[2]|this.programDataContainer|0x69b8bb5|0x503d79c2
16:20:20.0 (73223809)|SYSTEM_MODE_EXIT|false
16:20:20.0 (73233282)|METHOD_EXIT|[22]|01p8A00000H3LjP|ProgramRepeatProgam.initialize(DataContainerInterface)
16:20:20.0 (73239556)|STATEMENT_EXECUTE|[23]
16:20:20.0 (73257819)|HEAP_ALLOCATE|[EXTERNAL]|Bytes:4
16:20:20.0 (73288319)|HEAP_ALLOCATE|[16]|Bytes:5
16:20:20.0 (73314088)|VARIABLE_ASSIGNMENT|[16]|triggerHandlerFunction|null|
16:20:20.0 (73341722)|CONSTRUCTOR_EXIT|[10]|01p8A00000H3HG0|<init>(String,Boolean)|TriggerHandler
16:20:20.0 (73365070)|VARIABLE_ASSIGNMENT|[10]|this.triggerHandler|0x2091bfa5|0x3fc61409
16:20:20.0 (73379146)|STATEMENT_EXECUTE|[12]
16:20:20.0 (73386131)|STATEMENT_EXECUTE|[13]
16:20:20.0 (73391540)|STATEMENT_EXECUTE|[16]
16:20:20.0 (73394258)|STATEMENT_EXECUTE|[17]
16:20:20.0 (73502320)|METHOD_ENTRY|[17]|01p8A00000H3HG0|TriggerHandler.TriggerHandlerBeforeUpdate(Map<Id,SObject>, Map<Id,SObject>)
16:20:20.0 (73529194)|VARIABLE_SCOPE_BEGIN|[37]|this|TriggerHandler|true|false
16:20:20.0 (73573012)|VARIABLE_ASSIGNMENT|[37]|this|{"executeFunctionsList":"0x58fc12d6"}|0x2091bfa5
16:20:20.0 (73583423)|VARIABLE_SCOPE_BEGIN|[37]|newTriggerMap|Map<Id,SObject>|true|false
16:20:20.0 (74921564)|VARIABLE_ASSIGNMENT|[37]|newTriggerMap|{"a098A000007UkROQA0":{"LastModifiedDate":"2022-11-14T21:14:46.000Z","IsDeleted":false,"RepeatProgramId__c":"a098A000007UkSRQA0","Name":"P-00007","SystemModstamp":"2022-11-14T21:14:46.000Z","Stage__c":"Proposal","ProposalId__c":"12234","OwnerId":"0054S000000JwFCQA0","CreatedById":"0054S000000JwFCQA0","RecordTypeId":"0128A000002DIGJQA4","CreatedDate":"2022-11-08T06:31:19.000Z","SubStage__c":"PEP - Initiated","Id":"a098A000007UkROQA0","LastModifiedById":"0054S000000JwFCQA0","ProgramTitle__c":"RTetfds"}}|0x14179bdb
16:20:20.0 (74945374)|VARIABLE_SCOPE_BEGIN|[37]|oldTriggerMap|Map<Id,SObject>|true|false
16:20:20.0 (75171244)|VARIABLE_ASSIGNMENT|[37]|oldTriggerMap|{"a098A000007UkROQA0":{"LastModifiedDate":"2022-11-14T21:14:46.000Z","IsDeleted":false,"Name":"P-00007","SystemModstamp":"2022-11-14T21:14:46.000Z","Stage__c":"Proposal","ProposalId__c":"12234","OwnerId":"0054S000000JwFCQA0","CreatedById":"0054S000000JwFCQA0","RecordTypeId":"0128A000002DIGJQA4","CreatedDate":"2022-11-08T06:31:19.000Z","SubStage__c":"PEP - Initiated","Id":"a098A000007UkROQA0","LastModifiedById":"0054S000000JwFCQA0","ProgramTitle__c":"RTetfds"}}|0x30c1e3bd
16:20:20.0 (75196985)|HEAP_ALLOCATE|[38]|Bytes:5
16:20:20.0 (75204642)|STATEMENT_EXECUTE|[37]
16:20:20.0 (75344489)|HEAP_ALLOCATE|[38]|Bytes:5
16:20:20.0 (75363626)|HEAP_ALLOCATE|[38]|Bytes:16
16:20:20.0 (76396961)|VARIABLE_SCOPE_BEGIN|[38]|function|TriggerHandlerInterface|true|false
16:20:20.0 (76456717)|VARIABLE_ASSIGNMENT|[38]|function|{"programDataContainer":"0x69b8bb5","programNarrativeList":"0x32528973"}|0x18fee0b5
16:20:20.0 (76466025)|STATEMENT_EXECUTE|[38]
16:20:20.0 (76468913)|STATEMENT_EXECUTE|[39]
16:20:20.0 (76496260)|METHOD_ENTRY|[39]|01p8A00000H3Kc6|ProgramNarrativeInsert.TriggerHandlerBeforeUpdate(Map<Id,SObject>, Map<Id,SObject>)
16:20:20.0 (76532547)|VARIABLE_SCOPE_BEGIN|[15]|this|ProgramNarrativeInsert|true|false
16:20:20.0 (76560009)|VARIABLE_ASSIGNMENT|[15]|this|{"programDataContainer":"0x69b8bb5","programNarrativeList":"0x32528973"}|0x18fee0b5
16:20:20.0 (76567639)|VARIABLE_SCOPE_BEGIN|[15]|newTriggerMap|Map<Id,SObject>|true|false
16:20:20.0 (76835490)|VARIABLE_ASSIGNMENT|[15]|newTriggerMap|{"a098A000007UkROQA0":{"LastModifiedDate":"2022-11-14T21:14:46.000Z","IsDeleted":false,"RepeatProgramId__c":"a098A000007UkSRQA0","Name":"P-00007","SystemModstamp":"2022-11-14T21:14:46.000Z","Stage__c":"Proposal","ProposalId__c":"12234","OwnerId":"0054S000000JwFCQA0","CreatedById":"0054S000000JwFCQA0","RecordTypeId":"0128A000002DIGJQA4","CreatedDate":"2022-11-08T06:31:19.000Z","SubStage__c":"PEP - Initiated","Id":"a098A000007UkROQA0","LastModifiedById":"0054S000000JwFCQA0","ProgramTitle__c":"RTetfds"}}|0x14179bdb
16:20:20.0 (76850013)|VARIABLE_SCOPE_BEGIN|[15]|oldTriggerMap|Map<Id,SObject>|true|false
16:20:20.0 (77048468)|VARIABLE_ASSIGNMENT|[15]|oldTriggerMap|{"a098A000007UkROQA0":{"LastModifiedDate":"2022-11-14T21:14:46.000Z","IsDeleted":false,"Name":"P-00007","SystemModstamp":"2022-11-14T21:14:46.000Z","Stage__c":"Proposal","ProposalId__c":"12234","OwnerId":"0054S000000JwFCQA0","CreatedById":"0054S000000JwFCQA0","RecordTypeId":"0128A000002DIGJQA4","CreatedDate":"2022-11-08T06:31:19.000Z","SubStage__c":"PEP - Initiated","Id":"a098A000007UkROQA0","LastModifiedById":"0054S000000JwFCQA0","ProgramTitle__c":"RTetfds"}}|0x30c1e3bd
16:20:20.0 (77078203)|HEAP_ALLOCATE|[16]|Bytes:5
16:20:20.0 (77085423)|STATEMENT_EXECUTE|[15]
16:20:20.0 (77088120)|STATEMENT_EXECUTE|[16]
16:20:20.0 (77113427)|METHOD_ENTRY|[16]|01p8A00000H3Kc6|ProgramNarrativeInsert.insertProgramNarrative(Map<Id,SObject>)
16:20:20.0 (77149983)|VARIABLE_SCOPE_BEGIN|[25]|this|ProgramNarrativeInsert|true|false
16:20:20.0 (77184731)|VARIABLE_ASSIGNMENT|[25]|this|{"programDataContainer":"0x69b8bb5","programNarrativeList":"0x32528973"}|0x18fee0b5
16:20:20.0 (77192157)|VARIABLE_SCOPE_BEGIN|[25]|newTriggerMap|Map<Id,SObject>|true|false
16:20:20.0 (77395554)|VARIABLE_ASSIGNMENT|[25]|newTriggerMap|{"a098A000007UkROQA0":{"LastModifiedDate":"2022-11-14T21:14:46.000Z","IsDeleted":false,"RepeatProgramId__c":"a098A000007UkSRQA0","Name":"P-00007","SystemModstamp":"2022-11-14T21:14:46.000Z","Stage__c":"Proposal","ProposalId__c":"12234","OwnerId":"0054S000000JwFCQA0","CreatedById":"0054S000000JwFCQA0","RecordTypeId":"0128A000002DIGJQA4","CreatedDate":"2022-11-08T06:31:19.000Z","SubStage__c":"PEP - Initiated","Id":"a098A000007UkROQA0","LastModifiedById":"0054S000000JwFCQA0","ProgramTitle__c":"RTetfds"}}|0x14179bdb
16:20:20.0 (77417177)|HEAP_ALLOCATE|[26]|Bytes:5
16:20:20.0 (77423515)|STATEMENT_EXECUTE|[25]
16:20:20.0 (77426183)|STATEMENT_EXECUTE|[26]
16:20:20.0 (77546973)|HEAP_ALLOCATE|[26]|Bytes:26
16:20:20.0 (77568503)|VARIABLE_SCOPE_BEGIN|[26]|idSet|Set<Id>|true|false
16:20:20.0 (77600400)|VARIABLE_ASSIGNMENT|[26]|idSet|["a098A000007UkROQA0"]|0x56f5128c
16:20:20.0 (77606482)|STATEMENT_EXECUTE|[27]
16:20:20.0 (78227993)|HEAP_ALLOCATE|[27]|Bytes:11
16:20:20.0 (78252207)|HEAP_ALLOCATE|[27]|Bytes:4
16:20:20.0 (78272760)|CONSTRUCTOR_ENTRY|[27]|01p8A00000H3KlO|<init>()|QueriesbyProgramObjects.QueriesProgramNarrative
16:20:20.0 (78308139)|VARIABLE_SCOPE_BEGIN|[24]|this|QueriesbyProgramObjects.QueriesProgramNarrative|true|false
16:20:20.0 (78342387)|VARIABLE_ASSIGNMENT|[24]|this|{}|0x5e230a6c
16:20:20.0 (78376229)|STATEMENT_EXECUTE|[24]
16:20:20.0 (78383048)|CONSTRUCTOR_EXIT|[27]|01p8A00000H3KlO|<init>()|QueriesbyProgramObjects.QueriesProgramNarrative
16:20:20.0 (78411126)|METHOD_ENTRY|[28]|01p8A00000H3KlO|QueriesbyProgramObjects.QueriesProgramNarrative.getProgramNarrativeByProgram(Set<Id>)
16:20:20.0 (78433110)|VARIABLE_SCOPE_BEGIN|[25]|this|QueriesbyProgramObjects.QueriesProgramNarrative|true|false
16:20:20.0 (78449034)|VARIABLE_ASSIGNMENT|[25]|this|{}|0x5e230a6c
16:20:20.0 (78455969)|VARIABLE_SCOPE_BEGIN|[25]|idSet|Set<Id>|true|false
16:20:20.0 (78474676)|VARIABLE_ASSIGNMENT|[25]|idSet|["a098A000007UkROQA0"]|0x56f5128c
16:20:20.0 (78486494)|STATEMENT_EXECUTE|[25]
16:20:20.0 (78489196)|STATEMENT_EXECUTE|[26]
16:20:20.0 (78510645)|HEAP_ALLOCATE|[26]|Bytes:4
16:20:20.0 (78522646)|VARIABLE_SCOPE_BEGIN|[26]|programNarrativeMap|Map<Id,List<Id>>|true|false
16:20:20.0 (78542162)|VARIABLE_ASSIGNMENT|[26]|programNarrativeMap|{}|0x3bc92f58
16:20:20.0 (78548624)|STATEMENT_EXECUTE|[28]
16:20:20.0 (78563002)|METHOD_ENTRY|[28]|01p8A00000H3KlO|QueriesbyProgramObjects.QueriesProgramNarrative.privateGetProgramNarrativeByProgram(Set<Id>)
16:20:20.0 (78578883)|VARIABLE_SCOPE_BEGIN|[71]|this|QueriesbyProgramObjects.QueriesProgramNarrative|true|false
16:20:20.0 (78598476)|VARIABLE_ASSIGNMENT|[71]|this|{}|0x5e230a6c
16:20:20.0 (78605004)|VARIABLE_SCOPE_BEGIN|[71]|idSet|Set<Id>|true|false
16:20:20.0 (78616637)|VARIABLE_ASSIGNMENT|[71]|idSet|["a098A000007UkROQA0"]|0x56f5128c
16:20:20.0 (78623512)|STATEMENT_EXECUTE|[71]
16:20:20.0 (78626186)|STATEMENT_EXECUTE|[72]
16:20:20.0 (78632901)|HEAP_ALLOCATE|[72]|Bytes:108
16:20:20.0 (78649378)|HEAP_ALLOCATE|[72]|Bytes:4
16:20:20.0 (78691682)|HEAP_ALLOCATE|[72]|Bytes:8
16:20:20.0 (78704175)|HEAP_ALLOCATE|[72]|Bytes:8
16:20:20.0 (79974650)|SOQL_EXECUTE_BEGIN|[72]|Aggregations:0|SELECT NarrativeTypeId__c, ProgramId__c, Narrative__c FROM ProgramNarrative__c WHERE ProgramId__c = :tmpVar1
16:20:20.0 (88170167)|SOQL_EXECUTE_END|[72]|Rows:2
16:20:20.0 (88229813)|HEAP_ALLOCATE|[72]|Bytes:12
16:20:20.0 (88282655)|HEAP_ALLOCATE|[72]|Bytes:206
16:20:20.0 (88341715)|HEAP_ALLOCATE|[72]|Bytes:12
16:20:20.0 (88400304)|METHOD_EXIT|[28]|01p8A00000H3KlO|QueriesbyProgramObjects.QueriesProgramNarrative.privateGetProgramNarrativeByProgram(Set<Id>)
16:20:20.0 (88419420)|VARIABLE_SCOPE_BEGIN|[28]|programNarrativeList|List<ProgramNarrative__c>|true|false
16:20:20.0 (88487291)|VARIABLE_ASSIGNMENT|[28]|programNarrativeList|[{"NarrativeTypeId__c":"a038A000006Uy6XQAS","ProgramId__c":"a098A000007UkROQA0","Id":"a028A000004YZG5QAO"},{"NarrativeTypeId__c":"a038A000006Uy6cQAC","ProgramId__c":"a098A000007UkROQA0","Id":"a028A000004YZG6QAO"}]|0x63d86bf2
16:20:20.0 (88692390)|HEAP_ALLOCATE|[30]|Bytes:5
16:20:20.0 (88722894)|HEAP_ALLOCATE|[30]|Bytes:16
16:20:20.0 (88737109)|VARIABLE_SCOPE_BEGIN|[30]|programNarrative|ProgramNarrative__c|true|false
16:20:20.0 (88764229)|VARIABLE_ASSIGNMENT|[30]|programNarrative|{"NarrativeTypeId__c":"a038A000006Uy6XQAS","ProgramId__c":"a098A000007UkROQA0","Id":"a028A000004YZG5QAO"}|0x2c52ad2
16:20:20.0 (88774729)|STATEMENT_EXECUTE|[30]
16:20:20.0 (88931877)|STATEMENT_EXECUTE|[33]
16:20:20.0 (88936381)|STATEMENT_EXECUTE|[34]
16:20:20.0 (88960157)|HEAP_ALLOCATE|[36]|Bytes:4
16:20:20.0 (89096528)|HEAP_ALLOCATE|[EXTERNAL]|Bytes:8
16:20:20.0 (89106312)|HEAP_ALLOCATE|[EXTERNAL]|Bytes:-4
16:20:20.0 (89133610)|HEAP_ALLOCATE|[30]|Bytes:5
16:20:20.0 (89152110)|HEAP_ALLOCATE|[30]|Bytes:16
16:20:20.0 (89162503)|VARIABLE_SCOPE_BEGIN|[30]|programNarrative|ProgramNarrative__c|true|false
16:20:20.0 (89193233)|VARIABLE_ASSIGNMENT|[30]|programNarrative|{"NarrativeTypeId__c":"a038A000006Uy6cQAC","ProgramId__c":"a098A000007UkROQA0","Id":"a028A000004YZG6QAO"}|0x3d51d664
16:20:20.0 (89202118)|STATEMENT_EXECUTE|[30]
16:20:20.0 (89233773)|STATEMENT_EXECUTE|[31]
16:20:20.0 (89236975)|STATEMENT_EXECUTE|[32]
16:20:20.0 (89282258)|HEAP_ALLOCATE|[EXTERNAL]|Bytes:4
16:20:20.0 (89301408)|HEAP_ALLOCATE|[30]|Bytes:5
16:20:20.0 (89320295)|VARIABLE_ASSIGNMENT|[30]|programNarrative|null|
16:20:20.0 (89327753)|STATEMENT_EXECUTE|[41]
16:20:20.0 (89340540)|METHOD_EXIT|[28]|01p8A00000H3KlO|QueriesbyProgramObjects.QueriesProgramNarrative.getProgramNarrativeByProgram(Set<Id>)
16:20:20.0 (89422741)|VARIABLE_ASSIGNMENT|[EXTERNAL]|this|{"programDataContainer":"0x69b8bb5","programNarrativeList":"0x32528973"}|0x18fee0b5
16:20:20.0 (89454602)|VARIABLE_ASSIGNMENT|[EXTERNAL]|value|{"a098A000007UkROQA0":["a038A000006Uy6XQAS","a038A000006Uy6cQAC"]}|0x3bc92f58
16:20:20.0 (89483759)|VARIABLE_ASSIGNMENT|[3]|this.programNarrativeMap|{"a098A000007UkROQA0":["a038A000006Uy6XQAS","a038A000006Uy6cQAC"]}|0x18fee0b5
16:20:20.0 (89568310)|HEAP_ALLOCATE|[EXTERNAL]|Bytes:8
16:20:20.0 (89586764)|HEAP_ALLOCATE|[30]|Bytes:12
16:20:20.0 (89782113)|HEAP_ALLOCATE|[30]|Bytes:5
16:20:20.0 (89805315)|HEAP_ALLOCATE|[30]|Bytes:4
16:20:20.0 (89830155)|VARIABLE_SCOPE_BEGIN|[30]|program|SObject|true|false
16:20:20.0 (90986318)|VARIABLE_ASSIGNMENT|[30]|program|{"LastModifiedDate":"2022-11-14T21:14:46.000Z","IsDeleted":false,"RepeatProgramId__c":"a098A000007UkSRQA0","Name":"P-00007","SystemModstamp":"2022-11-14T21:14:46.000Z","Stage__c":"Proposal","ProposalId__c":"12234","OwnerId":"0054S000000JwFCQA0","CreatedById":"0054S000000JwFCQA0","RecordTypeId":"0128A000002DIGJQA4","CreatedDate":"2022-11-08T06:31:19.000Z","SubStage__c":"PEP - Initiated","Id":"a098A000007UkROQA0","LastModifiedById":"0054S000000JwFCQA0","ProgramTitle__c":"RTetfds"}|0x4a49d409
16:20:20.0 (91015654)|STATEMENT_EXECUTE|[30]
16:20:20.0 (91751779)|VARIABLE_SCOPE_BEGIN|[2]|ProgramConstants.COSPONSORGROUP|String|false|true
16:20:20.0 (91771035)|VARIABLE_SCOPE_BEGIN|[3]|ProgramConstants.RECORDTYPEIDFIELD|String|false|true
16:20:20.0 (91784335)|VARIABLE_SCOPE_BEGIN|[4]|ProgramConstants.REPEATPROGRAMFIELD|String|false|true
16:20:20.0 (91804214)|HEAP_ALLOCATE|[31]|Bytes:14
16:20:20.0 (91827715)|VARIABLE_ASSIGNMENT|[31]|ProgramConstants.COSPONSORGROUP|"CoSponsorGroup"
16:20:20.0 (91834150)|HEAP_ALLOCATE|[31]|Bytes:12
16:20:20.0 (91843808)|VARIABLE_ASSIGNMENT|[31]|ProgramConstants.RECORDTYPEIDFIELD|"RecordTypeId"
16:20:20.0 (91848595)|HEAP_ALLOCATE|[31]|Bytes:18
16:20:20.0 (91857687)|VARIABLE_ASSIGNMENT|[31]|ProgramConstants.REPEATPROGRAMFIELD|"RepeatProgramId__c"
16:20:20.0 (91884486)|METHOD_ENTRY|[1]|01p8A00000H3LjU|ProgramConstants.ProgramConstants()
16:20:20.0 (91891625)|STATEMENT_EXECUTE|[1]
16:20:20.0 (91896788)|STATEMENT_EXECUTE|[1]
16:20:20.0 (91919856)|HEAP_ALLOCATE|[31]|Bytes:5
16:20:20.0 (91954514)|METHOD_EXIT|[1]|ProgramConstants
16:20:20.0 (92083249)|HEAP_ALLOCATE|[31]|Bytes:4
16:20:20.0 (92100380)|STATEMENT_EXECUTE|[31]
16:20:20.0 (92122010)|HEAP_ALLOCATE|[30]|Bytes:5
16:20:20.0 (92143367)|VARIABLE_ASSIGNMENT|[30]|program|null|
16:20:20.0 (92183901)|STATEMENT_EXECUTE|[46]
16:20:20.0 (92195770)|METHOD_EXIT|[16]|01p8A00000H3Kc6|ProgramNarrativeInsert.insertProgramNarrative(Map<Id,SObject>)
16:20:20.0 (92208752)|METHOD_EXIT|[39]|01p8A00000H3Kc6|ProgramNarrativeInsert.TriggerHandlerBeforeUpdate(Map<Id,SObject>, Map<Id,SObject>)
16:20:20.0 (92224539)|HEAP_ALLOCATE|[38]|Bytes:5
16:20:20.0 (92238292)|HEAP_ALLOCATE|[38]|Bytes:16
16:20:20.0 (94197686)|VARIABLE_SCOPE_BEGIN|[38]|function|TriggerHandlerInterface|true|false
16:20:20.0 (94274037)|VARIABLE_ASSIGNMENT|[38]|function|{"programDataContainer":"0x69b8bb5","programTeamList":"0x32b052c8"}|0xd3bcda1
16:20:20.0 (94284271)|STATEMENT_EXECUTE|[38]
16:20:20.0 (94287739)|STATEMENT_EXECUTE|[39]
16:20:20.0 (94331459)|METHOD_ENTRY|[39]|01p8A00000H3Klx|ProgramTeamInsert.TriggerHandlerBeforeUpdate(Map<Id,SObject>, Map<Id,SObject>)
16:20:20.0 (94348837)|VARIABLE_SCOPE_BEGIN|[14]|this|ProgramTeamInsert|true|false
16:20:20.0 (94373592)|VARIABLE_ASSIGNMENT|[14]|this|{"programDataContainer":"0x69b8bb5","programTeamList":"0x32b052c8"}|0xd3bcda1
16:20:20.0 (94384197)|VARIABLE_SCOPE_BEGIN|[14]|newTriggerMap|Map<Id,SObject>|true|false
16:20:20.0 (94738110)|VARIABLE_ASSIGNMENT|[14]|newTriggerMap|{"a098A000007UkROQA0":{"LastModifiedDate":"2022-11-14T21:14:46.000Z","IsDeleted":false,"RepeatProgramId__c":"a098A000007UkSRQA0","Name":"P-00007","SystemModstamp":"2022-11-14T21:14:46.000Z","Stage__c":"Proposal","ProposalId__c":"12234","OwnerId":"0054S000000JwFCQA0","CreatedById":"0054S000000JwFCQA0","RecordTypeId":"0128A000002DIGJQA4","CreatedDate":"2022-11-08T06:31:19.000Z","SubStage__c":"PEP - Initiated","Id":"a098A000007UkROQA0","LastModifiedById":"0054S000000JwFCQA0","ProgramTitle__c":"RTetfds"}}|0x14179bdb
16:20:20.0 (94759752)|VARIABLE_SCOPE_BEGIN|[14]|oldTriggerMap|Map<Id,SObject>|true|false
16:20:20.0 (94990718)|VARIABLE_ASSIGNMENT|[14]|oldTriggerMap|{"a098A000007UkROQA0":{"LastModifiedDate":"2022-11-14T21:14:46.000Z","IsDeleted":false,"Name":"P-00007","SystemModstamp":"2022-11-14T21:14:46.000Z","Stage__c":"Proposal","ProposalId__c":"12234","OwnerId":"0054S000000JwFCQA0","CreatedById":"0054S000000JwFCQA0","RecordTypeId":"0128A000002DIGJQA4","CreatedDate":"2022-11-08T06:31:19.000Z","SubStage__c":"PEP - Initiated","Id":"a098A000007UkROQA0","LastModifiedById":"0054S000000JwFCQA0","ProgramTitle__c":"RTetfds"}}|0x30c1e3bd
16:20:20.0 (95025555)|HEAP_ALLOCATE|[15]|Bytes:5
16:20:20.0 (95035530)|STATEMENT_EXECUTE|[14]
16:20:20.0 (95039196)|STATEMENT_EXECUTE|[15]
16:20:20.0 (95070443)|METHOD_ENTRY|[15]|01p8A00000H3Klx|ProgramTeamInsert.insertProgramTeam(Map<Id,SObject>)
16:20:20.0 (95115570)|VARIABLE_SCOPE_BEGIN|[24]|this|ProgramTeamInsert|true|false
16:20:20.0 (95154754)|VARIABLE_ASSIGNMENT|[24]|this|{"programDataContainer":"0x69b8bb5","programTeamList":"0x32b052c8"}|0xd3bcda1
16:20:20.0 (95164374)|VARIABLE_SCOPE_BEGIN|[24]|newTriggerMap|Map<Id,SObject>|true|false
16:20:20.0 (95379969)|VARIABLE_ASSIGNMENT|[24]|newTriggerMap|{"a098A000007UkROQA0":{"LastModifiedDate":"2022-11-14T21:14:46.000Z","IsDeleted":false,"RepeatProgramId__c":"a098A000007UkSRQA0","Name":"P-00007","SystemModstamp":"2022-11-14T21:14:46.000Z","Stage__c":"Proposal","ProposalId__c":"12234","OwnerId":"0054S000000JwFCQA0","CreatedById":"0054S000000JwFCQA0","RecordTypeId":"0128A000002DIGJQA4","CreatedDate":"2022-11-08T06:31:19.000Z","SubStage__c":"PEP - Initiated","Id":"a098A000007UkROQA0","LastModifiedById":"0054S000000JwFCQA0","ProgramTitle__c":"RTetfds"}}|0x14179bdb
16:20:20.0 (95404634)|HEAP_ALLOCATE|[25]|Bytes:5
16:20:20.0 (95411831)|STATEMENT_EXECUTE|[24]
16:20:20.0 (95415298)|STATEMENT_EXECUTE|[25]
16:20:20.0 (95508128)|HEAP_ALLOCATE|[25]|Bytes:26
16:20:20.0 (95531791)|VARIABLE_SCOPE_BEGIN|[25]|idSet|Set<Id>|true|false
16:20:20.0 (95557334)|VARIABLE_ASSIGNMENT|[25]|idSet|["a098A000007UkROQA0"]|0x50c1f846
16:20:20.0 (95565276)|STATEMENT_EXECUTE|[26]
16:20:20.0 (95671455)|HEAP_ALLOCATE|[26]|Bytes:1
16:20:20.0 (95689646)|HEAP_ALLOCATE|[26]|Bytes:4
16:20:20.0 (95711629)|CONSTRUCTOR_ENTRY|[26]|01p8A00000H3KlO|<init>()|QueriesbyProgramObjects.QueriesProgramTeam
16:20:20.0 (95748927)|VARIABLE_SCOPE_BEGIN|[2]|this|QueriesbyProgramObjects.QueriesProgramTeam|true|false
16:20:20.0 (95788786)|VARIABLE_ASSIGNMENT|[2]|this|{}|0x4f56d096
16:20:20.0 (95854945)|STATEMENT_EXECUTE|[2]
16:20:20.0 (95863043)|CONSTRUCTOR_EXIT|[26]|01p8A00000H3KlO|<init>()|QueriesbyProgramObjects.QueriesProgramTeam
16:20:20.0 (95892101)|METHOD_ENTRY|[26]|01p8A00000H3KlO|QueriesbyProgramObjects.QueriesProgramTeam.getProgramTeamByProgram(Set<Id>)
16:20:20.0 (95900995)|VARIABLE_SCOPE_BEGIN|[3]|this|QueriesbyProgramObjects.QueriesProgramTeam|true|false
16:20:20.0 (95931629)|VARIABLE_ASSIGNMENT|[3]|this|{}|0x4f56d096
16:20:20.0 (95940064)|VARIABLE_SCOPE_BEGIN|[3]|idSet|Set<Id>|true|false
16:20:20.0 (95959356)|VARIABLE_ASSIGNMENT|[3]|idSet|["a098A000007UkROQA0"]|0x50c1f846
16:20:20.0 (95969317)|STATEMENT_EXECUTE|[3]
16:20:20.0 (95972873)|STATEMENT_EXECUTE|[4]
16:20:20.0 (95998126)|HEAP_ALLOCATE|[4]|Bytes:4
16:20:20.0 (96012391)|VARIABLE_SCOPE_BEGIN|[4]|programTeamMap|Map<Id,List<Id>>|true|false
16:20:20.0 (96033289)|VARIABLE_ASSIGNMENT|[4]|programTeamMap|{}|0x35ea4699
16:20:20.0 (96040812)|STATEMENT_EXECUTE|[6]
16:20:20.0 (96049652)|HEAP_ALLOCATE|[6]|Bytes:80
16:20:20.0 (96063885)|HEAP_ALLOCATE|[6]|Bytes:4
16:20:20.0 (96119599)|HEAP_ALLOCATE|[6]|Bytes:8
16:20:20.0 (96130948)|HEAP_ALLOCATE|[6]|Bytes:8
16:20:20.0 (97405021)|SOQL_EXECUTE_BEGIN|[6]|Aggregations:0|SELECT UserId__c, ProgramId__c FROM ProgramTeam__c WHERE ProgramId__c = :tmpVar1
16:20:20.0 (102452651)|SOQL_EXECUTE_END|[6]|Rows:5
16:20:20.0 (102511389)|HEAP_ALLOCATE|[6]|Bytes:24
16:20:20.0 (102577351)|HEAP_ALLOCATE|[6]|Bytes:470
16:20:20.0 (102641109)|HEAP_ALLOCATE|[6]|Bytes:24
16:20:20.0 (102671699)|VARIABLE_SCOPE_BEGIN|[6]|programTeamList|List<ProgramTeam__c>|true|false
16:20:20.0 (102757032)|VARIABLE_ASSIGNMENT|[6]|programTeamList|[{"UserId__c":"0054S000000JWX3QAO","ProgramId__c":"a098A000007UkROQA0","Id":"a088A000004h8PWQAY"},{"UserId__c":"0054S000000Iv7pQAC","ProgramId__c":"a098A000007UkROQA0","Id":"a088A000004h8PXQAY"},{"UserId__c":"0054S000000JCMQQA4","ProgramId__c":"a098A000007UkROQA0","Id":"a088A000004h8PYQAY"},{"UserId__c":"0054S000000J9UhQAK","ProgramId__c":"a098A000007UkROQA0","Id":"a088A000004h8PZQAY"},{"UserId__c":"0054S000000J9NqQAK","ProgramId__c":"a098A000007UkROQA0","Id":"a088A000004h8PaQAI"}]|0x1e38720
16:20:20.0 (103004933)|HEAP_ALLOCATE|[12]|Bytes:5
16:20:20.0 (103040541)|HEAP_ALLOCATE|[12]|Bytes:16
16:20:20.0 (103056978)|VARIABLE_SCOPE_BEGIN|[12]|programTeam|ProgramTeam__c|true|false
16:20:20.0 (103084934)|VARIABLE_ASSIGNMENT|[12]|programTeam|{"UserId__c":"0054S000000JWX3QAO","ProgramId__c":"a098A000007UkROQA0","Id":"a088A000004h8PWQAY"}|0x197575d6
16:20:20.0 (103096640)|STATEMENT_EXECUTE|[12]
16:20:20.0 (103216112)|STATEMENT_EXECUTE|[15]
16:20:20.0 (103220855)|STATEMENT_EXECUTE|[16]
16:20:20.0 (103245433)|HEAP_ALLOCATE|[16]|Bytes:4
16:20:20.0 (103357654)|HEAP_ALLOCATE|[EXTERNAL]|Bytes:8
16:20:20.0 (103366613)|HEAP_ALLOCATE|[EXTERNAL]|Bytes:-4
16:20:20.0 (103393348)|HEAP_ALLOCATE|[12]|Bytes:5
16:20:20.0 (103410895)|HEAP_ALLOCATE|[12]|Bytes:16
16:20:20.0 (103420986)|VARIABLE_SCOPE_BEGIN|[12]|programTeam|ProgramTeam__c|true|false
16:20:20.0 (103450399)|VARIABLE_ASSIGNMENT|[12]|programTeam|{"UserId__c":"0054S000000Iv7pQAC","ProgramId__c":"a098A000007UkROQA0","Id":"a088A000004h8PXQAY"}|0x46ddba9b
16:20:20.0 (103459210)|STATEMENT_EXECUTE|[12]
16:20:20.0 (103491164)|STATEMENT_EXECUTE|[13]
16:20:20.0 (103494767)|STATEMENT_EXECUTE|[14]
16:20:20.0 (103547122)|HEAP_ALLOCATE|[EXTERNAL]|Bytes:4
16:20:20.0 (103567742)|HEAP_ALLOCATE|[12]|Bytes:5
16:20:20.0 (103581359)|HEAP_ALLOCATE|[12]|Bytes:16
16:20:20.0 (103589385)|VARIABLE_SCOPE_BEGIN|[12]|programTeam|ProgramTeam__c|true|false
16:20:20.0 (103615613)|VARIABLE_ASSIGNMENT|[12]|programTeam|{"UserId__c":"0054S000000JCMQQA4","ProgramId__c":"a098A000007UkROQA0","Id":"a088A000004h8PYQAY"}|0x77af4df0
16:20:20.0 (103625190)|STATEMENT_EXECUTE|[12]
16:20:20.0 (103645781)|STATEMENT_EXECUTE|[13]
16:20:20.0 (103648784)|STATEMENT_EXECUTE|[14]
16:20:20.0 (103678159)|HEAP_ALLOCATE|[EXTERNAL]|Bytes:4
16:20:20.0 (103699274)|HEAP_ALLOCATE|[12]|Bytes:5
16:20:20.0 (103713090)|HEAP_ALLOCATE|[12]|Bytes:16
16:20:20.0 (103720997)|VARIABLE_SCOPE_BEGIN|[12]|programTeam|ProgramTeam__c|true|false
16:20:20.0 (103742483)|VARIABLE_ASSIGNMENT|[12]|programTeam|{"UserId__c":"0054S000000J9UhQAK","ProgramId__c":"a098A000007UkROQA0","Id":"a088A000004h8PZQAY"}|0x123b7b0
16:20:20.0 (103750480)|STATEMENT_EXECUTE|[12]
16:20:20.0 (103769815)|STATEMENT_EXECUTE|[13]
16:20:20.0 (103772892)|STATEMENT_EXECUTE|[14]
16:20:20.0 (103794716)|HEAP_ALLOCATE|[EXTERNAL]|Bytes:4
16:20:20.0 (103812116)|HEAP_ALLOCATE|[12]|Bytes:5
16:20:20.0 (103824469)|HEAP_ALLOCATE|[12]|Bytes:16
16:20:20.0 (103831609)|VARIABLE_SCOPE_BEGIN|[12]|programTeam|ProgramTeam__c|true|false
16:20:20.0 (103851411)|VARIABLE_ASSIGNMENT|[12]|programTeam|{"UserId__c":"0054S000000J9NqQAK","ProgramId__c":"a098A000007UkROQA0","Id":"a088A000004h8PaQAI"}|0x33caa987
16:20:20.0 (103859703)|STATEMENT_EXECUTE|[12]
16:20:20.0 (103877653)|STATEMENT_EXECUTE|[13]
16:20:20.0 (103880879)|STATEMENT_EXECUTE|[14]
16:20:20.0 (103911598)|HEAP_ALLOCATE|[EXTERNAL]|Bytes:4
16:20:20.0 (103929607)|HEAP_ALLOCATE|[12]|Bytes:5
16:20:20.0 (103947173)|VARIABLE_ASSIGNMENT|[12]|programTeam|null|
16:20:20.0 (103954924)|STATEMENT_EXECUTE|[20]
16:20:20.0 (103969817)|METHOD_EXIT|[26]|01p8A00000H3KlO|QueriesbyProgramObjects.QueriesProgramTeam.getProgramTeamByProgram(Set<Id>)
16:20:20.0 (104061450)|VARIABLE_ASSIGNMENT|[EXTERNAL]|this|{"programDataContainer":"0x69b8bb5","programTeamList":"0x32b052c8"}|0xd3bcda1
16:20:20.0 (104099604)|VARIABLE_ASSIGNMENT|[EXTERNAL]|value|{"a098A000007UkROQA0":["0054S000000JWX3QAO","0054S000000Iv7pQAC","0054S000000JCMQQA4","0054S000000J9UhQAK","0054S000000J9NqQAK"]}|0x35ea4699
16:20:20.0 (104134044)|VARIABLE_ASSIGNMENT|[3]|this.programTeamMap|{"a098A000007UkROQA0":["0054S000000JWX3QAO","0054S000000Iv7pQAC","0054S000000JCMQQA4","0054S000000J9UhQAK","0054S000000J9NqQAK"]}|0xd3bcda1
16:20:20.0 (104200342)|HEAP_ALLOCATE|[EXTERNAL]|Bytes:8
16:20:20.0 (104223599)|HEAP_ALLOCATE|[28]|Bytes:12
16:20:20.0 (104306219)|HEAP_ALLOCATE|[28]|Bytes:5
16:20:20.0 (104326270)|HEAP_ALLOCATE|[28]|Bytes:4
16:20:20.0 (104351475)|VARIABLE_SCOPE_BEGIN|[28]|program|SObject|true|false
16:20:20.0 (104699334)|VARIABLE_ASSIGNMENT|[28]|program|{"LastModifiedDate":"2022-11-14T21:14:46.000Z","IsDeleted":false,"RepeatProgramId__c":"a098A000007UkSRQA0","Name":"P-00007","SystemModstamp":"2022-11-14T21:14:46.000Z","Stage__c":"Proposal","ProposalId__c":"12234","OwnerId":"0054S000000JwFCQA0","CreatedById":"0054S000000JwFCQA0","RecordTypeId":"0128A000002DIGJQA4","CreatedDate":"2022-11-08T06:31:19.000Z","SubStage__c":"PEP - Initiated","Id":"a098A000007UkROQA0","LastModifiedById":"0054S000000JwFCQA0","ProgramTitle__c":"RTetfds"}|0x4a49d409
16:20:20.0 (104718719)|STATEMENT_EXECUTE|[28]
16:20:20.0 (104797669)|VARIABLE_ASSIGNMENT|[EXTERNAL]|this|{"programDataContainer":"0x69b8bb5","programTeamList":"0x32b052c8","programTeamMap":"0x35ea4699"}|0xd3bcda1
16:20:20.0 (104845698)|VARIABLE_ASSIGNMENT|[EXTERNAL]|this|{"groupMemberList":"0x6016f221","narrativeListMap":"0x3a24884e"}|0x69b8bb5
16:20:20.0 (104947803)|STATEMENT_EXECUTE|[29]
16:20:20.0 (104989614)|VARIABLE_ASSIGNMENT|[EXTERNAL]|this|{"programDataContainer":"0x69b8bb5","programTeamList":"0x32b052c8","programTeamMap":"0x35ea4699"}|0xd3bcda1
16:20:20.0 (105022807)|VARIABLE_ASSIGNMENT|[EXTERNAL]|this|{"groupMemberList":"0x6016f221","narrativeListMap":"0x3a24884e"}|0x69b8bb5
16:20:20.0 (105143146)|HEAP_ALLOCATE|[30]|Bytes:5
16:20:20.0 (105191645)|HEAP_ALLOCATE|[30]|Bytes:20
16:20:20.0 (105203092)|VARIABLE_SCOPE_BEGIN|[30]|groupMember|GroupMember|true|false
16:20:20.0 (105236557)|VARIABLE_ASSIGNMENT|[30]|groupMember|{"UserOrGroupId":"0054S000000Iv7pQAC","GroupId":"00G8A000006Ed0eUAC","Id":"0118A000001UjCOQA0","Group":{"Id":"00G8A000006Ed0eUAC","DeveloperName":"CoSponsorQueue"}}|0x569a543e
16:20:20.0 (105246467)|STATEMENT_EXECUTE|[30]
16:20:20.0 (105409322)|STATEMENT_EXECUTE|[31]
16:20:20.0 (105428471)|HEAP_ALLOCATE|[30]|Bytes:5
16:20:20.0 (105446619)|HEAP_ALLOCATE|[30]|Bytes:20
16:20:20.0 (105455575)|VARIABLE_SCOPE_BEGIN|[30]|groupMember|GroupMember|true|false
16:20:20.0 (105484886)|VARIABLE_ASSIGNMENT|[30]|groupMember|{"UserOrGroupId":"0054S000000JCMQQA4","GroupId":"00G8A000006Ed0eUAC","Id":"0118A000001UjCPQA0","Group":{"Id":"00G8A000006Ed0eUAC","DeveloperName":"CoSponsorQueue"}}|0x6d2e7af0
16:20:20.0 (105494194)|STATEMENT_EXECUTE|[30]
16:20:20.0 (105512797)|STATEMENT_EXECUTE|[31]
16:20:20.0 (105523194)|HEAP_ALLOCATE|[30]|Bytes:5
16:20:20.0 (105537006)|HEAP_ALLOCATE|[30]|Bytes:20
16:20:20.0 (105544397)|VARIABLE_SCOPE_BEGIN|[30]|groupMember|GroupMember|true|false
16:20:20.0 (105568492)|VARIABLE_ASSIGNMENT|[30]|groupMember|{"UserOrGroupId":"0054S000000J9UhQAK","GroupId":"00G8A000006Ed0eUAC","Id":"0118A000001UjCQQA0","Group":{"Id":"00G8A000006Ed0eUAC","DeveloperName":"CoSponsorQueue"}}|0x1e652edb
16:20:20.0 (105577573)|STATEMENT_EXECUTE|[30]
16:20:20.0 (105593775)|STATEMENT_EXECUTE|[31]
16:20:20.0 (105604112)|HEAP_ALLOCATE|[30]|Bytes:5
16:20:20.0 (105617373)|HEAP_ALLOCATE|[30]|Bytes:20
16:20:20.0 (105624676)|VARIABLE_SCOPE_BEGIN|[30]|groupMember|GroupMember|true|false
16:20:20.0 (105648552)|VARIABLE_ASSIGNMENT|[30]|groupMember|{"UserOrGroupId":"0054S000000JWX3QAO","GroupId":"00G8A000006Ed0yUAC","Id":"0118A000001UjCTQA0","Group":{"Id":"00G8A000006Ed0yUAC","DeveloperName":"CoSponsorGroup"}}|0x5cfe53a
16:20:20.0 (105657244)|STATEMENT_EXECUTE|[30]
16:20:20.0 (105682174)|STATEMENT_EXECUTE|[31]
16:20:20.0 (105685761)|STATEMENT_EXECUTE|[32]
16:20:20.0 (105746104)|METHOD_ENTRY|[32]|01p8A00000H3Klx|ProgramTeamInsert.checkProgramTeam(Id, Id)
16:20:20.0 (105781774)|VARIABLE_SCOPE_BEGIN|[42]|this|ProgramTeamInsert|true|false
16:20:20.0 (105821714)|VARIABLE_ASSIGNMENT|[42]|this|{"programDataContainer":"0x69b8bb5","programTeamList":"0x32b052c8","programTeamMap":"0x35ea4699"}|0xd3bcda1
16:20:20.0 (105831324)|VARIABLE_SCOPE_BEGIN|[42]|programId|Id|false|false
16:20:20.0 (106332467)|VARIABLE_ASSIGNMENT|[42]|programId|"a098A000007UkROQA0"
16:20:20.0 (106350134)|VARIABLE_SCOPE_BEGIN|[42]|userId|Id|false|false
16:20:20.0 (106501067)|VARIABLE_ASSIGNMENT|[42]|userId|"0054S000000JWX3QAO"
16:20:20.0 (106527169)|HEAP_ALLOCATE|[43]|Bytes:5
16:20:20.0 (106536731)|STATEMENT_EXECUTE|[42]
16:20:20.0 (106540708)|STATEMENT_EXECUTE|[43]
16:20:20.0 (106548771)|VARIABLE_SCOPE_BEGIN|[43]|add|Boolean|false|false
16:20:20.0 (106560916)|HEAP_ALLOCATE|[43]|Bytes:5
16:20:20.0 (106572841)|VARIABLE_ASSIGNMENT|[43]|add|false
16:20:20.0 (106667023)|VARIABLE_ASSIGNMENT|[EXTERNAL]|this|{"programDataContainer":"0x69b8bb5","programTeamList":"0x32b052c8","programTeamMap":"0x35ea4699"}|0xd3bcda1
16:20:20.0 (106731089)|STATEMENT_EXECUTE|[46]
16:20:20.0 (106774315)|VARIABLE_ASSIGNMENT|[EXTERNAL]|this|{"programDataContainer":"0x69b8bb5","programTeamList":"0x32b052c8","programTeamMap":"0x35ea4699"}|0xd3bcda1
16:20:20.0 (106826500)|STATEMENT_EXECUTE|[47]
16:20:20.0 (106831222)|STATEMENT_EXECUTE|[52]
16:20:20.0 (106848555)|METHOD_EXIT|[32]|01p8A00000H3Klx|ProgramTeamInsert.checkProgramTeam(Id, Id)
16:20:20.0 (106881329)|HEAP_ALLOCATE|[30]|Bytes:5
16:20:20.0 (106911652)|HEAP_ALLOCATE|[30]|Bytes:20
16:20:20.0 (106928376)|VARIABLE_SCOPE_BEGIN|[30]|groupMember|GroupMember|true|false
16:20:20.0 (106964509)|VARIABLE_ASSIGNMENT|[30]|groupMember|{"UserOrGroupId":"0054S000000Iv7pQAC","GroupId":"00G8A000006Ed0yUAC","Id":"0118A000001UjCUQA0","Group":{"Id":"00G8A000006Ed0yUAC","DeveloperName":"CoSponsorGroup"}}|0x1f06a19
16:20:20.0 (106974547)|STATEMENT_EXECUTE|[30]
16:20:20.0 (107020081)|STATEMENT_EXECUTE|[31]
16:20:20.0 (107024420)|STATEMENT_EXECUTE|[32]
16:20:20.0 (107041600)|METHOD_ENTRY|[32]|01p8A00000H3Klx|ProgramTeamInsert.checkProgramTeam(Id, Id)
16:20:20.0 (107051427)|VARIABLE_SCOPE_BEGIN|[42]|this|ProgramTeamInsert|true|false
16:20:20.0 (107087109)|VARIABLE_ASSIGNMENT|[42]|this|{"programDataContainer":"0x69b8bb5","programTeamList":"0x32b052c8","programTeamMap":"0x35ea4699"}|0xd3bcda1
16:20:20.0 (107096279)|VARIABLE_SCOPE_BEGIN|[42]|programId|Id|false|false
16:20:20.0 (107231108)|VARIABLE_ASSIGNMENT|[42]|programId|"a098A000007UkROQA0"
16:20:20.0 (107239903)|VARIABLE_SCOPE_BEGIN|[42]|userId|Id|false|false
16:20:20.0 (107325238)|VARIABLE_ASSIGNMENT|[42]|userId|"0054S000000Iv7pQAC"
16:20:20.0 (107349200)|HEAP_ALLOCATE|[43]|Bytes:5
16:20:20.0 (107358788)|STATEMENT_EXECUTE|[42]
16:20:20.0 (107362799)|STATEMENT_EXECUTE|[43]
16:20:20.0 (107370244)|VARIABLE_SCOPE_BEGIN|[43]|add|Boolean|false|false
16:20:20.0 (107381780)|HEAP_ALLOCATE|[43]|Bytes:5
16:20:20.0 (107393681)|VARIABLE_ASSIGNMENT|[43]|add|false
16:20:20.0 (107446168)|VARIABLE_ASSIGNMENT|[EXTERNAL]|this|{"programDataContainer":"0x69b8bb5","programTeamList":"0x32b052c8","programTeamMap":"0x35ea4699"}|0xd3bcda1
16:20:20.0 (107488745)|STATEMENT_EXECUTE|[46]
16:20:20.0 (107517877)|VARIABLE_ASSIGNMENT|[EXTERNAL]|this|{"programDataContainer":"0x69b8bb5","programTeamList":"0x32b052c8","programTeamMap":"0x35ea4699"}|0xd3bcda1
16:20:20.0 (107557582)|STATEMENT_EXECUTE|[47]
16:20:20.0 (107562580)|STATEMENT_EXECUTE|[52]
16:20:20.0 (107574794)|METHOD_EXIT|[32]|01p8A00000H3Klx|ProgramTeamInsert.checkProgramTeam(Id, Id)
16:20:20.0 (107598901)|HEAP_ALLOCATE|[30]|Bytes:5
16:20:20.0 (107617851)|HEAP_ALLOCATE|[30]|Bytes:20
16:20:20.0 (107629710)|VARIABLE_SCOPE_BEGIN|[30]|groupMember|GroupMember|true|false
16:20:20.0 (107659643)|VARIABLE_ASSIGNMENT|[30]|groupMember|{"UserOrGroupId":"0054S000000JCMQQA4","GroupId":"00G8A000006Ed0yUAC","Id":"0118A000001UjCVQA0","Group":{"Id":"00G8A000006Ed0yUAC","DeveloperName":"CoSponsorGroup"}}|0x1f17792d
16:20:20.0 (107670109)|STATEMENT_EXECUTE|[30]
16:20:20.0 (107707358)|STATEMENT_EXECUTE|[31]
16:20:20.0 (107711186)|STATEMENT_EXECUTE|[32]
16:20:20.0 (107727183)|METHOD_ENTRY|[32]|01p8A00000H3Klx|ProgramTeamInsert.checkProgramTeam(Id, Id)
16:20:20.0 (107736046)|VARIABLE_SCOPE_BEGIN|[42]|this|ProgramTeamInsert|true|false
16:20:20.0 (107765908)|VARIABLE_ASSIGNMENT|[42]|this|{"programDataContainer":"0x69b8bb5","programTeamList":"0x32b052c8","programTeamMap":"0x35ea4699"}|0xd3bcda1
16:20:20.0 (107773904)|VARIABLE_SCOPE_BEGIN|[42]|programId|Id|false|false
16:20:20.0 (107900678)|VARIABLE_ASSIGNMENT|[42]|programId|"a098A000007UkROQA0"
16:20:20.0 (107945609)|VARIABLE_SCOPE_BEGIN|[42]|userId|Id|false|false
16:20:20.0 (108040916)|VARIABLE_ASSIGNMENT|[42]|userId|"0054S000000JCMQQA4"
16:20:20.0 (108061698)|HEAP_ALLOCATE|[43]|Bytes:5
16:20:20.0 (108070887)|STATEMENT_EXECUTE|[42]
16:20:20.0 (108074134)|STATEMENT_EXECUTE|[43]
16:20:20.0 (108082690)|VARIABLE_SCOPE_BEGIN|[43]|add|Boolean|false|false
16:20:20.0 (108093428)|HEAP_ALLOCATE|[43]|Bytes:5
16:20:20.0 (108105371)|VARIABLE_ASSIGNMENT|[43]|add|false
16:20:20.0 (108156933)|VARIABLE_ASSIGNMENT|[EXTERNAL]|this|{"programDataContainer":"0x69b8bb5","programTeamList":"0x32b052c8","programTeamMap":"0x35ea4699"}|0xd3bcda1
16:20:20.0 (108198570)|STATEMENT_EXECUTE|[46]
16:20:20.0 (108227180)|VARIABLE_ASSIGNMENT|[EXTERNAL]|this|{"programDataContainer":"0x69b8bb5","programTeamList":"0x32b052c8","programTeamMap":"0x35ea4699"}|0xd3bcda1
16:20:20.0 (108299585)|STATEMENT_EXECUTE|[47]
16:20:20.0 (108303600)|STATEMENT_EXECUTE|[52]
16:20:20.0 (108315189)|METHOD_EXIT|[32]|01p8A00000H3Klx|ProgramTeamInsert.checkProgramTeam(Id, Id)
16:20:20.0 (108341253)|HEAP_ALLOCATE|[30]|Bytes:5
16:20:20.0 (108360181)|HEAP_ALLOCATE|[30]|Bytes:20
16:20:20.0 (108370958)|VARIABLE_SCOPE_BEGIN|[30]|groupMember|GroupMember|true|false
16:20:20.0 (108400446)|VARIABLE_ASSIGNMENT|[30]|groupMember|{"UserOrGroupId":"0054S000000J9UhQAK","GroupId":"00G8A000006Ed0yUAC","Id":"0118A000001UjCWQA0","Group":{"Id":"00G8A000006Ed0yUAC","DeveloperName":"CoSponsorGroup"}}|0x28b38fe2
16:20:20.0 (108410779)|STATEMENT_EXECUTE|[30]
16:20:20.0 (108445058)|STATEMENT_EXECUTE|[31]
16:20:20.0 (108448686)|STATEMENT_EXECUTE|[32]
16:20:20.0 (108463623)|METHOD_ENTRY|[32]|01p8A00000H3Klx|ProgramTeamInsert.checkProgramTeam(Id, Id)
16:20:20.0 (108472384)|VARIABLE_SCOPE_BEGIN|[42]|this|ProgramTeamInsert|true|false
16:20:20.0 (108501384)|VARIABLE_ASSIGNMENT|[42]|this|{"programDataContainer":"0x69b8bb5","programTeamList":"0x32b052c8","programTeamMap":"0x35ea4699"}|0xd3bcda1
16:20:20.0 (108510754)|VARIABLE_SCOPE_BEGIN|[42]|programId|Id|false|false
16:20:20.0 (108631213)|VARIABLE_ASSIGNMENT|[42]|programId|"a098A000007UkROQA0"
16:20:20.0 (108641122)|VARIABLE_SCOPE_BEGIN|[42]|userId|Id|false|false
16:20:20.0 (108707656)|VARIABLE_ASSIGNMENT|[42]|userId|"0054S000000J9UhQAK"
16:20:20.0 (108728889)|HEAP_ALLOCATE|[43]|Bytes:5
16:20:20.0 (108736947)|STATEMENT_EXECUTE|[42]
16:20:20.0 (108740680)|STATEMENT_EXECUTE|[43]
16:20:20.0 (108747265)|VARIABLE_SCOPE_BEGIN|[43]|add|Boolean|false|false
16:20:20.0 (108757381)|HEAP_ALLOCATE|[43]|Bytes:5
16:20:20.0 (108767863)|VARIABLE_ASSIGNMENT|[43]|add|false
16:20:20.0 (108811161)|VARIABLE_ASSIGNMENT|[EXTERNAL]|this|{"programDataContainer":"0x69b8bb5","programTeamList":"0x32b052c8","programTeamMap":"0x35ea4699"}|0xd3bcda1
16:20:20.0 (108847256)|STATEMENT_EXECUTE|[46]
16:20:20.0 (108873631)|VARIABLE_ASSIGNMENT|[EXTERNAL]|this|{"programDataContainer":"0x69b8bb5","programTeamList":"0x32b052c8","programTeamMap":"0x35ea4699"}|0xd3bcda1
16:20:20.0 (108922256)|STATEMENT_EXECUTE|[47]
16:20:20.0 (108926067)|STATEMENT_EXECUTE|[52]
16:20:20.0 (108937344)|METHOD_EXIT|[32]|01p8A00000H3Klx|ProgramTeamInsert.checkProgramTeam(Id, Id)
16:20:20.0 (108958814)|HEAP_ALLOCATE|[30]|Bytes:5
16:20:20.0 (108977933)|HEAP_ALLOCATE|[30]|Bytes:20
16:20:20.0 (108988373)|VARIABLE_SCOPE_BEGIN|[30]|groupMember|GroupMember|true|false
16:20:20.0 (109016806)|VARIABLE_ASSIGNMENT|[30]|groupMember|{"UserOrGroupId":"0054S000000J9NqQAK","GroupId":"00G8A000006Ed0yUAC","Id":"0118A000001UjCXQA0","Group":{"Id":"00G8A000006Ed0yUAC","DeveloperName":"CoSponsorGroup"}}|0x52af59fb
16:20:20.0 (109027583)|STATEMENT_EXECUTE|[30]
16:20:20.0 (109059184)|STATEMENT_EXECUTE|[31]
16:20:20.0 (109062803)|STATEMENT_EXECUTE|[32]
16:20:20.0 (109078181)|METHOD_ENTRY|[32]|01p8A00000H3Klx|ProgramTeamInsert.checkProgramTeam(Id, Id)
16:20:20.0 (109087858)|VARIABLE_SCOPE_BEGIN|[42]|this|ProgramTeamInsert|true|false
16:20:20.0 (109120346)|VARIABLE_ASSIGNMENT|[42]|this|{"programDataContainer":"0x69b8bb5","programTeamList":"0x32b052c8","programTeamMap":"0x35ea4699"}|0xd3bcda1
16:20:20.0 (109128698)|VARIABLE_SCOPE_BEGIN|[42]|programId|Id|false|false
16:20:20.0 (109242128)|VARIABLE_ASSIGNMENT|[42]|programId|"a098A000007UkROQA0"
16:20:20.0 (109250275)|VARIABLE_SCOPE_BEGIN|[42]|userId|Id|false|false
16:20:20.0 (109316528)|VARIABLE_ASSIGNMENT|[42]|userId|"0054S000000J9NqQAK"
16:20:20.0 (109332656)|HEAP_ALLOCATE|[43]|Bytes:5
16:20:20.0 (109339957)|STATEMENT_EXECUTE|[42]
16:20:20.0 (109343474)|STATEMENT_EXECUTE|[43]
16:20:20.0 (109349240)|VARIABLE_SCOPE_BEGIN|[43]|add|Boolean|false|false
16:20:20.0 (109358876)|HEAP_ALLOCATE|[43]|Bytes:5
16:20:20.0 (109369076)|VARIABLE_ASSIGNMENT|[43]|add|false
16:20:20.0 (109408811)|VARIABLE_ASSIGNMENT|[EXTERNAL]|this|{"programDataContainer":"0x69b8bb5","programTeamList":"0x32b052c8","programTeamMap":"0x35ea4699"}|0xd3bcda1
16:20:20.0 (109472281)|STATEMENT_EXECUTE|[46]
16:20:20.0 (109500947)|VARIABLE_ASSIGNMENT|[EXTERNAL]|this|{"programDataContainer":"0x69b8bb5","programTeamList":"0x32b052c8","programTeamMap":"0x35ea4699"}|0xd3bcda1
16:20:20.0 (109539850)|STATEMENT_EXECUTE|[47]
16:20:20.0 (109543553)|STATEMENT_EXECUTE|[52]
16:20:20.0 (109554659)|METHOD_EXIT|[32]|01p8A00000H3Klx|ProgramTeamInsert.checkProgramTeam(Id, Id)
16:20:20.0 (109575177)|HEAP_ALLOCATE|[30]|Bytes:5
16:20:20.0 (109594309)|VARIABLE_ASSIGNMENT|[30]|groupMember|null|
16:20:20.0 (109610547)|HEAP_ALLOCATE|[28]|Bytes:5
16:20:20.0 (109626928)|VARIABLE_ASSIGNMENT|[28]|program|null|
16:20:20.0 (109679426)|STATEMENT_EXECUTE|[37]
16:20:20.0 (109689811)|METHOD_EXIT|[15]|01p8A00000H3Klx|ProgramTeamInsert.insertProgramTeam(Map<Id,SObject>)
16:20:20.0 (109705066)|METHOD_EXIT|[39]|01p8A00000H3Klx|ProgramTeamInsert.TriggerHandlerBeforeUpdate(Map<Id,SObject>, Map<Id,SObject>)
16:20:20.0 (109722450)|HEAP_ALLOCATE|[38]|Bytes:5
16:20:20.0 (109737700)|HEAP_ALLOCATE|[38]|Bytes:16
16:20:20.0 (110443245)|VARIABLE_SCOPE_BEGIN|[38]|function|TriggerHandlerInterface|true|false
16:20:20.0 (110501704)|VARIABLE_ASSIGNMENT|[38]|function|{"newProgramSessionMap":"0x17afffd5","newProgramSessionReadingMap":"0x38c8bc44","programDataContainer":"0x69b8bb5"}|0x503d79c2
16:20:20.0 (110512211)|STATEMENT_EXECUTE|[38]
16:20:20.0 (110516430)|STATEMENT_EXECUTE|[39]
16:20:20.0 (110543536)|METHOD_ENTRY|[39]|01p8A00000H3LjP|ProgramRepeatProgam.TriggerHandlerBeforeUpdate(Map<Id,SObject>, Map<Id,SObject>)
16:20:20.0 (110555897)|VARIABLE_SCOPE_BEGIN|[14]|this|ProgramRepeatProgam|true|false
16:20:20.0 (110582797)|VARIABLE_ASSIGNMENT|[14]|this|{"newProgramSessionMap":"0x17afffd5","newProgramSessionReadingMap":"0x38c8bc44","programDataContainer":"0x69b8bb5"}|0x503d79c2
16:20:20.0 (110593151)|VARIABLE_SCOPE_BEGIN|[14]|newTriggerMap|Map<Id,SObject>|true|false
16:20:20.0 (110977753)|VARIABLE_ASSIGNMENT|[14]|newTriggerMap|{"a098A000007UkROQA0":{"LastModifiedDate":"2022-11-14T21:14:46.000Z","IsDeleted":false,"RepeatProgramId__c":"a098A000007UkSRQA0","Name":"P-00007","SystemModstamp":"2022-11-14T21:14:46.000Z","Stage__c":"Proposal","ProposalId__c":"12234","OwnerId":"0054S000000JwFCQA0","CreatedById":"0054S000000JwFCQA0","RecordTypeId":"0128A000002DIGJQA4","CreatedDate":"2022-11-08T06:31:19.000Z","SubStage__c":"PEP - Initiated","Id":"a098A000007UkROQA0","LastModifiedById":"0054S000000JwFCQA0","ProgramTitle__c":"RTetfds"}}|0x14179bdb
16:20:20.0 (111000787)|VARIABLE_SCOPE_BEGIN|[14]|oldTriggerMap|Map<Id,SObject>|true|false
16:20:20.0 (111244840)|VARIABLE_ASSIGNMENT|[14]|oldTriggerMap|{"a098A000007UkROQA0":{"LastModifiedDate":"2022-11-14T21:14:46.000Z","IsDeleted":false,"Name":"P-00007","SystemModstamp":"2022-11-14T21:14:46.000Z","Stage__c":"Proposal","ProposalId__c":"12234","OwnerId":"0054S000000JwFCQA0","CreatedById":"0054S000000JwFCQA0","RecordTypeId":"0128A000002DIGJQA4","CreatedDate":"2022-11-08T06:31:19.000Z","SubStage__c":"PEP - Initiated","Id":"a098A000007UkROQA0","LastModifiedById":"0054S000000JwFCQA0","ProgramTitle__c":"RTetfds"}}|0x30c1e3bd
16:20:20.0 (112005997)|SYSTEM_MODE_ENTER|false
16:20:20.0 (112029350)|HEAP_ALLOCATE|[15]|Bytes:5
16:20:20.0 (112040902)|STATEMENT_EXECUTE|[14]
16:20:20.0 (112044638)|STATEMENT_EXECUTE|[15]
16:20:20.0 (112091683)|HEAP_ALLOCATE|[15]|Bytes:4
16:20:20.0 (112122124)|VARIABLE_SCOPE_BEGIN|[15]|repeatTriggerMap|Map<Id,SObject>|true|false
16:20:20.0 (112146643)|VARIABLE_ASSIGNMENT|[15]|repeatTriggerMap|{}|0x690d0b60
16:20:20.0 (112165800)|HEAP_ALLOCATE|[16]|Bytes:4
16:20:20.0 (112272169)|HEAP_ALLOCATE|[16]|Bytes:26
16:20:20.0 (112304259)|HEAP_ALLOCATE|[16]|Bytes:4
16:20:20.0 (112351978)|HEAP_ALLOCATE|[16]|Bytes:5
16:20:20.0 (112404445)|HEAP_ALLOCATE|[16]|Bytes:4
16:20:20.0 (112412481)|VARIABLE_SCOPE_BEGIN|[16]|id|Id|false|false
16:20:20.0 (112612863)|VARIABLE_ASSIGNMENT|[16]|id|"a098A000007UkROQA0"
16:20:20.0 (112623782)|STATEMENT_EXECUTE|[16]
16:20:20.0 (112825540)|HEAP_ALLOCATE|[18]|Bytes:4
16:20:20.0 (112946871)|STATEMENT_EXECUTE|[20]
16:20:20.0 (112951166)|STATEMENT_EXECUTE|[21]
16:20:20.0 (112994606)|HEAP_ALLOCATE|[EXTERNAL]|Bytes:-4
16:20:20.0 (113023280)|HEAP_ALLOCATE|[16]|Bytes:5
16:20:20.0 (113048755)|VARIABLE_ASSIGNMENT|[16]|id|null
16:20:20.0 (113080969)|STATEMENT_EXECUTE|[25]
16:20:20.0 (113084160)|STATEMENT_EXECUTE|[26]
16:20:20.0 (113108456)|METHOD_ENTRY|[26]|01p8A00000H3LjP|ProgramRepeatProgam.copyProgram(Map<Id,SObject>)
16:20:20.0 (113136400)|VARIABLE_SCOPE_BEGIN|[36]|this|ProgramRepeatProgam|true|false
16:20:20.0 (113192989)|VARIABLE_ASSIGNMENT|[36]|this|{"newProgramSessionMap":"0x17afffd5","newProgramSessionReadingMap":"0x38c8bc44","programDataContainer":"0x69b8bb5"}|0x503d79c2
16:20:20.0 (113203511)|VARIABLE_SCOPE_BEGIN|[36]|newTriggerMap|Map<Id,SObject>|true|false
16:20:20.0 (113222418)|VARIABLE_ASSIGNMENT|[36]|newTriggerMap|{}|0x690d0b60
16:20:20.0 (113241980)|HEAP_ALLOCATE|[37]|Bytes:5
16:20:20.0 (113249103)|STATEMENT_EXECUTE|[36]
16:20:20.0 (113252523)|STATEMENT_EXECUTE|[37]
16:20:20.0 (113274096)|HEAP_ALLOCATE|[37]|Bytes:4
16:20:20.0 (113294818)|VARIABLE_SCOPE_BEGIN|[37]|idMap|Map<Id,Id>|true|false
16:20:20.0 (113320696)|VARIABLE_ASSIGNMENT|[37]|idMap|{}|0x274ba8c
16:20:20.0 (113329695)|STATEMENT_EXECUTE|[38]
16:20:20.0 (113341664)|HEAP_ALLOCATE|[38]|Bytes:4
16:20:20.0 (113385121)|VARIABLE_SCOPE_BEGIN|[38]|deleteIdSet|Set<Id>|true|false
16:20:20.0 (113420761)|VARIABLE_ASSIGNMENT|[38]|deleteIdSet|[]|0x504caa9b
16:20:20.0 (113464482)|HEAP_ALLOCATE|[EXTERNAL]|Bytes:8
16:20:20.0 (113477868)|HEAP_ALLOCATE|[39]|Bytes:8
16:20:20.0 (113526768)|HEAP_ALLOCATE|[39]|Bytes:5
16:20:20.0 (113549731)|VARIABLE_SCOPE_BEGIN|[39]|program|SObject|true|false
16:20:20.0 (113565818)|VARIABLE_ASSIGNMENT|[39]|program|null|
16:20:20.0 (113573110)|STATEMENT_EXECUTE|[39]
16:20:20.0 (113701564)|HEAP_ALLOCATE|[40]|Bytes:41
16:20:20.0 (113732046)|METHOD_EXIT|[26]|01p8A00000H3LjP|ProgramRepeatProgam.copyProgram(Map<Id,SObject>)
16:20:20.0 (113748517)|SYSTEM_MODE_EXIT|false
16:20:20.0 (113765266)|METHOD_EXIT|[39]|01p8A00000H3LjP|ProgramRepeatProgam.TriggerHandlerBeforeUpdate(Map<Id,SObject>, Map<Id,SObject>)
16:20:20.0 (113778789)|METHOD_EXIT|[17]|01p8A00000H3HG0|TriggerHandler.TriggerHandlerBeforeUpdate(Map<Id,SObject>, Map<Id,SObject>)
16:20:20.0 (114035309)|FATAL_ERROR|System.NullPointerException: Attempt to de-reference a null object

Class.ProgramRepeatProgam.copyProgram: line 40, column 1
Class.ProgramRepeatProgam.TriggerHandlerBeforeUpdate: line 26, column 1
Class.TriggerHandler.TriggerHandlerBeforeUpdate: line 39, column 1
Trigger.ProgramTrigger: line 17, column 1
16:20:20.0 (114057662)|FATAL_ERROR|System.NullPointerException: Attempt to de-reference a null object

Class.ProgramRepeatProgam.copyProgram: line 40, column 1
Class.ProgramRepeatProgam.TriggerHandlerBeforeUpdate: line 26, column 1
Class.TriggerHandler.TriggerHandlerBeforeUpdate: line 39, column 1
Trigger.ProgramTrigger: line 17, column 1
16:20:20.114 (114166884)|CUMULATIVE_LIMIT_USAGE
16:20:20.114 (114166884)|LIMIT_USAGE_FOR_NS|(default)|
  Number of SOQL queries: 5 out of 100
  Number of query rows: 23 out of 50000
  Number of SOSL queries: 0 out of 20
  Number of DML statements: 0 out of 150
  Number of Publish Immediate DML: 0 out of 150
  Number of DML rows: 0 out of 10000
  Maximum CPU time: 0 out of 10000
  Maximum heap size: 0 out of 6000000
  Number of callouts: 0 out of 100
  Number of Email Invocations: 0 out of 10
  Number of future calls: 0 out of 50
  Number of queueable jobs added to the queue: 0 out of 50
  Number of Mobile Apex push calls: 0 out of 10

16:20:20.114 (114166884)|CUMULATIVE_LIMIT_USAGE_END

16:20:20.0 (114380002)|CODE_UNIT_FINISHED|ProgramTrigger on Program trigger event BeforeUpdate|__sfdc_trigger/ProgramTrigger
16:20:20.0 (149265118)|CODE_UNIT_FINISHED|TRIGGERS
16:20:20.0 (149292150)|EXECUTION_FINISHED
